TN:
SF:D:\project\core\meeko\index.js
FN:6,cFn
FN:132,ext
FN:198,(anonymous_2)
FN:215,(anonymous_3)
FN:230,log
FN:260,err
FN:286,strColor
FN:301,dir
FN:330,compare
FN:331,(anonymous_9)
FN:344,(anonymous_10)
FN:345,(anonymous_11)
FN:346,(anonymous_12)
FN:375,(anonymous_13)
FN:375,(anonymous_14)
FN:375,(anonymous_15)
FN:384,(anonymous_16)
FN:395,(anonymous_17)
FN:405,drawLine
FN:438,drawTable
FN:496,benchmark
FN:497,(anonymous_21)
FNF:22
FNH:21
FNDA:192,cFn
FNDA:6,ext
FNDA:7,(anonymous_2)
FNDA:60,(anonymous_3)
FNDA:58,log
FNDA:2,err
FNDA:170,strColor
FNDA:8,dir
FNDA:2,compare
FNDA:2,(anonymous_9)
FNDA:1,(anonymous_10)
FNDA:1,(anonymous_11)
FNDA:1,(anonymous_12)
FNDA:1,(anonymous_13)
FNDA:1,(anonymous_14)
FNDA:6,(anonymous_15)
FNDA:1,(anonymous_16)
FNDA:3,(anonymous_17)
FNDA:6,drawLine
FNDA:2,drawTable
FNDA:2,benchmark
FNDA:0,(anonymous_21)
DA:3,1
DA:4,1
DA:6,1
DA:25,192
DA:71,1
DA:78,1
DA:82,23
DA:85,14
DA:88,49
DA:91,1
DA:94,23
DA:97,1
DA:100,1
DA:103,5
DA:106,62
DA:109,4
DA:112,1
DA:115,6
DA:118,1
DA:121,1
DA:133,6
DA:134,5
DA:135,54
DA:136,54
DA:141,5
DA:143,1
DA:145,1
DA:147,1
DA:148,1
DA:149,1
DA:150,1
DA:151,1
DA:152,1
DA:153,1
DA:154,1
DA:155,1
DA:156,1
DA:157,1
DA:164,1
DA:180,1
DA:196,1
DA:204,7
DA:205,7
DA:206,7
DA:207,7
DA:215,1
DA:216,60
DA:217,60
DA:218,60
DA:220,1
DA:221,1
DA:224,1
DA:230,1
DA:231,58
DA:235,58
DA:244,58
DA:245,58
DA:246,60
DA:247,6
DA:249,54
DA:252,58
DA:253,58
DA:260,1
DA:261,2
DA:265,2
DA:274,2
DA:275,2
DA:276,4
DA:277,1
DA:279,3
DA:282,2
DA:283,2
DA:287,170
DA:288,1
DA:290,169
DA:291,1
DA:293,168
DA:301,1
DA:302,8
DA:303,11
DA:304,11
DA:316,11
DA:331,2
DA:332,2
DA:344,1
DA:345,1
DA:346,1
DA:347,1
DA:352,1
DA:353,1
DA:354,1
DA:355,1
DA:356,1
DA:357,1
DA:358,1
DA:359,1
DA:360,1
DA:361,1
DA:362,1
DA:363,1
DA:364,1
DA:365,1
DA:375,6
DA:383,1
DA:385,1
DA:395,3
DA:406,6
DA:407,6
DA:408,18
DA:409,18
DA:410,126
DA:413,6
DA:414,6
DA:415,6
DA:439,2
DA:440,2
DA:441,2
DA:442,2
DA:443,2
DA:444,2
DA:445,6
DA:446,6
DA:447,3
DA:449,3
DA:452,2
DA:453,2
DA:454,2
DA:455,2
DA:456,2
DA:457,6
DA:458,6
DA:459,18
DA:460,18
DA:461,18
DA:462,18
DA:463,9
DA:465,3
DA:466,3
DA:468,1
DA:469,1
DA:471,5
DA:474,9
DA:475,9
DA:478,6
DA:479,6
DA:481,2
DA:482,2
DA:496,1
DA:503,2
DA:504,2
DA:505,2
DA:506,2
DA:507,2
DA:508,2
DA:509,2
DA:510,20000
DA:511,20000
DA:512,20000
DA:513,20000
DA:514,20000
DA:515,20000
DA:517,2
DA:518,2
DA:519,2
DA:520,2
DA:533,1
DA:537,1
DA:568,1
LF:168
LH:168
BRDA:25,0,0,1
BRDA:25,0,1,191
BRDA:25,1,0,80
BRDA:25,1,1,112
BRDA:26,2,0,192
BRDA:26,2,1,0
BRDA:27,3,0,1
BRDA:27,3,1,191
BRDA:27,4,0,192
BRDA:27,4,1,0
BRDA:133,5,0,5
BRDA:133,5,1,1
BRDA:133,6,0,6
BRDA:133,6,1,5
BRDA:135,7,0,54
BRDA:135,7,1,0
BRDA:197,8,0,1
BRDA:197,8,1,1
BRDA:221,9,0,1
BRDA:221,9,1,0
BRDA:246,10,0,6
BRDA:246,10,1,54
BRDA:252,11,0,58
BRDA:252,11,1,0
BRDA:276,12,0,1
BRDA:276,12,1,3
BRDA:282,13,0,2
BRDA:282,13,1,0
BRDA:287,14,0,1
BRDA:287,14,1,169
BRDA:290,15,0,1
BRDA:290,15,1,168
BRDA:332,16,0,1
BRDA:332,16,1,1
BRDA:438,17,0,0
BRDA:438,18,0,1
BRDA:445,19,0,6
BRDA:445,19,1,0
BRDA:446,20,0,3
BRDA:446,20,1,3
BRDA:462,21,0,9
BRDA:462,21,1,9
BRDA:463,22,0,3
BRDA:463,22,1,1
BRDA:463,22,2,5
BRDA:474,23,0,0
BRDA:474,23,1,9
BRDA:497,24,0,0
BRDA:500,25,0,0
BRDA:501,26,0,0
BRDA:514,27,0,29
BRDA:514,27,1,19971
BRDA:515,28,0,19727
BRDA:515,28,1,273
BRDA:521,29,0,2
BRDA:521,29,1,0
BRF:56
BRH:43
end_of_record
TN:
SF:D:\project\core\meeko\lib\Mock.js
FN:9,genEnum
FN:23,genBool
FN:36,genWord
FN:52,genText
FN:72,genConstellation
FN:98,genBeautyText
FN:113,(anonymous_6)
FN:127,(anonymous_7)
FN:141,(anonymous_8)
FN:153,(anonymous_9)
FN:165,(anonymous_10)
FN:177,(anonymous_11)
FN:190,(anonymous_12)
FN:202,(anonymous_13)
FN:222,(anonymous_14)
FN:223,(anonymous_15)
FNF:16
FNH:16
FNDA:14,genEnum
FNDA:2,genBool
FNDA:24,genWord
FNDA:8,genText
FNDA:2,genConstellation
FNDA:2,genBeautyText
FNDA:2,(anonymous_6)
FNDA:6,(anonymous_7)
FNDA:2,(anonymous_8)
FNDA:2,(anonymous_9)
FNDA:2,(anonymous_10)
FNDA:2,(anonymous_11)
FNDA:2,(anonymous_12)
FNDA:4,(anonymous_13)
FNDA:4,(anonymous_14)
FNDA:40,(anonymous_15)
DA:2,1
DA:3,1
DA:21,14
DA:34,2
DA:49,24
DA:50,24
DA:64,8
DA:65,6
DA:66,6
DA:67,6
DA:68,6
DA:70,2
DA:83,2
DA:108,2
DA:109,2
DA:111,1
DA:125,2
DA:139,6
DA:151,2
DA:163,2
DA:175,2
DA:188,2
DA:200,2
DA:213,4
DA:223,40
DA:226,1
LF:26
LH:26
BRDA:9,0,0,2
BRDA:36,1,0,2
BRDA:52,2,0,2
BRDA:64,3,0,6
BRDA:64,3,1,2
BRDA:127,4,0,0
BRDA:127,5,0,0
BRDA:222,6,0,2
BRF:8
BRH:6
end_of_record
TN:
SF:D:\project\core\meeko\lib\NaiveBayes.js
FN:22,(anonymous_0)
FN:27,(anonymous_1)
FN:39,(anonymous_2)
FN:71,(anonymous_3)
FN:90,(anonymous_4)
FN:108,(anonymous_5)
FN:136,(anonymous_6)
FN:149,(anonymous_7)
FN:155,(anonymous_8)
FN:163,(anonymous_9)
FN:174,(anonymous_10)
FN:186,(anonymous_11)
FN:205,(anonymous_12)
FN:207,(anonymous_13)
FN:223,(anonymous_14)
FN:227,(anonymous_15)
FN:230,(anonymous_16)
FN:245,(anonymous_17)
FN:256,(anonymous_18)
FNF:19
FNH:19
FNDA:12,(anonymous_0)
FNDA:191,(anonymous_1)
FNDA:6,(anonymous_2)
FNDA:8,(anonymous_3)
FNDA:8,(anonymous_4)
FNDA:159,(anonymous_5)
FNDA:4,(anonymous_6)
FNDA:4,(anonymous_7)
FNDA:8,(anonymous_8)
FNDA:84,(anonymous_9)
FNDA:4,(anonymous_10)
FNDA:84,(anonymous_11)
FNDA:12,(anonymous_12)
FNDA:208,(anonymous_13)
FNDA:1,(anonymous_14)
FNDA:1,(anonymous_15)
FNDA:7,(anonymous_16)
FNDA:2,(anonymous_17)
FNDA:7,(anonymous_18)
DA:9,1
DA:22,1
DA:24,12
DA:26,12
DA:27,191
DA:40,6
DA:41,6
DA:42,5
DA:43,3
DA:44,3
DA:46,2
DA:49,3
DA:51,3
DA:53,3
DA:55,3
DA:57,3
DA:59,3
DA:61,3
DA:72,8
DA:73,2
DA:74,2
DA:75,2
DA:76,2
DA:78,8
DA:92,8
DA:95,8
DA:97,8
DA:99,8
DA:101,8
DA:108,8
DA:110,159
DA:111,122
DA:113,159
DA:115,159
DA:116,129
DA:118,30
DA:122,159
DA:124,8
DA:137,4
DA:151,4
DA:152,4
DA:155,4
DA:159,8
DA:161,8
DA:163,8
DA:164,84
DA:165,84
DA:168,84
DA:170,8
DA:174,4
DA:188,84
DA:190,84
DA:192,84
DA:206,12
DA:207,12
DA:208,208
DA:209,201
DA:211,7
DA:214,12
DA:224,1
DA:228,1
DA:229,1
DA:230,1
DA:231,7
DA:233,1
DA:246,2
DA:247,2
DA:249,1
DA:250,1
DA:252,1
DA:254,1
DA:256,1
DA:257,7
DA:258,6
DA:260,1
DA:263,1
DA:266,1
LF:77
LH:77
BRDA:41,0,0,5
BRDA:41,0,1,1
BRDA:42,1,0,3
BRDA:42,1,1,2
BRDA:42,2,0,5
BRDA:42,2,1,4
BRDA:42,2,2,3
BRDA:49,3,0,3
BRDA:49,3,1,3
BRDA:72,4,0,2
BRDA:72,4,1,6
BRDA:110,5,0,122
BRDA:110,5,1,37
BRDA:115,6,0,129
BRDA:115,6,1,30
BRDA:137,7,0,0
BRDA:137,7,1,4
BRDA:188,8,0,84
BRDA:188,8,1,59
BRDA:208,9,0,201
BRDA:208,9,1,7
BRDA:252,10,0,1
BRDA:252,10,1,1
BRDA:257,11,0,6
BRDA:257,11,1,1
BRF:25
BRH:24
end_of_record
TN:
SF:D:\project\core\meeko\lib\Spinner.js
FN:7,(anonymous_0)
FN:15,(anonymous_1)
FN:28,(anonymous_2)
FN:40,(anonymous_3)
FN:50,(anonymous_4)
FNF:5
FNH:5
FNDA:2,(anonymous_0)
FNDA:2,(anonymous_1)
FNDA:3,(anonymous_2)
FNDA:2,(anonymous_3)
FNDA:3,(anonymous_4)
DA:8,2
DA:9,2
DA:10,2
DA:11,2
DA:25,2
DA:39,3
DA:40,3
DA:41,2
DA:43,2
DA:60,3
DA:61,3
DA:62,3
DA:63,3
DA:70,1
LF:14
LH:14
BRDA:7,0,0,1
BRDA:44,1,0,2
BRDA:44,1,1,1
BRF:3
BRH:3
end_of_record
TN:
SF:D:\project\core\meeko\lib\array.js
FN:8,(anonymous_0)
FN:9,(anonymous_1)
FN:38,(anonymous_2)
FN:84,(anonymous_3)
FN:85,(anonymous_4)
FN:119,(anonymous_5)
FN:152,(anonymous_6)
FN:190,(anonymous_7)
FN:191,(anonymous_8)
FN:247,(anonymous_9)
FN:275,(anonymous_10)
FN:276,(anonymous_11)
FN:290,(anonymous_12)
FN:292,(anonymous_13)
FN:295,(anonymous_14)
FN:309,(anonymous_15)
FNF:16
FNH:15
FNDA:4,(anonymous_0)
FNDA:11,(anonymous_1)
FNDA:21,(anonymous_2)
FNDA:0,(anonymous_3)
FNDA:6,(anonymous_4)
FNDA:15,(anonymous_5)
FNDA:20,(anonymous_6)
FNDA:14,(anonymous_7)
FNDA:20,(anonymous_8)
FNDA:27,(anonymous_9)
FNDA:21,(anonymous_10)
FNDA:21,(anonymous_11)
FNDA:13,(anonymous_12)
FNDA:1,(anonymous_13)
FNDA:4,(anonymous_14)
FNDA:5,(anonymous_15)
DA:7,1
DA:8,1
DA:9,11
DA:11,1
DA:24,2
DA:38,21
DA:52,4
DA:53,4
DA:66,2
DA:69,1
DA:72,1
DA:84,2
DA:86,6
DA:87,6
DA:103,1
DA:106,1
DA:107,1
DA:108,1
DA:109,7
DA:110,7
DA:111,7
DA:112,7
DA:113,14
DA:115,7
DA:116,7
DA:117,7
DA:118,3
DA:119,3
DA:120,15
DA:121,15
DA:123,3
DA:124,3
DA:126,3
DA:127,3
DA:129,3
DA:131,3
DA:133,3
DA:137,3
DA:139,3
DA:143,3
DA:146,15
DA:149,4
DA:150,4
DA:151,4
DA:152,4
DA:153,20
DA:154,20
DA:156,4
DA:157,4
DA:159,4
DA:160,4
DA:162,4
DA:163,4
DA:165,4
DA:166,4
DA:168,4
DA:169,4
DA:172,20
DA:176,1
DA:177,4
DA:178,4
DA:179,4
DA:180,8
DA:182,4
DA:183,20
DA:185,4
DA:187,1
DA:190,5
DA:191,14
DA:192,20
DA:194,15
DA:197,15
DA:199,20
DA:204,21
DA:205,1
DA:207,20
DA:208,1
DA:210,19
DA:211,52
DA:212,3
DA:213,1
DA:215,49
DA:217,1
DA:220,17
DA:233,11
DA:247,27
DA:261,3
DA:275,21
DA:276,21
DA:290,13
DA:293,1
DA:296,4
DA:309,5
DA:312,2
DA:313,2
DA:314,4
DA:315,4
DA:317,2
DA:320,2
DA:321,2
DA:322,2
DA:323,4
DA:325,2
DA:340,2
DA:341,2
DA:344,1
LF:106
LH:106
BRDA:9,0,0,3
BRDA:9,0,1,8
BRDA:12,1,0,1
BRDA:38,2,0,3
BRDA:38,2,1,18
BRDA:84,3,0,2
BRDA:84,3,1,0
BRDA:86,4,0,6
BRDA:86,4,1,4
BRDA:105,5,0,0
BRDA:105,6,0,0
BRDA:113,7,0,14
BRDA:113,7,1,0
BRDA:117,8,0,3
BRDA:117,8,1,4
BRDA:120,9,0,15
BRDA:120,9,1,0
BRDA:121,10,0,3
BRDA:121,10,1,3
BRDA:121,10,2,3
BRDA:121,10,3,3
BRDA:121,10,4,3
BRDA:121,10,5,0
BRDA:134,11,0,1
BRDA:134,11,1,2
BRDA:140,12,0,0
BRDA:140,12,1,3
BRDA:153,13,0,20
BRDA:153,13,1,0
BRDA:154,14,0,4
BRDA:154,14,1,4
BRDA:154,14,2,4
BRDA:154,14,3,4
BRDA:154,14,4,4
BRDA:154,14,5,0
BRDA:189,15,0,2
BRDA:192,16,0,15
BRDA:192,16,1,5
BRDA:194,17,0,8
BRDA:194,17,1,7
BRDA:194,18,0,15
BRDA:194,18,1,15
BRDA:197,19,0,7
BRDA:197,19,1,8
BRDA:197,20,0,7
BRDA:197,20,1,1
BRDA:204,21,0,1
BRDA:204,21,1,20
BRDA:207,22,0,1
BRDA:207,22,1,19
BRDA:211,23,0,3
BRDA:211,23,1,49
BRDA:211,24,0,52
BRDA:211,24,1,3
BRDA:212,25,0,1
BRDA:212,25,1,2
BRDA:215,26,0,1
BRDA:215,26,1,48
BRDA:215,27,0,49
BRDA:215,27,1,8
BRDA:215,27,2,1
BRDA:235,28,0,1
BRDA:249,29,0,1
BRDA:263,30,0,1
BRDA:278,31,0,0
BRDA:327,32,0,1
BRDA:327,33,0,1
BRF:67
BRH:57
end_of_record
TN:
SF:D:\project\core\meeko\lib\buf.js
FN:11,(anonymous_0)
FN:22,(anonymous_1)
FN:23,(anonymous_2)
FNF:3
FNH:3
FNDA:1,(anonymous_0)
FNDA:1,(anonymous_1)
FNDA:3,(anonymous_2)
DA:7,1
DA:9,1
DA:11,1
DA:12,1
DA:13,1
DA:14,1
DA:15,3
DA:16,3
DA:18,1
DA:19,1
DA:22,1
DA:23,3
DA:26,1
LF:13
LH:13
BRDA:11,0,0,0
BRDA:22,1,0,0
BRF:2
BRH:0
end_of_record
TN:
SF:D:\project\core\meeko\lib\date.js
FN:7,(anonymous_0)
FN:27,(anonymous_1)
FN:70,(anonymous_2)
FN:104,(anonymous_3)
FNF:4
FNH:4
FNDA:209,(anonymous_0)
FNDA:103,(anonymous_1)
FNDA:19,(anonymous_2)
FNDA:3,(anonymous_3)
DA:7,1
DA:8,209
DA:21,209
DA:22,209
DA:23,209
DA:24,209
DA:27,1
DA:39,103
DA:53,103
DA:54,102
DA:59,103
DA:60,1236
DA:61,510
DA:67,103
DA:70,1
DA:83,19
DA:84,19
DA:95,19
DA:99,19
DA:102,19
DA:104,3
DA:106,1
DA:108,3
DA:111,9
DA:114,3
DA:117,94
DA:131,3
DA:132,3
DA:133,3
DA:134,3
DA:135,3
DA:136,3
DA:139,18
DA:142,1
LF:34
LH:34
BRDA:27,0,0,96
BRDA:53,1,0,102
BRDA:53,1,1,1
BRDA:60,2,0,510
BRDA:60,2,1,726
BRDA:63,3,0,2
BRDA:63,3,1,508
BRDA:100,4,0,19
BRDA:100,4,1,14
BRDA:119,5,0,2
BRDA:133,6,0,2
BRDA:133,6,1,1
BRDA:134,7,0,2
BRDA:134,7,1,1
BRDA:135,8,0,3
BRDA:135,8,1,2
BRF:16
BRH:16
end_of_record
TN:
SF:D:\project\core\meeko\lib\function.js
FNF:0
FNH:0
DA:7,1
DA:22,1
DA:23,1
DA:24,1
DA:25,1
DA:26,1
LF:6
LH:6
BRDA:21,0,0,1
BRDA:21,1,0,1
BRF:2
BRH:2
end_of_record
TN:
SF:D:\project\core\meeko\lib\math.js
FN:10,(anonymous_0)
FN:22,(anonymous_1)
FN:24,(anonymous_2)
FN:36,(anonymous_3)
FN:38,(anonymous_4)
FN:52,(anonymous_5)
FN:52,(anonymous_6)
FN:54,(anonymous_7)
FN:68,(anonymous_8)
FN:69,(anonymous_9)
FN:71,(anonymous_10)
FN:72,(anonymous_11)
FN:74,(anonymous_12)
FN:97,(anonymous_13)
FN:108,(anonymous_14)
FN:122,(anonymous_15)
FN:133,(anonymous_16)
FN:138,(anonymous_17)
FN:162,(anonymous_18)
FN:179,(anonymous_19)
FN:195,(anonymous_20)
FN:201,(anonymous_21)
FN:217,(anonymous_22)
FN:223,(anonymous_23)
FN:236,(anonymous_24)
FN:242,(anonymous_25)
FN:258,(anonymous_26)
FN:264,(anonymous_27)
FN:279,(anonymous_28)
FN:285,(anonymous_29)
FN:300,(anonymous_30)
FN:315,(anonymous_31)
FN:329,(anonymous_32)
FN:335,(anonymous_33)
FN:347,(anonymous_34)
FN:350,(anonymous_35)
FN:356,(anonymous_36)
FN:372,(anonymous_37)
FN:388,(anonymous_38)
FN:403,(anonymous_39)
FN:407,(anonymous_40)
FN:415,(anonymous_41)
FN:430,(anonymous_42)
FN:442,(anonymous_43)
FN:457,(anonymous_44)
FN:466,(anonymous_45)
FN:481,(anonymous_46)
FN:485,(anonymous_47)
FN:491,(anonymous_48)
FN:510,(anonymous_49)
FN:522,(anonymous_50)
FN:523,(anonymous_51)
FN:525,(anonymous_52)
FN:584,(anonymous_53)
FN:595,(anonymous_54)
FN:607,(anonymous_55)
FN:608,(anonymous_56)
FN:645,(anonymous_57)
FNF:58
FNH:58
FNDA:2,(anonymous_0)
FNDA:12,(anonymous_1)
FNDA:2,(anonymous_2)
FNDA:12,(anonymous_3)
FNDA:1,(anonymous_4)
FNDA:52,(anonymous_5)
FNDA:728,(anonymous_6)
FNDA:51,(anonymous_7)
FNDA:1,(anonymous_8)
FNDA:2660,(anonymous_9)
FNDA:1,(anonymous_10)
FNDA:399,(anonymous_11)
FNDA:21,(anonymous_12)
FNDA:95,(anonymous_13)
FNDA:7,(anonymous_14)
FNDA:6,(anonymous_15)
FNDA:47,(anonymous_16)
FNDA:1,(anonymous_17)
FNDA:11,(anonymous_18)
FNDA:7,(anonymous_19)
FNDA:47,(anonymous_20)
FNDA:6,(anonymous_21)
FNDA:38,(anonymous_22)
FNDA:1,(anonymous_23)
FNDA:7,(anonymous_24)
FNDA:1,(anonymous_25)
FNDA:7,(anonymous_26)
FNDA:1,(anonymous_27)
FNDA:7,(anonymous_28)
FNDA:3,(anonymous_29)
FNDA:1,(anonymous_30)
FNDA:1,(anonymous_31)
FNDA:7,(anonymous_32)
FNDA:1,(anonymous_33)
FNDA:6,(anonymous_34)
FNDA:7,(anonymous_35)
FNDA:1,(anonymous_36)
FNDA:1,(anonymous_37)
FNDA:1,(anonymous_38)
FNDA:6,(anonymous_39)
FNDA:6,(anonymous_40)
FNDA:1,(anonymous_41)
FNDA:6,(anonymous_42)
FNDA:1,(anonymous_43)
FNDA:6,(anonymous_44)
FNDA:1,(anonymous_45)
FNDA:6,(anonymous_46)
FNDA:6,(anonymous_47)
FNDA:2,(anonymous_48)
FNDA:11,(anonymous_49)
FNDA:1,(anonymous_50)
FNDA:2,(anonymous_51)
FNDA:1,(anonymous_52)
FNDA:9,(anonymous_53)
FNDA:9,(anonymous_54)
FNDA:9,(anonymous_55)
FNDA:9,(anonymous_56)
FNDA:1400,(anonymous_57)
DA:7,1
DA:8,1
DA:10,1
DA:22,12
DA:24,1
DA:36,12
DA:38,1
DA:50,1
DA:52,728
DA:54,1
DA:65,51
DA:66,51
DA:68,1
DA:69,2660
DA:71,1
DA:72,399
DA:74,1
DA:97,95
DA:98,21
DA:100,21
DA:102,21
DA:103,10
DA:105,11
DA:108,1
DA:120,7
DA:122,1
DA:133,6
DA:134,47
DA:135,47
DA:138,1
DA:150,1
DA:151,1
DA:152,1
DA:153,1
DA:154,3
DA:155,1
DA:156,1
DA:157,1
DA:160,1
DA:162,1
DA:163,11
DA:171,11
DA:172,291
DA:173,291
DA:174,291
DA:176,11
DA:179,1
DA:192,7
DA:193,7
DA:194,7
DA:196,47
DA:201,1
DA:214,6
DA:215,6
DA:216,6
DA:218,38
DA:223,1
DA:235,1
DA:236,1
DA:238,7
DA:242,1
DA:255,1
DA:256,1
DA:259,7
DA:264,1
DA:277,1
DA:278,1
DA:280,7
DA:285,1
DA:297,3
DA:300,1
DA:312,1
DA:315,1
DA:327,1
DA:328,1
DA:330,7
DA:335,1
DA:347,6
DA:348,1
DA:349,1
DA:351,7
DA:356,1
DA:368,1
DA:369,1
DA:372,1
DA:384,1
DA:385,1
DA:388,1
DA:400,1
DA:401,1
DA:403,1
DA:404,6
DA:406,1
DA:408,6
DA:412,1
DA:415,1
DA:427,1
DA:428,1
DA:430,1
DA:431,6
DA:436,1
DA:442,1
DA:454,1
DA:455,1
DA:457,1
DA:458,6
DA:463,1
DA:466,1
DA:478,1
DA:479,1
DA:481,1
DA:482,6
DA:485,1
DA:486,6
DA:488,1
DA:491,1
DA:503,2
DA:504,2
DA:505,2
DA:506,2
DA:507,2
DA:510,1
DA:511,11
DA:512,1
DA:513,10
DA:514,1
DA:516,9
DA:517,123
DA:519,9
DA:522,1
DA:523,2
DA:525,1
DA:528,1
DA:534,1
DA:545,2
DA:546,2
DA:547,2
DA:571,4
DA:572,4
DA:573,4
DA:574,4
DA:575,4
DA:584,9
DA:585,1
DA:586,1
DA:595,9
DA:596,1
DA:597,1
DA:606,1
DA:607,9
DA:608,9
DA:610,1
DA:611,1
DA:621,1
DA:622,1
DA:623,1
DA:624,7
DA:625,7
DA:626,49
DA:627,49
DA:628,49
DA:629,9800
DA:630,9800
DA:632,49
DA:633,7
DA:635,49
DA:637,7
DA:639,1
DA:640,1
DA:641,1
DA:642,1
DA:643,1
DA:644,200
DA:645,200
DA:646,1400
DA:647,1400
DA:648,7
DA:651,200
DA:652,200
DA:654,1
DA:655,1
DA:686,3
DA:687,3
DA:688,3
DA:714,1
DA:715,1
DA:716,1
DA:739,2
DA:741,2
DA:747,2
DA:748,2
DA:749,18
DA:750,164
DA:751,18
DA:753,146
DA:754,44
DA:756,146
DA:757,100
DA:761,2
DA:762,18
DA:763,18
DA:764,0
DA:767,2
DA:768,17
DA:769,17
DA:770,1
DA:774,2
DA:775,2
DA:776,2
DA:777,2
LF:210
LH:209
BRDA:22,0,0,10
BRDA:22,0,1,2
BRDA:36,1,0,10
BRDA:36,1,1,2
BRDA:74,2,0,9
BRDA:74,3,0,21
BRDA:100,4,0,21
BRDA:100,4,1,0
BRDA:101,5,0,21
BRDA:101,5,1,0
BRDA:102,6,0,10
BRDA:102,6,1,11
BRDA:122,7,0,0
BRDA:134,8,0,5
BRDA:134,8,1,42
BRDA:154,9,0,1
BRDA:154,9,1,2
BRDA:511,10,0,1
BRDA:511,10,1,10
BRDA:513,11,0,1
BRDA:513,11,1,9
BRDA:513,12,0,10
BRDA:513,12,1,9
BRDA:533,13,0,1
BRDA:547,14,0,2
BRDA:547,14,1,1
BRDA:569,15,0,0
BRDA:569,16,0,0
BRDA:582,17,0,0
BRDA:582,18,0,0
BRDA:593,19,0,0
BRDA:593,20,0,0
BRDA:604,21,0,0
BRDA:604,22,0,0
BRDA:618,23,0,0
BRDA:618,24,0,0
BRDA:618,25,0,0
BRDA:632,26,0,7
BRDA:632,26,1,42
BRDA:647,27,0,7
BRDA:647,27,1,1393
BRDA:648,28,0,6
BRDA:648,28,1,1
BRDA:664,29,0,0
BRDA:664,30,0,0
BRDA:690,31,0,0
BRDA:690,32,0,0
BRDA:718,33,0,0
BRDA:718,34,0,0
BRDA:750,35,0,18
BRDA:750,35,1,146
BRDA:753,36,0,44
BRDA:753,36,1,102
BRDA:753,37,0,146
BRDA:753,37,1,73
BRDA:753,37,2,124
BRDA:753,37,3,73
BRDA:756,38,0,100
BRDA:756,38,1,46
BRDA:756,39,0,146
BRDA:756,39,1,73
BRDA:756,39,2,96
BRDA:756,39,3,73
BRDA:763,40,0,0
BRDA:763,40,1,18
BRDA:769,41,0,1
BRDA:769,41,1,16
BRF:67
BRH:46
end_of_record
TN:
SF:D:\project\core\meeko\lib\mathAlgebra.js
FN:9,(anonymous_0)
FN:56,(anonymous_1)
FN:65,(anonymous_2)
FN:68,(anonymous_3)
FN:83,(anonymous_4)
FNF:5
FNH:5
FNDA:2,(anonymous_0)
FNDA:2,(anonymous_1)
FNDA:1,(anonymous_2)
FNDA:7,(anonymous_3)
FNDA:4,(anonymous_4)
DA:7,1
DA:9,1
DA:17,2
DA:19,2
DA:21,11
DA:22,11
DA:23,27
DA:24,4
DA:25,4
DA:29,11
DA:30,49
DA:31,49
DA:32,49
DA:35,11
DA:36,27
DA:37,27
DA:38,159
DA:39,27
DA:41,132
DA:47,2
DA:48,2
DA:49,11
DA:50,11
DA:51,27
DA:54,2
DA:56,1
DA:58,2
DA:59,6
DA:60,6
DA:61,6
DA:63,2
DA:65,1
DA:66,1
DA:68,1
DA:69,7
DA:70,1
DA:72,6
DA:73,1
DA:75,5
DA:76,5
DA:77,2629
DA:78,4
DA:81,1
DA:83,1
DA:84,4
DA:85,4
DA:86,4
DA:87,7
DA:88,7
DA:89,3
DA:90,3
DA:92,4
DA:93,4
DA:96,1
DA:98,1
DA:100,1
LF:56
LH:56
BRDA:23,0,0,4
BRDA:23,0,1,23
BRDA:38,1,0,27
BRDA:38,1,1,132
BRDA:69,2,0,1
BRDA:69,2,1,6
BRDA:69,3,0,7
BRDA:69,3,1,7
BRDA:72,4,0,1
BRDA:72,4,1,5
BRDA:77,5,0,4
BRDA:77,5,1,2625
BRDA:88,6,0,3
BRDA:88,6,1,4
BRF:14
BRH:14
end_of_record
TN:
SF:D:\project\core\meeko\lib\mathRand.js
FN:11,(anonymous_0)
FN:32,(anonymous_1)
FN:64,(anonymous_2)
FN:68,(anonymous_3)
FN:89,(anonymous_4)
FN:93,(anonymous_5)
FN:96,(anonymous_6)
FN:135,(anonymous_7)
FN:144,(anonymous_8)
FN:147,(anonymous_9)
FN:150,(anonymous_10)
FN:161,(anonymous_11)
FN:164,(anonymous_12)
FN:170,(anonymous_13)
FN:179,(anonymous_14)
FN:187,(anonymous_15)
FN:190,(anonymous_16)
FN:193,(anonymous_17)
FN:200,(anonymous_18)
FN:206,(anonymous_19)
FN:209,(anonymous_20)
FN:212,(anonymous_21)
FN:213,(anonymous_22)
FN:228,(anonymous_23)
FN:231,(anonymous_24)
FN:234,(anonymous_25)
FN:237,(anonymous_26)
FN:240,(anonymous_27)
FN:243,(anonymous_28)
FN:246,(anonymous_29)
FN:255,(anonymous_30)
FN:258,(anonymous_31)
FN:265,(anonymous_32)
FN:268,(anonymous_33)
FN:280,(anonymous_34)
FN:288,(anonymous_35)
FN:291,(anonymous_36)
FN:300,(anonymous_37)
FNF:38
FNH:38
FNDA:142,(anonymous_0)
FNDA:434,(anonymous_1)
FNDA:1,(anonymous_2)
FNDA:3,(anonymous_3)
FNDA:1,(anonymous_4)
FNDA:9,(anonymous_5)
FNDA:24,(anonymous_6)
FNDA:3,(anonymous_7)
FNDA:1,(anonymous_8)
FNDA:30,(anonymous_9)
FNDA:1,(anonymous_10)
FNDA:4,(anonymous_11)
FNDA:1,(anonymous_12)
FNDA:7,(anonymous_13)
FNDA:2,(anonymous_14)
FNDA:1,(anonymous_15)
FNDA:1,(anonymous_16)
FNDA:6,(anonymous_17)
FNDA:1,(anonymous_18)
FNDA:1,(anonymous_19)
FNDA:1,(anonymous_20)
FNDA:1,(anonymous_21)
FNDA:2,(anonymous_22)
FNDA:1,(anonymous_23)
FNDA:1,(anonymous_24)
FNDA:1,(anonymous_25)
FNDA:1,(anonymous_26)
FNDA:1,(anonymous_27)
FNDA:1,(anonymous_28)
FNDA:6,(anonymous_29)
FNDA:1,(anonymous_30)
FNDA:1,(anonymous_31)
FNDA:11,(anonymous_32)
FNDA:1,(anonymous_33)
FNDA:2,(anonymous_34)
FNDA:1,(anonymous_35)
FNDA:1,(anonymous_36)
FNDA:1,(anonymous_37)
DA:2,1
DA:8,1
DA:9,1
DA:10,1
DA:11,1
DA:30,142
DA:32,1
DA:45,434
DA:46,2
DA:48,434
DA:49,434
DA:50,563
DA:51,563
DA:53,434
DA:56,1
DA:64,1
DA:65,1
DA:66,1
DA:68,1
DA:81,3
DA:82,3
DA:83,3
DA:84,3
DA:87,3
DA:89,1
DA:90,1
DA:91,1
DA:93,1
DA:94,9
DA:96,1
DA:97,24
DA:98,24
DA:99,24
DA:100,24
DA:101,24
DA:102,24
DA:104,24
DA:105,6
DA:106,7
DA:107,7
DA:108,1
DA:109,1
DA:110,1
DA:113,6
DA:114,6
DA:115,5
DA:119,18
DA:120,8
DA:122,10
DA:123,11
DA:124,11
DA:125,11
DA:126,11
DA:127,11
DA:128,11
DA:129,11
DA:130,10
DA:135,1
DA:136,3
DA:137,1
DA:139,2
DA:140,2
DA:142,2
DA:144,1
DA:145,1
DA:147,1
DA:148,30
DA:150,1
DA:153,1
DA:155,1
DA:156,1
DA:157,1
DA:159,1
DA:161,1
DA:162,4
DA:164,1
DA:165,1
DA:167,1
DA:168,1
DA:170,1
DA:171,7
DA:173,7
DA:174,7
DA:175,4
DA:177,7
DA:179,1
DA:180,2
DA:181,2
DA:182,2
DA:183,1
DA:185,2
DA:187,1
DA:188,1
DA:190,1
DA:191,1
DA:193,1
DA:194,6
DA:195,3
DA:197,3
DA:200,1
DA:201,1
DA:202,1
DA:204,1
DA:206,1
DA:207,1
DA:209,1
DA:210,1
DA:212,1
DA:213,1
DA:214,2
DA:215,1
DA:217,1
DA:218,1
DA:219,1
DA:220,1
DA:223,1
DA:224,1
DA:226,1
DA:228,1
DA:229,1
DA:231,1
DA:232,1
DA:234,1
DA:235,1
DA:237,1
DA:238,1
DA:240,1
DA:241,1
DA:243,1
DA:244,1
DA:246,1
DA:247,6
DA:248,6
DA:249,6
DA:250,2
DA:252,4
DA:255,1
DA:256,1
DA:258,1
DA:259,1
DA:260,1
DA:261,10
DA:263,1
DA:265,1
DA:266,11
DA:268,1
DA:269,1
DA:270,1
DA:271,6
DA:272,6
DA:273,4
DA:274,4
DA:278,1
DA:280,1
DA:281,2
DA:282,2
DA:283,10
DA:286,2
DA:288,1
DA:289,1
DA:291,1
DA:292,1
DA:294,1
DA:295,8
DA:298,1
DA:300,1
DA:301,1
DA:303,1
LF:168
LH:168
BRDA:45,0,0,2
BRDA:45,0,1,432
BRDA:52,1,0,563
BRDA:52,1,1,434
BRDA:68,2,0,0
BRDA:68,3,0,0
BRDA:104,4,0,6
BRDA:104,4,1,18
BRDA:107,5,0,1
BRDA:107,5,1,6
BRDA:109,6,0,1
BRDA:109,6,1,0
BRDA:114,7,0,5
BRDA:114,7,1,1
BRDA:119,8,0,8
BRDA:119,8,1,10
BRDA:129,9,0,10
BRDA:129,9,1,1
BRDA:129,10,0,11
BRDA:129,10,1,3
BRDA:136,11,0,1
BRDA:136,11,1,2
BRDA:148,12,0,15
BRDA:148,12,1,15
BRDA:174,13,0,4
BRDA:174,13,1,3
BRDA:194,14,0,3
BRDA:194,14,1,3
BRDA:214,15,0,1
BRDA:214,15,1,1
BRDA:214,16,0,2
BRDA:214,16,1,1
BRDA:249,17,0,2
BRDA:249,17,1,4
BRDA:272,18,0,4
BRDA:272,18,1,2
BRF:36
BRH:33
end_of_record
TN:
SF:D:\project\core\meeko\lib\number.js
FNF:0
FNH:0
DA:7,1
DA:20,6
DA:21,6
DA:37,5
DA:38,5
DA:39,2
DA:41,3
DA:45,3
DA:48,3
DA:61,4
DA:63,1
DA:64,3
DA:66,1
DA:69,2
DA:71,2
DA:72,2
DA:73,1
DA:76,1
LF:18
LH:18
BRDA:20,0,0,6
BRDA:20,0,1,3
BRDA:24,1,0,2
BRDA:24,2,0,3
BRDA:38,3,0,2
BRDA:38,3,1,3
BRDA:39,4,0,1
BRDA:39,4,1,1
BRDA:42,5,0,1
BRDA:42,5,1,2
BRDA:46,6,0,1
BRDA:46,6,1,2
BRDA:48,7,0,1
BRDA:48,7,1,2
BRDA:48,8,0,2
BRDA:48,8,1,1
BRDA:61,9,0,1
BRDA:61,9,1,3
BRDA:64,10,0,1
BRDA:64,10,1,2
BRDA:72,11,0,1
BRDA:72,11,1,1
BRF:22
BRH:22
end_of_record
TN:
SF:D:\project\core\meeko\lib\reg.js
FN:7,(anonymous_0)
FNF:1
FNH:1
FNDA:9,(anonymous_0)
DA:1,1
DA:7,1
DA:19,9
DA:22,1
DA:23,1
LF:5
LH:5
BRF:0
BRH:0
end_of_record
TN:
SF:D:\project\core\meeko\lib\requireDir.js
FN:8,identity
FN:12,requireAll
FN:30,filterFile
FN:45,(anonymous_3)
FNF:4
FNH:4
FNDA:28,identity
FNDA:9,requireAll
FNDA:59,filterFile
FNDA:64,(anonymous_3)
DA:7,1
DA:9,28
DA:12,1
DA:24,9
DA:25,9
DA:26,9
DA:27,9
DA:28,9
DA:31,59
DA:32,31
DA:35,28
DA:36,28
DA:37,14
DA:40,14
DA:43,9
DA:45,8
DA:46,64
DA:47,64
DA:48,5
DA:55,5
DA:56,5
DA:59,0
DA:61,59
DA:62,59
DA:63,45
DA:66,14
DA:70,8
LF:27
LH:26
BRDA:24,0,0,2
BRDA:24,0,1,7
BRDA:25,1,0,9
BRDA:25,1,1,2
BRDA:27,2,0,9
BRDA:27,2,1,4
BRDA:28,3,0,9
BRDA:28,3,1,3
BRDA:31,4,0,31
BRDA:31,4,1,28
BRDA:36,5,0,14
BRDA:36,5,1,14
BRDA:40,6,0,14
BRDA:40,6,1,0
BRDA:47,7,0,5
BRDA:47,7,1,59
BRDA:55,8,0,5
BRDA:55,8,1,0
BRDA:62,9,0,45
BRDA:62,9,1,14
BRF:20
BRH:18
end_of_record
TN:
SF:D:\project\core\meeko\lib\string.js
FN:145,(anonymous_0)
FN:216,(anonymous_1)
FN:290,(anonymous_2)
FN:385,(anonymous_3)
FNF:4
FNH:4
FNDA:3,(anonymous_0)
FNDA:4,(anonymous_1)
FNDA:4,(anonymous_2)
FNDA:2,(anonymous_3)
DA:7,1
DA:8,1
DA:21,3
DA:39,39
DA:40,39
DA:41,39
DA:57,9
DA:58,9
DA:60,9
DA:61,9
DA:62,4
DA:63,4
DA:65,9
DA:66,8
DA:67,8
DA:68,2
DA:70,8
DA:71,8
DA:72,8
DA:73,8
DA:74,14
DA:76,8
DA:77,7
DA:79,8
DA:80,1
DA:82,8
DA:84,1
DA:99,1234
DA:113,1
DA:117,4
DA:118,2
DA:119,2
DA:121,2
DA:123,4
DA:124,4
DA:137,1
DA:145,1
DA:146,3
DA:161,1
DA:179,1
DA:195,10038
DA:196,1
DA:198,10037
DA:212,1
DA:213,1
DA:214,4
DA:216,1
DA:217,4
DA:231,310
DA:245,1
DA:261,95
DA:262,95
DA:290,2
DA:291,4
DA:307,6
DA:308,6
DA:326,2
DA:327,2
DA:328,1
DA:330,1
DA:346,4
DA:347,2
DA:353,2
DA:369,2
DA:384,2
DA:385,2
DA:386,2
LF:67
LH:67
BRDA:24,0,0,29
BRDA:40,1,0,36
BRDA:40,1,1,3
BRDA:41,2,0,30
BRDA:41,2,1,9
BRDA:44,3,0,2
BRDA:61,4,0,4
BRDA:61,4,1,5
BRDA:65,5,0,8
BRDA:65,5,1,1
BRDA:67,6,0,2
BRDA:67,6,1,6
BRDA:76,7,0,7
BRDA:76,7,1,1
BRDA:79,8,0,1
BRDA:79,8,1,7
BRDA:117,9,0,2
BRDA:117,9,1,2
BRDA:124,10,0,2
BRDA:124,10,1,2
BRDA:195,11,0,1
BRDA:195,11,1,10037
BRDA:198,12,0,10037
BRDA:198,12,1,0
BRDA:217,13,0,4
BRDA:217,13,1,0
BRDA:279,14,0,1
BRDA:327,15,0,1
BRDA:327,15,1,1
BRDA:346,16,0,2
BRDA:346,16,1,2
BRF:31
BRH:29
end_of_record
TN:
SF:D:\project\core\meeko\lib\tpl.js
FN:4,(anonymous_0)
FN:34,(anonymous_1)
FN:37,(anonymous_2)
FN:52,(anonymous_3)
FN:55,(anonymous_4)
FN:64,(anonymous_5)
FN:68,(anonymous_6)
FN:70,(anonymous_7)
FN:75,(anonymous_8)
FNF:9
FNH:8
FNDA:1,(anonymous_0)
FNDA:7,(anonymous_1)
FNDA:6,(anonymous_2)
FNDA:1,(anonymous_3)
FNDA:8,(anonymous_4)
FNDA:7,(anonymous_5)
FNDA:9,(anonymous_6)
FNDA:2,(anonymous_7)
FNDA:0,(anonymous_8)
DA:4,1
DA:6,1
DA:10,1
DA:12,44
DA:15,12
DA:16,12
DA:19,2
DA:27,4
DA:28,4
DA:32,1
DA:34,1
DA:35,7
DA:37,1
DA:38,6
DA:40,6
DA:42,6
DA:44,6
DA:45,6
DA:46,6
DA:48,6
DA:53,1
DA:56,8
DA:57,8
DA:59,6
DA:60,6
DA:62,1
DA:65,7
DA:66,7
DA:69,9
DA:71,2
DA:72,2
DA:73,2
DA:76,0
LF:33
LH:32
BRDA:15,0,0,12
BRDA:15,0,1,6
BRDA:16,1,0,12
BRDA:16,1,1,12
BRDA:16,2,0,12
BRDA:16,2,1,12
BRDA:19,3,0,2
BRDA:19,3,1,1
BRDA:28,4,0,4
BRDA:28,4,1,4
BRDA:28,5,0,4
BRDA:28,5,1,3
BRDA:57,6,0,0
BRDA:57,6,1,8
BRDA:57,7,0,8
BRDA:57,7,1,2
BRDA:66,8,0,6
BRDA:66,8,1,1
BRDA:66,9,0,0
BRDA:66,9,1,6
BRDA:67,10,0,0
BRDA:67,10,1,6
BRDA:69,11,0,2
BRDA:69,11,1,7
BRDA:71,12,0,2
BRDA:71,12,1,1
BRDA:75,13,0,0
BRDA:75,13,1,1
BRDA:77,14,0,1
BRDA:77,14,1,0
BRF:30
BRH:25
end_of_record
TN:
SF:D:\project\core\meeko\lib\fake\index.js
FN:14,randData
FN:27,randNum
FN:44,randStr
FN:58,randTime
FN:71,randfirstName
FN:84,randSecName
FN:97,randName
FN:101,randColor
FN:113,genImg
FN:172,price
FN:187,smallAndNum
FN:202,randUrl
FN:207,randIp
FN:247,whichNetwork
FN:267,phoneNum
FN:271,idCard
FNF:16
FNH:16
FNDA:59,randData
FNDA:9,randNum
FNDA:1,randStr
FNDA:6,randTime
FNDA:3,randfirstName
FNDA:13,randSecName
FNDA:3,randName
FNDA:6,randColor
FNDA:6,genImg
FNDA:1,price
FNDA:4,smallAndNum
FNDA:3,randUrl
FNDA:3,randIp
FNDA:4,whichNetwork
FNDA:3,phoneNum
FNDA:3,idCard
DA:3,1
DA:4,1
DA:5,1
DA:6,1
DA:7,1
DA:10,1
DA:11,1
DA:12,1
DA:15,59
DA:16,1
DA:18,58
DA:19,58
DA:20,58
DA:21,58
DA:22,311
DA:24,58
DA:38,9
DA:39,9
DA:40,51
DA:42,9
DA:55,1
DA:59,6
DA:60,6
DA:61,6
DA:62,3
DA:64,3
DA:66,6
DA:67,6
DA:68,6
DA:81,3
DA:94,13
DA:98,3
DA:102,6
DA:103,3
DA:104,3
DA:105,9
DA:107,3
DA:108,3
DA:110,3
DA:124,6
DA:134,6
DA:136,6
DA:137,6
DA:138,2
DA:140,4
DA:141,4
DA:142,4
DA:143,4
DA:144,4
DA:145,4
DA:147,4
DA:148,2
DA:149,2
DA:151,4
DA:170,4
DA:184,1
DA:198,4
DA:199,4
DA:203,3
DA:204,3
DA:208,3
DA:209,3
DA:210,12
DA:212,3
DA:216,1
DA:258,4
DA:259,4
DA:260,10
DA:261,3
DA:264,1
DA:268,3
DA:272,3
DA:273,3
DA:274,3
DA:276,3
DA:277,3
DA:278,3
DA:280,3
DA:282,3
DA:283,3
DA:284,3
DA:285,3
DA:286,51
DA:288,3
DA:290,1
LF:85
LH:85
BRDA:15,0,0,1
BRDA:15,0,1,58
BRDA:18,1,0,20
BRDA:18,1,1,38
BRDA:61,2,0,3
BRDA:61,2,1,3
BRDA:102,3,0,3
BRDA:102,3,1,3
BRDA:113,4,0,2
BRDA:136,5,0,6
BRDA:136,5,1,0
BRDA:137,6,0,2
BRDA:137,6,1,4
BRDA:140,7,0,4
BRDA:140,7,1,0
BRDA:147,8,0,2
BRDA:147,8,1,2
BRDA:198,9,0,4
BRDA:198,9,1,0
BRDA:203,10,0,3
BRDA:203,10,1,0
BRDA:260,11,0,3
BRDA:260,11,1,7
BRF:23
BRH:19
end_of_record
TN:
SF:D:\project\core\meeko\lib\spinner\spinner.js
FNF:0
FNH:0
DA:1,1
DA:212,1
LF:2
LH:2
BRF:0
BRH:0
end_of_record
TN:
SF:D:\project\core\meeko\lib\tools\index.js
FN:10,(anonymous_0)
FN:60,(anonymous_1)
FN:311,(anonymous_2)
FN:334,(anonymous_3)
FN:369,(anonymous_4)
FN:384,(anonymous_5)
FN:424,(anonymous_6)
FN:433,(anonymous_7)
FN:439,(anonymous_8)
FN:452,(anonymous_9)
FN:462,(anonymous_10)
FN:476,(anonymous_11)
FN:504,(anonymous_12)
FN:514,(anonymous_13)
FN:544,(anonymous_14)
FN:644,(anonymous_15)
FN:659,(anonymous_16)
FN:947,(anonymous_17)
FN:947,(anonymous_18)
FN:949,obj2Url
FN:957,objByString
FNF:21
FNH:19
FNDA:0,(anonymous_0)
FNDA:18,(anonymous_1)
FNDA:4,(anonymous_2)
FNDA:1,(anonymous_3)
FNDA:6,(anonymous_4)
FNDA:3,(anonymous_5)
FNDA:2,(anonymous_6)
FNDA:2,(anonymous_7)
FNDA:3,(anonymous_8)
FNDA:0,(anonymous_9)
FNDA:430,(anonymous_10)
FNDA:20,(anonymous_11)
FNDA:114,(anonymous_12)
FNDA:296,(anonymous_13)
FNDA:1188,(anonymous_14)
FNDA:2,(anonymous_15)
FNDA:2,(anonymous_16)
FNDA:1,(anonymous_17)
FNDA:6,(anonymous_18)
FNDA:1,obj2Url
FNDA:2,objByString
DA:5,1
DA:6,1
DA:7,1
DA:10,1
DA:11,1
DA:12,1
DA:24,2
DA:44,24
DA:45,13
DA:47,11
DA:48,1
DA:50,10
DA:51,0
DA:53,10
DA:54,0
DA:56,10
DA:57,10
DA:58,0
DA:60,18
DA:74,352
DA:90,20
DA:103,2
DA:116,18
DA:129,19
DA:142,20
DA:155,446
DA:168,307
DA:181,19
DA:194,19
DA:207,713
DA:220,20
DA:221,20
DA:234,20
DA:235,20
DA:248,366
DA:249,366
DA:262,307
DA:282,45
DA:283,45
DA:296,347
DA:297,10
DA:299,337
DA:300,6
DA:302,331
DA:303,331
DA:304,331
DA:305,331
DA:307,331
DA:311,1
DA:323,4
DA:324,4
DA:325,4
DA:326,2
DA:328,2
DA:331,2
DA:334,1
DA:347,1
DA:348,1
DA:349,1
DA:350,3
DA:352,1
DA:353,1
DA:355,1
DA:356,1
DA:357,1
DA:358,1
DA:359,3
DA:360,3
DA:361,9
DA:362,9
DA:364,3
DA:366,1
DA:369,1
DA:381,6
DA:384,1
DA:396,3
DA:399,3
DA:401,3
DA:402,3
DA:404,1
DA:405,10
DA:411,2
DA:412,2
DA:415,2
DA:416,72
DA:417,62
DA:418,62
DA:422,3
DA:424,1
DA:433,2
DA:435,2
DA:439,1
DA:451,3
DA:455,3
DA:456,2
DA:457,2
DA:458,2
DA:462,1
DA:474,430
DA:476,1
DA:489,20
DA:490,20
DA:504,20
DA:505,114
DA:506,114
DA:507,16
DA:508,16
DA:511,20
DA:514,1
DA:541,296
DA:544,296
DA:545,1188
DA:546,1188
DA:548,304
DA:549,304
DA:550,12
DA:555,292
DA:556,292
DA:557,276
DA:558,2
DA:564,290
DA:566,20
DA:567,20
DA:568,16
DA:573,4
DA:574,4
DA:575,4
DA:576,2
DA:582,2
DA:584,22
DA:585,22
DA:586,16
DA:591,6
DA:592,6
DA:593,6
DA:594,2
DA:600,4
DA:602,312
DA:603,312
DA:604,312
DA:605,270
DA:606,270
DA:607,2
DA:613,310
DA:614,8
DA:615,6
DA:622,304
DA:625,44
DA:626,44
DA:627,28
DA:632,16
DA:633,16
DA:635,2
DA:636,0
DA:641,2
DA:642,2
DA:645,2
DA:652,0
DA:658,2
DA:659,2
DA:660,0
DA:666,2
DA:668,134
DA:669,134
DA:670,0
DA:675,134
DA:676,134
DA:677,4
DA:682,130
DA:684,26
DA:685,4
DA:686,4
DA:688,22
DA:689,22
DA:690,10
DA:695,12
DA:696,12
DA:698,282
DA:699,282
DA:700,10
DA:705,272
DA:706,272
DA:707,264
DA:708,2
DA:714,270
DA:716,40
DA:717,28
DA:723,12
DA:724,28
DA:725,28
DA:726,4
DA:729,8
DA:730,8
DA:732,2
DA:738,296
DA:739,3860
DA:740,978
DA:741,28
DA:746,950
DA:747,950
DA:748,16
DA:752,2882
DA:753,2672
DA:754,2672
DA:755,2242
DA:758,210
DA:759,210
DA:760,126
DA:765,126
DA:779,1
DA:790,3
DA:791,3
DA:792,3
DA:793,3
DA:794,19
DA:795,19
DA:796,9
DA:797,10
DA:798,6
DA:799,6
DA:801,4
DA:802,4
DA:803,4
DA:806,3
DA:816,3
DA:817,3
DA:818,3
DA:819,3
DA:820,3
DA:821,3
DA:822,3
DA:823,19
DA:824,19
DA:825,9
DA:826,9
DA:827,10
DA:828,6
DA:829,6
DA:830,6
DA:832,4
DA:833,4
DA:834,4
DA:835,4
DA:838,3
DA:841,1
DA:850,1
DA:861,1
DA:862,1
DA:863,1
DA:864,1
DA:865,1
DA:866,1
DA:867,1
DA:868,1
DA:869,256
DA:871,1
DA:872,1
DA:873,1
DA:874,1
DA:875,1
DA:876,1
DA:877,1
DA:878,16
DA:879,16
DA:883,16
DA:884,2
DA:886,14
DA:887,14
DA:888,14
DA:889,14
DA:890,14
DA:893,1
DA:904,1
DA:905,1
DA:906,1
DA:907,1
DA:908,256
DA:910,1
DA:911,1
DA:912,1
DA:913,1
DA:914,1
DA:915,1
DA:916,1
DA:917,14
DA:918,14
DA:919,14
DA:920,1
DA:921,1
DA:923,13
DA:924,12
DA:925,12
DA:926,12
DA:927,12
DA:928,12
DA:930,1
DA:931,1
DA:932,0
DA:934,1
DA:935,1
DA:936,1
DA:937,1
DA:941,1
DA:942,1
DA:945,1
DA:947,6
DA:948,1
DA:949,1
DA:950,1
DA:951,1
DA:952,3
DA:954,1
DA:956,1
DA:957,1
DA:966,2
DA:970,2
DA:971,8
DA:972,8
DA:973,7
DA:975,1
DA:978,1
DA:980,1
DA:981,1
DA:982,1
LF:324
LH:316
BRDA:10,0,0,0
BRDA:10,0,1,0
BRDA:24,1,0,0
BRDA:24,1,1,2
BRDA:26,2,0,1
BRDA:26,2,1,1
BRDA:26,3,0,2
BRDA:26,3,1,2
BRDA:27,4,0,1
BRDA:27,4,1,1
BRDA:27,4,2,1
BRDA:28,5,0,1
BRDA:28,5,1,0
BRDA:44,6,0,13
BRDA:44,6,1,11
BRDA:47,7,0,1
BRDA:47,7,1,10
BRDA:47,8,0,11
BRDA:47,8,1,1
BRDA:50,9,0,0
BRDA:50,9,1,10
BRDA:50,10,0,10
BRDA:50,10,1,10
BRDA:50,10,2,10
BRDA:50,10,3,0
BRDA:53,11,0,0
BRDA:53,11,1,10
BRDA:57,12,0,0
BRDA:57,12,1,10
BRDA:129,13,0,19
BRDA:129,13,1,8
BRDA:263,14,0,307
BRDA:263,14,1,290
BRDA:263,14,2,288
BRDA:263,14,3,287
BRDA:263,14,4,286
BRDA:263,14,5,282
BRDA:283,15,0,45
BRDA:283,15,1,43
BRDA:296,16,0,10
BRDA:296,16,1,337
BRDA:299,17,0,6
BRDA:299,17,1,331
BRDA:305,18,0,331
BRDA:305,18,1,322
BRDA:307,19,0,331
BRDA:307,19,1,331
BRDA:307,19,2,10
BRDA:323,20,0,4
BRDA:323,20,1,2
BRDA:325,21,0,2
BRDA:325,21,1,2
BRDA:352,22,0,1
BRDA:352,22,1,0
BRDA:401,23,0,3
BRDA:401,23,1,1
BRDA:402,24,0,1
BRDA:402,24,1,2
BRDA:416,25,0,62
BRDA:416,25,1,10
BRDA:418,26,0,2
BRDA:418,26,1,60
BRDA:451,27,0,3
BRDA:451,27,1,0
BRDA:455,28,0,2
BRDA:455,28,1,1
BRDA:506,29,0,16
BRDA:506,29,1,98
BRDA:507,30,0,8
BRDA:507,30,1,8
BRDA:511,31,0,4
BRDA:511,31,1,16
BRDA:546,32,0,304
BRDA:546,32,1,20
BRDA:546,32,2,22
BRDA:546,32,3,312
BRDA:546,32,4,44
BRDA:546,32,5,2
BRDA:546,32,6,134
BRDA:546,32,7,26
BRDA:546,32,8,282
BRDA:546,32,9,40
BRDA:546,32,10,2
BRDA:546,33,0,1188
BRDA:546,33,1,42
BRDA:548,34,0,2
BRDA:548,34,1,302
BRDA:548,35,0,302
BRDA:548,35,1,2
BRDA:549,36,0,12
BRDA:549,36,1,292
BRDA:552,37,0,12
BRDA:552,37,1,12
BRDA:555,38,0,292
BRDA:555,38,1,280
BRDA:556,39,0,276
BRDA:556,39,1,16
BRDA:556,40,0,292
BRDA:556,40,1,288
BRDA:557,41,0,2
BRDA:557,41,1,274
BRDA:557,42,0,276
BRDA:557,42,1,276
BRDA:560,43,0,2
BRDA:560,43,1,2
BRDA:566,44,0,2
BRDA:566,44,1,18
BRDA:566,45,0,18
BRDA:566,45,1,6
BRDA:567,46,0,16
BRDA:567,46,1,4
BRDA:567,47,0,20
BRDA:567,47,1,8
BRDA:570,48,0,16
BRDA:570,48,1,0
BRDA:573,49,0,4
BRDA:573,49,1,4
BRDA:574,50,0,4
BRDA:574,50,1,0
BRDA:574,51,0,4
BRDA:574,51,1,4
BRDA:575,52,0,2
BRDA:575,52,1,2
BRDA:575,53,0,4
BRDA:575,53,1,4
BRDA:578,54,0,2
BRDA:578,54,1,0
BRDA:584,55,0,2
BRDA:584,55,1,20
BRDA:584,56,0,20
BRDA:584,56,1,6
BRDA:585,57,0,16
BRDA:585,57,1,6
BRDA:585,58,0,22
BRDA:585,58,1,10
BRDA:588,59,0,16
BRDA:588,59,1,16
BRDA:591,60,0,6
BRDA:591,60,1,6
BRDA:592,61,0,6
BRDA:592,61,1,0
BRDA:592,62,0,6
BRDA:592,62,1,6
BRDA:593,63,0,2
BRDA:593,63,1,4
BRDA:593,64,0,6
BRDA:593,64,1,4
BRDA:596,65,0,2
BRDA:596,65,1,2
BRDA:602,66,0,4
BRDA:602,66,1,308
BRDA:602,67,0,308
BRDA:602,67,1,9
BRDA:602,68,0,308
BRDA:602,68,1,9
BRDA:603,69,0,312
BRDA:603,69,1,300
BRDA:604,70,0,270
BRDA:604,70,1,42
BRDA:604,71,0,312
BRDA:604,71,1,299
BRDA:606,72,0,2
BRDA:606,72,1,268
BRDA:606,73,0,270
BRDA:606,73,1,270
BRDA:609,74,0,2
BRDA:609,74,1,2
BRDA:613,75,0,8
BRDA:613,75,1,302
BRDA:613,76,0,310
BRDA:613,76,1,297
BRDA:614,77,0,6
BRDA:614,77,1,2
BRDA:617,78,0,6
BRDA:617,78,1,6
BRDA:617,79,0,6
BRDA:617,79,1,6
BRDA:625,80,0,44
BRDA:625,80,1,16
BRDA:625,81,0,8
BRDA:625,81,1,8
BRDA:626,82,0,28
BRDA:626,82,1,16
BRDA:629,83,0,28
BRDA:629,83,1,28
BRDA:632,84,0,16
BRDA:632,84,1,16
BRDA:635,85,0,0
BRDA:635,85,1,2
BRDA:635,86,0,2
BRDA:635,86,1,2
BRDA:638,87,0,0
BRDA:638,87,1,0
BRDA:641,88,0,2
BRDA:641,88,1,0
BRDA:642,89,0,0
BRDA:642,89,1,2
BRDA:645,90,0,2
BRDA:645,90,1,2
BRDA:645,90,2,2
BRDA:645,90,3,2
BRDA:645,90,4,2
BRDA:654,91,0,0
BRDA:654,91,1,0
BRDA:658,92,0,2
BRDA:658,92,1,0
BRDA:659,93,0,0
BRDA:659,93,1,2
BRDA:662,94,0,0
BRDA:662,94,1,0
BRDA:669,95,0,0
BRDA:669,95,1,134
BRDA:672,96,0,0
BRDA:672,96,1,0
BRDA:675,97,0,134
BRDA:675,97,1,134
BRDA:676,98,0,4
BRDA:676,98,1,130
BRDA:679,99,0,4
BRDA:679,99,1,4
BRDA:684,100,0,4
BRDA:684,100,1,22
BRDA:685,101,0,4
BRDA:685,101,1,4
BRDA:688,102,0,2
BRDA:688,102,1,20
BRDA:688,103,0,20
BRDA:688,103,1,4
BRDA:689,104,0,10
BRDA:689,104,1,12
BRDA:692,105,0,10
BRDA:692,105,1,10
BRDA:695,106,0,12
BRDA:695,106,1,12
BRDA:698,107,0,2
BRDA:698,107,1,280
BRDA:698,108,0,280
BRDA:698,108,1,6
BRDA:699,109,0,10
BRDA:699,109,1,272
BRDA:702,110,0,10
BRDA:702,110,1,10
BRDA:705,111,0,272
BRDA:705,111,1,272
BRDA:706,112,0,264
BRDA:706,112,1,8
BRDA:706,113,0,272
BRDA:706,113,1,270
BRDA:707,114,0,2
BRDA:707,114,1,262
BRDA:707,115,0,264
BRDA:707,115,1,262
BRDA:710,116,0,2
BRDA:710,116,1,2
BRDA:716,117,0,28
BRDA:716,117,1,12
BRDA:719,118,0,28
BRDA:719,118,1,28
BRDA:724,119,0,28
BRDA:724,119,1,12
BRDA:725,120,0,4
BRDA:725,120,1,24
BRDA:725,121,0,28
BRDA:725,121,1,4
BRDA:729,122,0,8
BRDA:729,122,1,8
BRDA:739,123,0,978
BRDA:739,123,1,2882
BRDA:740,124,0,28
BRDA:740,124,1,950
BRDA:743,125,0,28
BRDA:743,125,1,28
BRDA:743,126,0,28
BRDA:743,126,1,28
BRDA:747,127,0,16
BRDA:747,127,1,934
BRDA:752,128,0,2672
BRDA:752,128,1,210
BRDA:753,129,0,2672
BRDA:753,129,1,2672
BRDA:754,130,0,2242
BRDA:754,130,1,430
BRDA:754,131,0,2672
BRDA:754,131,1,2672
BRDA:759,132,0,126
BRDA:759,132,1,84
BRDA:795,133,0,9
BRDA:795,133,1,10
BRDA:797,134,0,6
BRDA:797,134,1,4
BRDA:797,135,0,10
BRDA:797,135,1,10
BRDA:824,136,0,9
BRDA:824,136,1,10
BRDA:827,137,0,6
BRDA:827,137,1,4
BRDA:827,138,0,10
BRDA:827,138,1,10
BRDA:880,139,0,1
BRDA:880,139,1,15
BRDA:883,140,0,2
BRDA:883,140,1,14
BRDA:919,141,0,1
BRDA:919,141,1,13
BRDA:923,142,0,12
BRDA:923,142,1,1
BRDA:931,143,0,0
BRDA:931,143,1,1
BRDA:972,144,0,7
BRDA:972,144,1,1
BRF:310
BRH:281
end_of_record
