{"C:\\project\\meeko\\tests\\1_reg_log.js":{"path":"C:\\project\\meeko\\tests\\1_reg_log.js","statementMap":{"0":{"start":{"line":2,"column":8},"end":{"line":2,"column":27}},"1":{"start":{"line":3,"column":11},"end":{"line":3,"column":26}},"2":{"start":{"line":5,"column":8},"end":{"line":5,"column":101}},"3":{"start":{"line":6,"column":0},"end":{"line":6,"column":25}},"4":{"start":{"line":7,"column":0},"end":{"line":7,"column":32}},"5":{"start":{"line":9,"column":0},"end":{"line":9,"column":25}},"6":{"start":{"line":10,"column":0},"end":{"line":10,"column":45}},"7":{"start":{"line":11,"column":0},"end":{"line":11,"column":25}},"8":{"start":{"line":12,"column":0},"end":{"line":12,"column":6}},"9":{"start":{"line":13,"column":0},"end":{"line":13,"column":25}},"10":{"start":{"line":14,"column":0},"end":{"line":14,"column":115}},"11":{"start":{"line":15,"column":0},"end":{"line":15,"column":25}},"12":{"start":{"line":16,"column":0},"end":{"line":16,"column":48}},"13":{"start":{"line":17,"column":0},"end":{"line":17,"column":25}},"14":{"start":{"line":18,"column":0},"end":{"line":18,"column":63}},"15":{"start":{"line":19,"column":0},"end":{"line":19,"column":25}},"16":{"start":{"line":20,"column":0},"end":{"line":20,"column":13}},"17":{"start":{"line":22,"column":0},"end":{"line":22,"column":23}},"18":{"start":{"line":23,"column":0},"end":{"line":23,"column":25}},"19":{"start":{"line":24,"column":0},"end":{"line":28,"column":1}},"20":{"start":{"line":25,"column":2},"end":{"line":25,"column":25}},"21":{"start":{"line":27,"column":2},"end":{"line":27,"column":27}},"22":{"start":{"line":29,"column":0},"end":{"line":33,"column":1}},"23":{"start":{"line":30,"column":2},"end":{"line":30,"column":41}},"24":{"start":{"line":32,"column":2},"end":{"line":32,"column":27}},"25":{"start":{"line":34,"column":0},"end":{"line":37,"column":2}},"26":{"start":{"line":38,"column":0},"end":{"line":48,"column":2}},"27":{"start":{"line":44,"column":4},"end":{"line":46,"column":6}},"28":{"start":{"line":45,"column":6},"end":{"line":45,"column":28}},"29":{"start":{"line":49,"column":0},"end":{"line":49,"column":42}},"30":{"start":{"line":50,"column":0},"end":{"line":50,"column":31}},"31":{"start":{"line":51,"column":0},"end":{"line":51,"column":24}},"32":{"start":{"line":52,"column":0},"end":{"line":52,"column":24}},"33":{"start":{"line":53,"column":0},"end":{"line":53,"column":46}},"34":{"start":{"line":54,"column":0},"end":{"line":54,"column":24}},"35":{"start":{"line":55,"column":0},"end":{"line":57,"column":1}},"36":{"start":{"line":55,"column":13},"end":{"line":55,"column":14}},"37":{"start":{"line":56,"column":2},"end":{"line":56,"column":35}},"38":{"start":{"line":58,"column":0},"end":{"line":58,"column":25}},"39":{"start":{"line":59,"column":0},"end":{"line":59,"column":31}},"40":{"start":{"line":60,"column":0},"end":{"line":60,"column":28}},"41":{"start":{"line":61,"column":0},"end":{"line":61,"column":24}},"42":{"start":{"line":62,"column":0},"end":{"line":62,"column":22}},"43":{"start":{"line":63,"column":0},"end":{"line":63,"column":24}},"44":{"start":{"line":64,"column":0},"end":{"line":64,"column":22}},"45":{"start":{"line":65,"column":0},"end":{"line":65,"column":25}},"46":{"start":{"line":66,"column":0},"end":{"line":66,"column":19}},"47":{"start":{"line":67,"column":0},"end":{"line":67,"column":21}},"48":{"start":{"line":68,"column":0},"end":{"line":68,"column":22}},"49":{"start":{"line":69,"column":0},"end":{"line":69,"column":20}},"50":{"start":{"line":70,"column":0},"end":{"line":70,"column":23}},"51":{"start":{"line":71,"column":0},"end":{"line":71,"column":20}},"52":{"start":{"line":72,"column":0},"end":{"line":72,"column":21}},"53":{"start":{"line":73,"column":0},"end":{"line":73,"column":25}},"54":{"start":{"line":74,"column":0},"end":{"line":74,"column":32}},"55":{"start":{"line":75,"column":0},"end":{"line":75,"column":27}},"56":{"start":{"line":76,"column":0},"end":{"line":76,"column":28}},"57":{"start":{"line":77,"column":0},"end":{"line":77,"column":26}},"58":{"start":{"line":78,"column":0},"end":{"line":78,"column":29}},"59":{"start":{"line":79,"column":0},"end":{"line":79,"column":26}},"60":{"start":{"line":80,"column":0},"end":{"line":80,"column":27}},"61":{"start":{"line":81,"column":8},"end":{"line":95,"column":11}},"62":{"start":{"line":96,"column":0},"end":{"line":96,"column":28}},"63":{"start":{"line":97,"column":0},"end":{"line":97,"column":20}},"64":{"start":{"line":98,"column":15},"end":{"line":98,"column":25}},"65":{"start":{"line":99,"column":11},"end":{"line":99,"column":109}},"66":{"start":{"line":100,"column":0},"end":{"line":100,"column":27}},"67":{"start":{"line":101,"column":0},"end":{"line":101,"column":41}},"68":{"start":{"line":103,"column":0},"end":{"line":103,"column":44}},"69":{"start":{"line":104,"column":0},"end":{"line":104,"column":23}},"70":{"start":{"line":105,"column":0},"end":{"line":105,"column":29}},"71":{"start":{"line":107,"column":14},"end":{"line":107,"column":36}},"72":{"start":{"line":108,"column":0},"end":{"line":108,"column":20}},"73":{"start":{"line":109,"column":0},"end":{"line":109,"column":15}},"74":{"start":{"line":110,"column":0},"end":{"line":110,"column":14}},"75":{"start":{"line":111,"column":0},"end":{"line":111,"column":22}},"76":{"start":{"line":112,"column":0},"end":{"line":115,"column":7}},"77":{"start":{"line":113,"column":2},"end":{"line":113,"column":28}},"78":{"start":{"line":114,"column":2},"end":{"line":114,"column":16}}},"fnMap":{"0":{"name":"(anonymous_0)","decl":{"start":{"line":40,"column":10},"end":{"line":40,"column":11}},"loc":{"start":{"line":40,"column":30},"end":{"line":42,"column":3}},"line":40},"1":{"name":"(anonymous_1)","decl":{"start":{"line":43,"column":7},"end":{"line":43,"column":8}},"loc":{"start":{"line":43,"column":29},"end":{"line":47,"column":3}},"line":43},"2":{"name":"(anonymous_2)","decl":{"start":{"line":44,"column":37},"end":{"line":44,"column":38}},"loc":{"start":{"line":44,"column":53},"end":{"line":46,"column":5}},"line":44},"3":{"name":"(anonymous_3)","decl":{"start":{"line":93,"column":6},"end":{"line":93,"column":7}},"loc":{"start":{"line":93,"column":18},"end":{"line":93,"column":20}},"line":93},"4":{"name":"(anonymous_4)","decl":{"start":{"line":112,"column":11},"end":{"line":112,"column":12}},"loc":{"start":{"line":112,"column":17},"end":{"line":115,"column":1}},"line":112}},"branchMap":{},"s":{"0":1,"1":1,"2":1,"3":1,"4":1,"5":1,"6":1,"7":1,"8":1,"9":1,"10":1,"11":1,"12":1,"13":1,"14":1,"15":1,"16":1,"17":1,"18":1,"19":1,"20":1,"21":0,"22":1,"23":1,"24":1,"25":1,"26":1,"27":0,"28":0,"29":1,"30":1,"31":1,"32":1,"33":1,"34":1,"35":1,"36":1,"37":10,"38":1,"39":1,"40":1,"41":1,"42":1,"43":1,"44":1,"45":1,"46":1,"47":1,"48":1,"49":1,"50":1,"51":1,"52":1,"53":1,"54":1,"55":1,"56":1,"57":1,"58":1,"59":1,"60":1,"61":1,"62":1,"63":1,"64":1,"65":1,"66":1,"67":1,"68":1,"69":1,"70":1,"71":1,"72":1,"73":1,"74":1,"75":1,"76":1,"77":1,"78":1},"f":{"0":31,"1":0,"2":0,"3":0,"4":1},"b":{},"_coverageSchema":"43e27e138ebf9cfc5966b082cf9a028302ed4184","hash":"489e0d633bb1c2e7bb252320c73eee3fe7ce7864","contentHash":"033afc6714b64fe8a97ea07dcd3c50646eb9a73ff9566ee576757e011207e704"},"C:\\project\\meeko\\index.js":{"path":"C:\\project\\meeko\\index.js","statementMap":{"0":{"start":{"line":4,"column":13},"end":{"line":4,"column":38}},"1":{"start":{"line":6,"column":2},"end":{"line":13,"column":3}},"2":{"start":{"line":7,"column":4},"end":{"line":11,"column":5}},"3":{"start":{"line":8,"column":6},"end":{"line":10,"column":7}},"4":{"start":{"line":9,"column":8},"end":{"line":9,"column":19}},"5":{"start":{"line":12,"column":4},"end":{"line":12,"column":12}},"6":{"start":{"line":14,"column":2},"end":{"line":14,"column":13}},"7":{"start":{"line":16,"column":11},"end":{"line":16,"column":34}},"8":{"start":{"line":17,"column":0},"end":{"line":17,"column":25}},"9":{"start":{"line":18,"column":11},"end":{"line":18,"column":32}},"10":{"start":{"line":19,"column":0},"end":{"line":19,"column":23}},"11":{"start":{"line":20,"column":11},"end":{"line":20,"column":33}},"12":{"start":{"line":21,"column":0},"end":{"line":21,"column":24}},"13":{"start":{"line":22,"column":13},"end":{"line":24,"column":1}},"14":{"start":{"line":26,"column":0},"end":{"line":29,"column":1}},"15":{"start":{"line":27,"column":2},"end":{"line":27,"column":26}},"16":{"start":{"line":28,"column":2},"end":{"line":28,"column":33}},"17":{"start":{"line":30,"column":0},"end":{"line":30,"column":51}},"18":{"start":{"line":31,"column":0},"end":{"line":31,"column":49}},"19":{"start":{"line":32,"column":0},"end":{"line":41,"column":1}},"20":{"start":{"line":37,"column":12},"end":{"line":37,"column":48}},"21":{"start":{"line":38,"column":2},"end":{"line":38,"column":35}},"22":{"start":{"line":39,"column":2},"end":{"line":39,"column":39}},"23":{"start":{"line":40,"column":2},"end":{"line":40,"column":12}},"24":{"start":{"line":42,"column":12},"end":{"line":44,"column":1}},"25":{"start":{"line":43,"column":2},"end":{"line":43,"column":106}},"26":{"start":{"line":45,"column":10},"end":{"line":83,"column":1}},"27":{"start":{"line":51,"column":4},"end":{"line":51,"column":29}},"28":{"start":{"line":69,"column":17},"end":{"line":69,"column":53}},"29":{"start":{"line":70,"column":17},"end":{"line":70,"column":53}},"30":{"start":{"line":71,"column":17},"end":{"line":71,"column":53}},"31":{"start":{"line":72,"column":17},"end":{"line":72,"column":53}},"32":{"start":{"line":73,"column":17},"end":{"line":73,"column":53}},"33":{"start":{"line":74,"column":17},"end":{"line":74,"column":53}},"34":{"start":{"line":75,"column":17},"end":{"line":75,"column":53}},"35":{"start":{"line":76,"column":20},"end":{"line":76,"column":56}},"36":{"start":{"line":77,"column":20},"end":{"line":77,"column":56}},"37":{"start":{"line":78,"column":20},"end":{"line":78,"column":56}},"38":{"start":{"line":79,"column":20},"end":{"line":79,"column":56}},"39":{"start":{"line":80,"column":20},"end":{"line":80,"column":56}},"40":{"start":{"line":81,"column":20},"end":{"line":81,"column":56}},"41":{"start":{"line":82,"column":20},"end":{"line":82,"column":56}},"42":{"start":{"line":84,"column":22},"end":{"line":88,"column":1}},"43":{"start":{"line":85,"column":12},"end":{"line":85,"column":14}},"44":{"start":{"line":86,"column":2},"end":{"line":86,"column":45}},"45":{"start":{"line":87,"column":2},"end":{"line":87,"column":18}},"46":{"start":{"line":89,"column":9},"end":{"line":89,"column":25}},"47":{"start":{"line":90,"column":11},"end":{"line":90,"column":83}},"48":{"start":{"line":91,"column":14},"end":{"line":91,"column":21}},"49":{"start":{"line":92,"column":12},"end":{"line":105,"column":1}},"50":{"start":{"line":93,"column":2},"end":{"line":93,"column":42}},"51":{"start":{"line":94,"column":10},"end":{"line":94,"column":131}},"52":{"start":{"line":95,"column":12},"end":{"line":95,"column":14}},"53":{"start":{"line":96,"column":2},"end":{"line":102,"column":3}},"54":{"start":{"line":96,"column":15},"end":{"line":96,"column":16}},"55":{"start":{"line":97,"column":4},"end":{"line":101,"column":5}},"56":{"start":{"line":98,"column":6},"end":{"line":98,"column":47}},"57":{"start":{"line":100,"column":6},"end":{"line":100,"column":31}},"58":{"start":{"line":103,"column":2},"end":{"line":103,"column":44}},"59":{"start":{"line":104,"column":2},"end":{"line":104,"column":10}},"60":{"start":{"line":106,"column":12},"end":{"line":119,"column":1}},"61":{"start":{"line":107,"column":2},"end":{"line":107,"column":42}},"62":{"start":{"line":108,"column":10},"end":{"line":108,"column":129}},"63":{"start":{"line":109,"column":12},"end":{"line":109,"column":14}},"64":{"start":{"line":110,"column":2},"end":{"line":116,"column":3}},"65":{"start":{"line":110,"column":15},"end":{"line":110,"column":16}},"66":{"start":{"line":111,"column":4},"end":{"line":115,"column":5}},"67":{"start":{"line":112,"column":6},"end":{"line":112,"column":47}},"68":{"start":{"line":114,"column":6},"end":{"line":114,"column":31}},"69":{"start":{"line":117,"column":2},"end":{"line":117,"column":46}},"70":{"start":{"line":118,"column":2},"end":{"line":118,"column":10}},"71":{"start":{"line":122,"column":2},"end":{"line":124,"column":3}},"72":{"start":{"line":123,"column":4},"end":{"line":123,"column":30}},"73":{"start":{"line":125,"column":2},"end":{"line":127,"column":3}},"74":{"start":{"line":126,"column":4},"end":{"line":126,"column":36}},"75":{"start":{"line":128,"column":2},"end":{"line":128,"column":10}},"76":{"start":{"line":131,"column":12},"end":{"line":147,"column":1}},"77":{"start":{"line":132,"column":2},"end":{"line":146,"column":3}},"78":{"start":{"line":132,"column":15},"end":{"line":132,"column":16}},"79":{"start":{"line":133,"column":13},"end":{"line":133,"column":49}},"80":{"start":{"line":134,"column":4},"end":{"line":144,"column":41}},"81":{"start":{"line":145,"column":4},"end":{"line":145,"column":17}},"82":{"start":{"line":149,"column":2},"end":{"line":151,"column":3}},"83":{"start":{"line":150,"column":4},"end":{"line":150,"column":59}},"84":{"start":{"line":153,"column":13},"end":{"line":159,"column":1}},"85":{"start":{"line":154,"column":2},"end":{"line":158,"column":4}},"86":{"start":{"line":155,"column":4},"end":{"line":157,"column":9}},"87":{"start":{"line":156,"column":6},"end":{"line":156,"column":15}},"88":{"start":{"line":160,"column":13},"end":{"line":160,"column":34}},"89":{"start":{"line":161,"column":14},"end":{"line":161,"column":36}},"90":{"start":{"line":162,"column":13},"end":{"line":162,"column":34}},"91":{"start":{"line":163,"column":12},"end":{"line":163,"column":32}},"92":{"start":{"line":164,"column":12},"end":{"line":164,"column":32}},"93":{"start":{"line":165,"column":19},"end":{"line":165,"column":46}},"94":{"start":{"line":166,"column":16},"end":{"line":166,"column":45}},"95":{"start":{"line":167,"column":14},"end":{"line":167,"column":41}},"96":{"start":{"line":168,"column":13},"end":{"line":168,"column":69}},"97":{"start":{"line":168,"column":27},"end":{"line":168,"column":69}},"98":{"start":{"line":168,"column":34},"end":{"line":168,"column":69}},"99":{"start":{"line":168,"column":58},"end":{"line":168,"column":63}},"100":{"start":{"line":169,"column":13},"end":{"line":172,"column":1}},"101":{"start":{"line":170,"column":24},"end":{"line":170,"column":58}},"102":{"start":{"line":173,"column":12},"end":{"line":173,"column":28}},"103":{"start":{"line":173,"column":18},"end":{"line":173,"column":28}},"104":{"start":{"line":176,"column":10},"end":{"line":176,"column":12}},"105":{"start":{"line":177,"column":2},"end":{"line":182,"column":3}},"106":{"start":{"line":177,"column":15},"end":{"line":177,"column":16}},"107":{"start":{"line":178,"column":4},"end":{"line":178,"column":12}},"108":{"start":{"line":179,"column":4},"end":{"line":181,"column":5}},"109":{"start":{"line":179,"column":17},"end":{"line":179,"column":18}},"110":{"start":{"line":180,"column":6},"end":{"line":180,"column":14}},"111":{"start":{"line":183,"column":2},"end":{"line":183,"column":22}},"112":{"start":{"line":186,"column":12},"end":{"line":186,"column":23}},"113":{"start":{"line":187,"column":10},"end":{"line":187,"column":12}},"114":{"start":{"line":188,"column":13},"end":{"line":188,"column":33}},"115":{"start":{"line":189,"column":16},"end":{"line":189,"column":27}},"116":{"start":{"line":190,"column":2},"end":{"line":196,"column":3}},"117":{"start":{"line":190,"column":15},"end":{"line":190,"column":16}},"118":{"start":{"line":191,"column":4},"end":{"line":195,"column":5}},"119":{"start":{"line":192,"column":6},"end":{"line":192,"column":72}},"120":{"start":{"line":194,"column":6},"end":{"line":194,"column":64}},"121":{"start":{"line":197,"column":2},"end":{"line":197,"column":20}},"122":{"start":{"line":198,"column":2},"end":{"line":198,"column":22}},"123":{"start":{"line":199,"column":2},"end":{"line":199,"column":20}},"124":{"start":{"line":200,"column":2},"end":{"line":222,"column":3}},"125":{"start":{"line":200,"column":15},"end":{"line":200,"column":16}},"126":{"start":{"line":201,"column":4},"end":{"line":201,"column":10}},"127":{"start":{"line":202,"column":4},"end":{"line":220,"column":5}},"128":{"start":{"line":202,"column":17},"end":{"line":202,"column":18}},"129":{"start":{"line":203,"column":14},"end":{"line":203,"column":30}},"130":{"start":{"line":204,"column":22},"end":{"line":204,"column":30}},"131":{"start":{"line":205,"column":6},"end":{"line":205,"column":16}},"132":{"start":{"line":206,"column":6},"end":{"line":219,"column":7}},"133":{"start":{"line":207,"column":8},"end":{"line":216,"column":9}},"134":{"start":{"line":209,"column":12},"end":{"line":209,"column":58}},"135":{"start":{"line":210,"column":12},"end":{"line":210,"column":17}},"136":{"start":{"line":212,"column":12},"end":{"line":212,"column":58}},"137":{"start":{"line":213,"column":12},"end":{"line":213,"column":17}},"138":{"start":{"line":215,"column":12},"end":{"line":215,"column":58}},"139":{"start":{"line":218,"column":8},"end":{"line":218,"column":46}},"140":{"start":{"line":221,"column":4},"end":{"line":221,"column":24}},"141":{"start":{"line":223,"column":2},"end":{"line":223,"column":20}},"142":{"start":{"line":225,"column":0},"end":{"line":225,"column":120}},"143":{"start":{"line":227,"column":0},"end":{"line":249,"column":1}}},"fnMap":{"0":{"name":"ext","decl":{"start":{"line":5,"column":9},"end":{"line":5,"column":12}},"loc":{"start":{"line":5,"column":20},"end":{"line":15,"column":1}},"line":5},"1":{"name":"(anonymous_1)","decl":{"start":{"line":26,"column":25},"end":{"line":26,"column":26}},"loc":{"start":{"line":26,"column":38},"end":{"line":29,"column":1}},"line":26},"2":{"name":"(anonymous_2)","decl":{"start":{"line":32,"column":27},"end":{"line":32,"column":28}},"loc":{"start":{"line":32,"column":40},"end":{"line":41,"column":1}},"line":32},"3":{"name":"(anonymous_3)","decl":{"start":{"line":42,"column":12},"end":{"line":42,"column":13}},"loc":{"start":{"line":42,"column":51},"end":{"line":44,"column":1}},"line":42},"4":{"name":"(anonymous_4)","decl":{"start":{"line":50,"column":2},"end":{"line":50,"column":3}},"loc":{"start":{"line":50,"column":12},"end":{"line":52,"column":3}},"line":50},"5":{"name":"(anonymous_5)","decl":{"start":{"line":69,"column":2},"end":{"line":69,"column":3}},"loc":{"start":{"line":69,"column":15},"end":{"line":69,"column":55}},"line":69},"6":{"name":"(anonymous_6)","decl":{"start":{"line":70,"column":2},"end":{"line":70,"column":3}},"loc":{"start":{"line":70,"column":15},"end":{"line":70,"column":55}},"line":70},"7":{"name":"(anonymous_7)","decl":{"start":{"line":71,"column":2},"end":{"line":71,"column":3}},"loc":{"start":{"line":71,"column":15},"end":{"line":71,"column":55}},"line":71},"8":{"name":"(anonymous_8)","decl":{"start":{"line":72,"column":2},"end":{"line":72,"column":3}},"loc":{"start":{"line":72,"column":15},"end":{"line":72,"column":55}},"line":72},"9":{"name":"(anonymous_9)","decl":{"start":{"line":73,"column":2},"end":{"line":73,"column":3}},"loc":{"start":{"line":73,"column":15},"end":{"line":73,"column":55}},"line":73},"10":{"name":"(anonymous_10)","decl":{"start":{"line":74,"column":2},"end":{"line":74,"column":3}},"loc":{"start":{"line":74,"column":15},"end":{"line":74,"column":55}},"line":74},"11":{"name":"(anonymous_11)","decl":{"start":{"line":75,"column":2},"end":{"line":75,"column":3}},"loc":{"start":{"line":75,"column":15},"end":{"line":75,"column":55}},"line":75},"12":{"name":"(anonymous_12)","decl":{"start":{"line":76,"column":2},"end":{"line":76,"column":3}},"loc":{"start":{"line":76,"column":18},"end":{"line":76,"column":58}},"line":76},"13":{"name":"(anonymous_13)","decl":{"start":{"line":77,"column":2},"end":{"line":77,"column":3}},"loc":{"start":{"line":77,"column":18},"end":{"line":77,"column":58}},"line":77},"14":{"name":"(anonymous_14)","decl":{"start":{"line":78,"column":2},"end":{"line":78,"column":3}},"loc":{"start":{"line":78,"column":18},"end":{"line":78,"column":58}},"line":78},"15":{"name":"(anonymous_15)","decl":{"start":{"line":79,"column":2},"end":{"line":79,"column":3}},"loc":{"start":{"line":79,"column":18},"end":{"line":79,"column":58}},"line":79},"16":{"name":"(anonymous_16)","decl":{"start":{"line":80,"column":2},"end":{"line":80,"column":3}},"loc":{"start":{"line":80,"column":18},"end":{"line":80,"column":58}},"line":80},"17":{"name":"(anonymous_17)","decl":{"start":{"line":81,"column":2},"end":{"line":81,"column":3}},"loc":{"start":{"line":81,"column":18},"end":{"line":81,"column":58}},"line":81},"18":{"name":"(anonymous_18)","decl":{"start":{"line":82,"column":2},"end":{"line":82,"column":3}},"loc":{"start":{"line":82,"column":18},"end":{"line":82,"column":58}},"line":82},"19":{"name":"(anonymous_19)","decl":{"start":{"line":84,"column":22},"end":{"line":84,"column":23}},"loc":{"start":{"line":84,"column":34},"end":{"line":88,"column":1}},"line":84},"20":{"name":"(anonymous_20)","decl":{"start":{"line":92,"column":12},"end":{"line":92,"column":13}},"loc":{"start":{"line":92,"column":31},"end":{"line":105,"column":1}},"line":92},"21":{"name":"(anonymous_21)","decl":{"start":{"line":106,"column":12},"end":{"line":106,"column":13}},"loc":{"start":{"line":106,"column":31},"end":{"line":119,"column":1}},"line":106},"22":{"name":"strColor","decl":{"start":{"line":121,"column":9},"end":{"line":121,"column":17}},"loc":{"start":{"line":121,"column":25},"end":{"line":129,"column":1}},"line":121},"23":{"name":"(anonymous_23)","decl":{"start":{"line":131,"column":12},"end":{"line":131,"column":13}},"loc":{"start":{"line":131,"column":31},"end":{"line":147,"column":1}},"line":131},"24":{"name":"compare","decl":{"start":{"line":148,"column":9},"end":{"line":148,"column":16}},"loc":{"start":{"line":148,"column":26},"end":{"line":152,"column":1}},"line":148},"25":{"name":"(anonymous_25)","decl":{"start":{"line":149,"column":9},"end":{"line":149,"column":10}},"loc":{"start":{"line":149,"column":25},"end":{"line":151,"column":3}},"line":149},"26":{"name":"(anonymous_26)","decl":{"start":{"line":153,"column":13},"end":{"line":153,"column":14}},"loc":{"start":{"line":153,"column":26},"end":{"line":159,"column":1}},"line":153},"27":{"name":"(anonymous_27)","decl":{"start":{"line":154,"column":21},"end":{"line":154,"column":22}},"loc":{"start":{"line":154,"column":42},"end":{"line":158,"column":3}},"line":154},"28":{"name":"(anonymous_28)","decl":{"start":{"line":155,"column":15},"end":{"line":155,"column":16}},"loc":{"start":{"line":155,"column":21},"end":{"line":157,"column":5}},"line":155},"29":{"name":"(anonymous_29)","decl":{"start":{"line":168,"column":13},"end":{"line":168,"column":14}},"loc":{"start":{"line":168,"column":27},"end":{"line":168,"column":69}},"line":168},"30":{"name":"(anonymous_30)","decl":{"start":{"line":168,"column":27},"end":{"line":168,"column":28}},"loc":{"start":{"line":168,"column":34},"end":{"line":168,"column":69}},"line":168},"31":{"name":"(anonymous_31)","decl":{"start":{"line":168,"column":47},"end":{"line":168,"column":48}},"loc":{"start":{"line":168,"column":58},"end":{"line":168,"column":63}},"line":168},"32":{"name":"(anonymous_32)","decl":{"start":{"line":170,"column":9},"end":{"line":170,"column":10}},"loc":{"start":{"line":170,"column":22},"end":{"line":170,"column":60}},"line":170},"33":{"name":"(anonymous_33)","decl":{"start":{"line":173,"column":12},"end":{"line":173,"column":13}},"loc":{"start":{"line":173,"column":18},"end":{"line":173,"column":28}},"line":173},"34":{"name":"drawLine","decl":{"start":{"line":175,"column":9},"end":{"line":175,"column":17}},"loc":{"start":{"line":175,"column":29},"end":{"line":184,"column":1}},"line":175},"35":{"name":"drawTable","decl":{"start":{"line":185,"column":9},"end":{"line":185,"column":18}},"loc":{"start":{"line":185,"column":59},"end":{"line":224,"column":1}},"line":185}},"branchMap":{"0":{"loc":{"start":{"line":6,"column":2},"end":{"line":13,"column":3}},"type":"if","locations":[{"start":{"line":6,"column":2},"end":{"line":13,"column":3}},{"start":{"line":6,"column":2},"end":{"line":13,"column":3}}],"line":6},"1":{"loc":{"start":{"line":6,"column":6},"end":{"line":6,"column":12}},"type":"binary-expr","locations":[{"start":{"line":6,"column":6},"end":{"line":6,"column":7}},{"start":{"line":6,"column":11},"end":{"line":6,"column":12}}],"line":6},"2":{"loc":{"start":{"line":8,"column":6},"end":{"line":10,"column":7}},"type":"if","locations":[{"start":{"line":8,"column":6},"end":{"line":10,"column":7}},{"start":{"line":8,"column":6},"end":{"line":10,"column":7}}],"line":8},"3":{"loc":{"start":{"line":27,"column":19},"end":{"line":27,"column":25}},"type":"binary-expr","locations":[{"start":{"line":27,"column":19},"end":{"line":27,"column":20}},{"start":{"line":27,"column":24},"end":{"line":27,"column":25}}],"line":27},"4":{"loc":{"start":{"line":43,"column":19},"end":{"line":43,"column":42}},"type":"cond-expr","locations":[{"start":{"line":43,"column":33},"end":{"line":43,"column":37}},{"start":{"line":43,"column":40},"end":{"line":43,"column":42}}],"line":43},"5":{"loc":{"start":{"line":43,"column":45},"end":{"line":43,"column":71}},"type":"cond-expr","locations":[{"start":{"line":43,"column":54},"end":{"line":43,"column":66}},{"start":{"line":43,"column":69},"end":{"line":43,"column":71}}],"line":43},"6":{"loc":{"start":{"line":43,"column":74},"end":{"line":43,"column":92}},"type":"cond-expr","locations":[{"start":{"line":43,"column":79},"end":{"line":43,"column":87}},{"start":{"line":43,"column":90},"end":{"line":43,"column":92}}],"line":43},"7":{"loc":{"start":{"line":43,"column":95},"end":{"line":43,"column":103}},"type":"binary-expr","locations":[{"start":{"line":43,"column":95},"end":{"line":43,"column":97}},{"start":{"line":43,"column":101},"end":{"line":43,"column":103}}],"line":43},"8":{"loc":{"start":{"line":90,"column":11},"end":{"line":90,"column":83}},"type":"cond-expr","locations":[{"start":{"line":90,"column":34},"end":{"line":90,"column":57}},{"start":{"line":90,"column":60},"end":{"line":90,"column":83}}],"line":90},"9":{"loc":{"start":{"line":97,"column":4},"end":{"line":101,"column":5}},"type":"if","locations":[{"start":{"line":97,"column":4},"end":{"line":101,"column":5}},{"start":{"line":97,"column":4},"end":{"line":101,"column":5}}],"line":97},"10":{"loc":{"start":{"line":103,"column":19},"end":{"line":103,"column":42}},"type":"cond-expr","locations":[{"start":{"line":103,"column":36},"end":{"line":103,"column":37}},{"start":{"line":103,"column":40},"end":{"line":103,"column":42}}],"line":103},"11":{"loc":{"start":{"line":111,"column":4},"end":{"line":115,"column":5}},"type":"if","locations":[{"start":{"line":111,"column":4},"end":{"line":115,"column":5}},{"start":{"line":111,"column":4},"end":{"line":115,"column":5}}],"line":111},"12":{"loc":{"start":{"line":117,"column":21},"end":{"line":117,"column":44}},"type":"cond-expr","locations":[{"start":{"line":117,"column":38},"end":{"line":117,"column":39}},{"start":{"line":117,"column":42},"end":{"line":117,"column":44}}],"line":117},"13":{"loc":{"start":{"line":122,"column":2},"end":{"line":124,"column":3}},"type":"if","locations":[{"start":{"line":122,"column":2},"end":{"line":124,"column":3}},{"start":{"line":122,"column":2},"end":{"line":124,"column":3}}],"line":122},"14":{"loc":{"start":{"line":125,"column":2},"end":{"line":127,"column":3}},"type":"if","locations":[{"start":{"line":125,"column":2},"end":{"line":127,"column":3}},{"start":{"line":125,"column":2},"end":{"line":127,"column":3}}],"line":125},"15":{"loc":{"start":{"line":150,"column":11},"end":{"line":150,"column":59}},"type":"cond-expr","locations":[{"start":{"line":150,"column":31},"end":{"line":150,"column":42}},{"start":{"line":150,"column":47},"end":{"line":150,"column":58}}],"line":150},"16":{"loc":{"start":{"line":185,"column":36},"end":{"line":185,"column":57}},"type":"default-arg","locations":[{"start":{"line":185,"column":45},"end":{"line":185,"column":57}}],"line":185},"17":{"loc":{"start":{"line":191,"column":4},"end":{"line":195,"column":5}},"type":"if","locations":[{"start":{"line":191,"column":4},"end":{"line":195,"column":5}},{"start":{"line":191,"column":4},"end":{"line":195,"column":5}}],"line":191},"18":{"loc":{"start":{"line":206,"column":6},"end":{"line":219,"column":7}},"type":"if","locations":[{"start":{"line":206,"column":6},"end":{"line":219,"column":7}},{"start":{"line":206,"column":6},"end":{"line":219,"column":7}}],"line":206},"19":{"loc":{"start":{"line":207,"column":8},"end":{"line":216,"column":9}},"type":"switch","locations":[{"start":{"line":208,"column":10},"end":{"line":210,"column":17}},{"start":{"line":211,"column":10},"end":{"line":213,"column":17}},{"start":{"line":214,"column":10},"end":{"line":215,"column":58}}],"line":207}},"s":{"0":1,"1":4,"2":3,"3":39,"4":39,"5":3,"6":1,"7":1,"8":1,"9":1,"10":1,"11":1,"12":1,"13":1,"14":1,"15":2,"16":2,"17":1,"18":1,"19":1,"20":1,"21":1,"22":1,"23":1,"24":1,"25":201,"26":1,"27":1,"28":15,"29":9,"30":30,"31":1,"32":15,"33":1,"34":1,"35":3,"36":4,"37":4,"38":1,"39":6,"40":1,"41":1,"42":1,"43":56,"44":56,"45":56,"46":1,"47":1,"48":1,"49":1,"50":54,"51":54,"52":54,"53":54,"54":54,"55":57,"56":2,"57":55,"58":54,"59":54,"60":1,"61":2,"62":2,"63":2,"64":2,"65":2,"66":4,"67":1,"68":3,"69":2,"70":2,"71":27,"72":1,"73":26,"74":1,"75":25,"76":1,"77":4,"78":4,"79":7,"80":7,"81":7,"82":2,"83":2,"84":1,"85":1,"86":1,"87":1,"88":1,"89":1,"90":1,"91":1,"92":1,"93":1,"94":1,"95":1,"96":1,"97":1,"98":1,"99":6,"100":1,"101":1,"102":1,"103":3,"104":6,"105":6,"106":6,"107":18,"108":18,"109":18,"110":126,"111":6,"112":2,"113":2,"114":2,"115":2,"116":2,"117":2,"118":6,"119":3,"120":3,"121":2,"122":2,"123":2,"124":2,"125":2,"126":6,"127":6,"128":6,"129":18,"130":18,"131":18,"132":18,"133":9,"134":3,"135":3,"136":1,"137":1,"138":5,"139":9,"140":6,"141":2,"142":1,"143":1},"f":{"0":4,"1":2,"2":1,"3":201,"4":1,"5":15,"6":9,"7":30,"8":1,"9":15,"10":1,"11":1,"12":3,"13":4,"14":4,"15":1,"16":6,"17":1,"18":1,"19":56,"20":54,"21":2,"22":27,"23":4,"24":2,"25":2,"26":1,"27":1,"28":1,"29":1,"30":1,"31":6,"32":1,"33":3,"34":6,"35":2},"b":{"0":[3,1],"1":[4,3],"2":[39,0],"3":[2,1],"4":[1,200],"5":[107,94],"6":[1,200],"7":[201,94],"8":[1,0],"9":[2,55],"10":[54,0],"11":[1,3],"12":[2,0],"13":[1,26],"14":[1,25],"15":[1,1],"16":[1],"17":[3,3],"18":[9,9],"19":[3,1,5]},"_coverageSchema":"43e27e138ebf9cfc5966b082cf9a028302ed4184","hash":"5eed59269e5962d8d5356965579a157c008b9a29","contentHash":"09e68ff880e48c96f4739cbb127637da335a88c2ffd310be91dd9427bb873133"},"C:\\project\\meeko\\lib\\string.js":{"path":"C:\\project\\meeko\\lib\\string.js","statementMap":{"0":{"start":{"line":2,"column":12},"end":{"line":2,"column":28}},"1":{"start":{"line":3,"column":0},"end":{"line":119,"column":1}},"2":{"start":{"line":5,"column":4},"end":{"line":5,"column":30}},"3":{"start":{"line":8,"column":12},"end":{"line":8,"column":29}},"4":{"start":{"line":9,"column":13},"end":{"line":9,"column":50}},"5":{"start":{"line":10,"column":4},"end":{"line":10,"column":37}},"6":{"start":{"line":13,"column":14},"end":{"line":13,"column":26}},"7":{"start":{"line":14,"column":4},"end":{"line":14,"column":47}},"8":{"start":{"line":16,"column":17},"end":{"line":16,"column":19}},"9":{"start":{"line":17,"column":4},"end":{"line":20,"column":5}},"10":{"start":{"line":18,"column":6},"end":{"line":18,"column":46}},"11":{"start":{"line":19,"column":6},"end":{"line":19,"column":45}},"12":{"start":{"line":21,"column":4},"end":{"line":41,"column":5}},"13":{"start":{"line":22,"column":6},"end":{"line":22,"column":53}},"14":{"start":{"line":23,"column":6},"end":{"line":25,"column":7}},"15":{"start":{"line":24,"column":8},"end":{"line":24,"column":23}},"16":{"start":{"line":26,"column":20},"end":{"line":26,"column":60}},"17":{"start":{"line":27,"column":20},"end":{"line":27,"column":62}},"18":{"start":{"line":28,"column":15},"end":{"line":28,"column":29}},"19":{"start":{"line":29,"column":6},"end":{"line":31,"column":7}},"20":{"start":{"line":30,"column":8},"end":{"line":30,"column":46}},"21":{"start":{"line":32,"column":6},"end":{"line":34,"column":7}},"22":{"start":{"line":33,"column":8},"end":{"line":33,"column":50}},"23":{"start":{"line":35,"column":6},"end":{"line":37,"column":7}},"24":{"start":{"line":36,"column":8},"end":{"line":36,"column":20}},"25":{"start":{"line":38,"column":6},"end":{"line":38,"column":39}},"26":{"start":{"line":40,"column":6},"end":{"line":40,"column":14}},"27":{"start":{"line":44,"column":4},"end":{"line":44,"column":29}},"28":{"start":{"line":47,"column":4},"end":{"line":47,"column":29}},"29":{"start":{"line":50,"column":12},"end":{"line":50,"column":89}},"30":{"start":{"line":51,"column":4},"end":{"line":53,"column":6}},"31":{"start":{"line":52,"column":6},"end":{"line":52,"column":17}},"32":{"start":{"line":56,"column":4},"end":{"line":56,"column":135}},"33":{"start":{"line":59,"column":4},"end":{"line":59,"column":43}},"34":{"start":{"line":62,"column":4},"end":{"line":62,"column":51}},"35":{"start":{"line":65,"column":17},"end":{"line":65,"column":27}},"36":{"start":{"line":66,"column":4},"end":{"line":68,"column":5}},"37":{"start":{"line":66,"column":17},"end":{"line":66,"column":18}},"38":{"start":{"line":66,"column":24},"end":{"line":66,"column":40}},"39":{"start":{"line":67,"column":6},"end":{"line":67,"column":26}},"40":{"start":{"line":69,"column":4},"end":{"line":71,"column":6}},"41":{"start":{"line":70,"column":6},"end":{"line":70,"column":34}},"42":{"start":{"line":74,"column":4},"end":{"line":74,"column":54}},"43":{"start":{"line":77,"column":4},"end":{"line":77,"column":25}},"44":{"start":{"line":80,"column":12},"end":{"line":80,"column":26}},"45":{"start":{"line":81,"column":4},"end":{"line":81,"column":21}},"46":{"start":{"line":84,"column":4},"end":{"line":84,"column":41}},"47":{"start":{"line":87,"column":4},"end":{"line":89,"column":6}},"48":{"start":{"line":88,"column":6},"end":{"line":88,"column":41}},"49":{"start":{"line":92,"column":4},"end":{"line":92,"column":16}},"50":{"start":{"line":93,"column":4},"end":{"line":93,"column":106}},"51":{"start":{"line":96,"column":4},"end":{"line":96,"column":16}},"52":{"start":{"line":97,"column":4},"end":{"line":101,"column":5}},"53":{"start":{"line":98,"column":6},"end":{"line":98,"column":23}},"54":{"start":{"line":100,"column":6},"end":{"line":100,"column":23}},"55":{"start":{"line":104,"column":4},"end":{"line":108,"column":5}},"56":{"start":{"line":105,"column":6},"end":{"line":105,"column":73}},"57":{"start":{"line":107,"column":6},"end":{"line":107,"column":17}},"58":{"start":{"line":111,"column":4},"end":{"line":111,"column":38}},"59":{"start":{"line":114,"column":12},"end":{"line":114,"column":30}},"60":{"start":{"line":115,"column":4},"end":{"line":117,"column":6}},"61":{"start":{"line":116,"column":6},"end":{"line":116,"column":28}}},"fnMap":{"0":{"name":"(anonymous_0)","decl":{"start":{"line":4,"column":2},"end":{"line":4,"column":3}},"loc":{"start":{"line":4,"column":13},"end":{"line":6,"column":3}},"line":4},"1":{"name":"(anonymous_1)","decl":{"start":{"line":7,"column":2},"end":{"line":7,"column":3}},"loc":{"start":{"line":7,"column":30},"end":{"line":11,"column":3}},"line":7},"2":{"name":"(anonymous_2)","decl":{"start":{"line":12,"column":2},"end":{"line":12,"column":3}},"loc":{"start":{"line":12,"column":14},"end":{"line":42,"column":3}},"line":12},"3":{"name":"(anonymous_3)","decl":{"start":{"line":43,"column":2},"end":{"line":43,"column":3}},"loc":{"start":{"line":43,"column":11},"end":{"line":45,"column":3}},"line":43},"4":{"name":"(anonymous_4)","decl":{"start":{"line":46,"column":2},"end":{"line":46,"column":3}},"loc":{"start":{"line":46,"column":10},"end":{"line":48,"column":3}},"line":46},"5":{"name":"(anonymous_5)","decl":{"start":{"line":49,"column":2},"end":{"line":49,"column":3}},"loc":{"start":{"line":49,"column":12},"end":{"line":54,"column":3}},"line":49},"6":{"name":"(anonymous_6)","decl":{"start":{"line":51,"column":42},"end":{"line":51,"column":43}},"loc":{"start":{"line":51,"column":55},"end":{"line":53,"column":5}},"line":51},"7":{"name":"(anonymous_7)","decl":{"start":{"line":55,"column":2},"end":{"line":55,"column":3}},"loc":{"start":{"line":55,"column":12},"end":{"line":57,"column":3}},"line":55},"8":{"name":"(anonymous_8)","decl":{"start":{"line":58,"column":2},"end":{"line":58,"column":3}},"loc":{"start":{"line":58,"column":12},"end":{"line":60,"column":3}},"line":58},"9":{"name":"(anonymous_9)","decl":{"start":{"line":61,"column":2},"end":{"line":61,"column":3}},"loc":{"start":{"line":61,"column":12},"end":{"line":63,"column":3}},"line":61},"10":{"name":"(anonymous_10)","decl":{"start":{"line":64,"column":2},"end":{"line":64,"column":3}},"loc":{"start":{"line":64,"column":12},"end":{"line":72,"column":3}},"line":64},"11":{"name":"(anonymous_11)","decl":{"start":{"line":69,"column":35},"end":{"line":69,"column":36}},"loc":{"start":{"line":69,"column":51},"end":{"line":71,"column":5}},"line":69},"12":{"name":"(anonymous_12)","decl":{"start":{"line":73,"column":2},"end":{"line":73,"column":3}},"loc":{"start":{"line":73,"column":9},"end":{"line":75,"column":3}},"line":73},"13":{"name":"(anonymous_13)","decl":{"start":{"line":76,"column":2},"end":{"line":76,"column":3}},"loc":{"start":{"line":76,"column":11},"end":{"line":78,"column":3}},"line":76},"14":{"name":"(anonymous_14)","decl":{"start":{"line":79,"column":2},"end":{"line":79,"column":3}},"loc":{"start":{"line":79,"column":22},"end":{"line":82,"column":3}},"line":79},"15":{"name":"(anonymous_15)","decl":{"start":{"line":83,"column":2},"end":{"line":83,"column":3}},"loc":{"start":{"line":83,"column":10},"end":{"line":85,"column":3}},"line":83},"16":{"name":"(anonymous_16)","decl":{"start":{"line":86,"column":2},"end":{"line":86,"column":3}},"loc":{"start":{"line":86,"column":14},"end":{"line":90,"column":3}},"line":86},"17":{"name":"(anonymous_17)","decl":{"start":{"line":87,"column":37},"end":{"line":87,"column":38}},"loc":{"start":{"line":87,"column":50},"end":{"line":89,"column":5}},"line":87},"18":{"name":"(anonymous_18)","decl":{"start":{"line":91,"column":2},"end":{"line":91,"column":3}},"loc":{"start":{"line":91,"column":9},"end":{"line":94,"column":3}},"line":91},"19":{"name":"(anonymous_19)","decl":{"start":{"line":95,"column":2},"end":{"line":95,"column":3}},"loc":{"start":{"line":95,"column":9},"end":{"line":102,"column":3}},"line":95},"20":{"name":"(anonymous_20)","decl":{"start":{"line":103,"column":2},"end":{"line":103,"column":3}},"loc":{"start":{"line":103,"column":9},"end":{"line":109,"column":3}},"line":103},"21":{"name":"(anonymous_21)","decl":{"start":{"line":110,"column":2},"end":{"line":110,"column":3}},"loc":{"start":{"line":110,"column":9},"end":{"line":112,"column":3}},"line":110},"22":{"name":"(anonymous_22)","decl":{"start":{"line":113,"column":2},"end":{"line":113,"column":3}},"loc":{"start":{"line":113,"column":16},"end":{"line":118,"column":3}},"line":113},"23":{"name":"(anonymous_23)","decl":{"start":{"line":115,"column":39},"end":{"line":115,"column":40}},"loc":{"start":{"line":115,"column":52},"end":{"line":117,"column":5}},"line":115}},"branchMap":{"0":{"loc":{"start":{"line":7,"column":21},"end":{"line":7,"column":28}},"type":"default-arg","locations":[{"start":{"line":7,"column":27},"end":{"line":7,"column":28}}],"line":7},"1":{"loc":{"start":{"line":9,"column":13},"end":{"line":9,"column":50}},"type":"cond-expr","locations":[{"start":{"line":9,"column":27},"end":{"line":9,"column":45}},{"start":{"line":9,"column":48},"end":{"line":9,"column":50}}],"line":9},"2":{"loc":{"start":{"line":10,"column":11},"end":{"line":10,"column":37}},"type":"cond-expr","locations":[{"start":{"line":10,"column":18},"end":{"line":10,"column":26}},{"start":{"line":10,"column":29},"end":{"line":10,"column":37}}],"line":10},"3":{"loc":{"start":{"line":17,"column":4},"end":{"line":20,"column":5}},"type":"if","locations":[{"start":{"line":17,"column":4},"end":{"line":20,"column":5}},{"start":{"line":17,"column":4},"end":{"line":20,"column":5}}],"line":17},"4":{"loc":{"start":{"line":21,"column":4},"end":{"line":41,"column":5}},"type":"if","locations":[{"start":{"line":21,"column":4},"end":{"line":41,"column":5}},{"start":{"line":21,"column":4},"end":{"line":41,"column":5}}],"line":21},"5":{"loc":{"start":{"line":23,"column":6},"end":{"line":25,"column":7}},"type":"if","locations":[{"start":{"line":23,"column":6},"end":{"line":25,"column":7}},{"start":{"line":23,"column":6},"end":{"line":25,"column":7}}],"line":23},"6":{"loc":{"start":{"line":32,"column":6},"end":{"line":34,"column":7}},"type":"if","locations":[{"start":{"line":32,"column":6},"end":{"line":34,"column":7}},{"start":{"line":32,"column":6},"end":{"line":34,"column":7}}],"line":32},"7":{"loc":{"start":{"line":35,"column":6},"end":{"line":37,"column":7}},"type":"if","locations":[{"start":{"line":35,"column":6},"end":{"line":37,"column":7}},{"start":{"line":35,"column":6},"end":{"line":37,"column":7}}],"line":35},"8":{"loc":{"start":{"line":62,"column":11},"end":{"line":62,"column":51}},"type":"cond-expr","locations":[{"start":{"line":62,"column":19},"end":{"line":62,"column":46}},{"start":{"line":62,"column":49},"end":{"line":62,"column":51}}],"line":62},"9":{"loc":{"start":{"line":70,"column":13},"end":{"line":70,"column":34}},"type":"binary-expr","locations":[{"start":{"line":70,"column":13},"end":{"line":70,"column":17}},{"start":{"line":70,"column":21},"end":{"line":70,"column":34}}],"line":70},"10":{"loc":{"start":{"line":97,"column":4},"end":{"line":101,"column":5}},"type":"if","locations":[{"start":{"line":97,"column":4},"end":{"line":101,"column":5}},{"start":{"line":97,"column":4},"end":{"line":101,"column":5}}],"line":97},"11":{"loc":{"start":{"line":104,"column":4},"end":{"line":108,"column":5}},"type":"if","locations":[{"start":{"line":104,"column":4},"end":{"line":108,"column":5}},{"start":{"line":104,"column":4},"end":{"line":108,"column":5}}],"line":104}},"s":{"0":1,"1":1,"2":3,"3":31,"4":31,"5":31,"6":7,"7":7,"8":7,"9":7,"10":4,"11":4,"12":7,"13":6,"14":6,"15":2,"16":6,"17":6,"18":6,"19":6,"20":12,"21":6,"22":3,"23":6,"24":1,"25":6,"26":1,"27":1176,"28":1,"29":1,"30":1,"31":3,"32":1,"33":1,"34":30,"35":1,"36":1,"37":1,"38":1,"39":4,"40":1,"41":4,"42":292,"43":1,"44":83,"45":83,"46":1510,"47":1,"48":2,"49":6,"50":6,"51":2,"52":2,"53":1,"54":1,"55":4,"56":2,"57":2,"58":2,"59":2,"60":2,"61":2},"f":{"0":3,"1":31,"2":7,"3":1176,"4":1,"5":1,"6":3,"7":1,"8":1,"9":30,"10":1,"11":4,"12":292,"13":1,"14":83,"15":1510,"16":1,"17":2,"18":6,"19":2,"20":4,"21":2,"22":2,"23":2},"b":{"0":[27],"1":[28,3],"2":[28,3],"3":[4,3],"4":[6,1],"5":[2,4],"6":[3,3],"7":[1,5],"8":[29,1],"9":[4,0],"10":[1,1],"11":[2,2]},"_coverageSchema":"43e27e138ebf9cfc5966b082cf9a028302ed4184","hash":"967a86d8a37d39a015fbacdd6524c5e0f93c1cff","contentHash":"9571559011bebfc0e812c3c598519ce4c4bb0e4c94d51c434282e70445d71bc1"},"C:\\project\\meeko\\lib\\tpl.js":{"path":"C:\\project\\meeko\\lib\\tpl.js","statementMap":{"0":{"start":{"line":1,"column":0},"end":{"line":75,"column":4}},"1":{"start":{"line":3,"column":17},"end":{"line":6,"column":3}},"2":{"start":{"line":8,"column":10},"end":{"line":28,"column":3}},"3":{"start":{"line":10,"column":6},"end":{"line":10,"column":31}},"4":{"start":{"line":13,"column":14},"end":{"line":13,"column":53}},"5":{"start":{"line":14,"column":6},"end":{"line":14,"column":60}},"6":{"start":{"line":17,"column":6},"end":{"line":22,"column":32}},"7":{"start":{"line":25,"column":14},"end":{"line":25,"column":29}},"8":{"start":{"line":26,"column":6},"end":{"line":26,"column":90}},"9":{"start":{"line":30,"column":10},"end":{"line":30,"column":15}},"10":{"start":{"line":32,"column":10},"end":{"line":34,"column":3}},"11":{"start":{"line":33,"column":4},"end":{"line":33,"column":16}},"12":{"start":{"line":35,"column":2},"end":{"line":74,"column":78}},"13":{"start":{"line":36,"column":12},"end":{"line":36,"column":16}},"14":{"start":{"line":38,"column":12},"end":{"line":38,"column":13}},"15":{"start":{"line":40,"column":12},"end":{"line":40,"column":37}},"16":{"start":{"line":42,"column":12},"end":{"line":42,"column":32}},"17":{"start":{"line":43,"column":4},"end":{"line":43,"column":30}},"18":{"start":{"line":44,"column":4},"end":{"line":44,"column":30}},"19":{"start":{"line":46,"column":4},"end":{"line":56,"column":64}},"20":{"start":{"line":51,"column":8},"end":{"line":51,"column":93}},"21":{"start":{"line":54,"column":16},"end":{"line":54,"column":21}},"22":{"start":{"line":55,"column":8},"end":{"line":55,"column":208}},"23":{"start":{"line":57,"column":4},"end":{"line":61,"column":5}},"24":{"start":{"line":58,"column":6},"end":{"line":58,"column":73}},"25":{"start":{"line":60,"column":6},"end":{"line":60,"column":42}},"26":{"start":{"line":63,"column":19},"end":{"line":63,"column":23}},"27":{"start":{"line":64,"column":4},"end":{"line":64,"column":162}},"28":{"start":{"line":66,"column":4},"end":{"line":66,"column":75}},"29":{"start":{"line":68,"column":4},"end":{"line":68,"column":15}},"30":{"start":{"line":69,"column":4},"end":{"line":71,"column":5}},"31":{"start":{"line":70,"column":6},"end":{"line":70,"column":17}},"32":{"start":{"line":73,"column":4},"end":{"line":73,"column":12}}},"fnMap":{"0":{"name":"(anonymous_0)","decl":{"start":{"line":1,"column":2},"end":{"line":1,"column":3}},"loc":{"start":{"line":1,"column":14},"end":{"line":75,"column":1}},"line":1},"1":{"name":"(anonymous_1)","decl":{"start":{"line":9,"column":4},"end":{"line":9,"column":5}},"loc":{"start":{"line":9,"column":12},"end":{"line":11,"column":5}},"line":9},"2":{"name":"(anonymous_2)","decl":{"start":{"line":12,"column":4},"end":{"line":12,"column":5}},"loc":{"start":{"line":12,"column":20},"end":{"line":15,"column":5}},"line":12},"3":{"name":"(anonymous_3)","decl":{"start":{"line":16,"column":4},"end":{"line":16,"column":5}},"loc":{"start":{"line":16,"column":15},"end":{"line":23,"column":5}},"line":16},"4":{"name":"(anonymous_4)","decl":{"start":{"line":24,"column":4},"end":{"line":24,"column":5}},"loc":{"start":{"line":24,"column":17},"end":{"line":27,"column":5}},"line":24},"5":{"name":"(anonymous_5)","decl":{"start":{"line":32,"column":10},"end":{"line":32,"column":11}},"loc":{"start":{"line":32,"column":23},"end":{"line":34,"column":3}},"line":32},"6":{"name":"(anonymous_6)","decl":{"start":{"line":35,"column":35},"end":{"line":35,"column":36}},"loc":{"start":{"line":35,"column":51},"end":{"line":62,"column":3}},"line":35},"7":{"name":"(anonymous_7)","decl":{"start":{"line":50,"column":26},"end":{"line":50,"column":27}},"loc":{"start":{"line":50,"column":39},"end":{"line":52,"column":7}},"line":50},"8":{"name":"(anonymous_8)","decl":{"start":{"line":53,"column":27},"end":{"line":53,"column":28}},"loc":{"start":{"line":53,"column":40},"end":{"line":56,"column":7}},"line":53},"9":{"name":"(anonymous_9)","decl":{"start":{"line":62,"column":19},"end":{"line":62,"column":20}},"loc":{"start":{"line":62,"column":35},"end":{"line":65,"column":3}},"line":62},"10":{"name":"(anonymous_10)","decl":{"start":{"line":65,"column":9},"end":{"line":65,"column":10}},"loc":{"start":{"line":65,"column":22},"end":{"line":67,"column":3}},"line":65},"11":{"name":"(anonymous_11)","decl":{"start":{"line":67,"column":16},"end":{"line":67,"column":17}},"loc":{"start":{"line":67,"column":29},"end":{"line":72,"column":3}},"line":67},"12":{"name":"(anonymous_12)","decl":{"start":{"line":72,"column":56},"end":{"line":72,"column":57}},"loc":{"start":{"line":72,"column":68},"end":{"line":74,"column":3}},"line":72}},"branchMap":{"0":{"loc":{"start":{"line":13,"column":46},"end":{"line":13,"column":52}},"type":"binary-expr","locations":[{"start":{"line":13,"column":46},"end":{"line":13,"column":47}},{"start":{"line":13,"column":51},"end":{"line":13,"column":52}}],"line":13},"1":{"loc":{"start":{"line":14,"column":16},"end":{"line":14,"column":23}},"type":"binary-expr","locations":[{"start":{"line":14,"column":16},"end":{"line":14,"column":17}},{"start":{"line":14,"column":21},"end":{"line":14,"column":23}}],"line":14},"2":{"loc":{"start":{"line":14,"column":51},"end":{"line":14,"column":58}},"type":"binary-expr","locations":[{"start":{"line":14,"column":51},"end":{"line":14,"column":52}},{"start":{"line":14,"column":56},"end":{"line":14,"column":58}}],"line":14},"3":{"loc":{"start":{"line":17,"column":20},"end":{"line":17,"column":27}},"type":"binary-expr","locations":[{"start":{"line":17,"column":20},"end":{"line":17,"column":21}},{"start":{"line":17,"column":25},"end":{"line":17,"column":27}}],"line":17},"4":{"loc":{"start":{"line":26,"column":13},"end":{"line":26,"column":83}},"type":"binary-expr","locations":[{"start":{"line":26,"column":13},"end":{"line":26,"column":40}},{"start":{"line":26,"column":44},"end":{"line":26,"column":83}}],"line":26},"5":{"loc":{"start":{"line":26,"column":74},"end":{"line":26,"column":81}},"type":"binary-expr","locations":[{"start":{"line":26,"column":74},"end":{"line":26,"column":75}},{"start":{"line":26,"column":79},"end":{"line":26,"column":81}}],"line":26},"6":{"loc":{"start":{"line":55,"column":15},"end":{"line":55,"column":208}},"type":"cond-expr","locations":[{"start":{"line":55,"column":59},"end":{"line":55,"column":61}},{"start":{"line":55,"column":65},"end":{"line":55,"column":207}}],"line":55},"7":{"loc":{"start":{"line":55,"column":111},"end":{"line":55,"column":173}},"type":"binary-expr","locations":[{"start":{"line":55,"column":111},"end":{"line":55,"column":125}},{"start":{"line":55,"column":130},"end":{"line":55,"column":172}}],"line":55},"8":{"loc":{"start":{"line":64,"column":11},"end":{"line":64,"column":162}},"type":"cond-expr","locations":[{"start":{"line":64,"column":16},"end":{"line":64,"column":140}},{"start":{"line":64,"column":144},"end":{"line":64,"column":162}}],"line":64},"9":{"loc":{"start":{"line":64,"column":20},"end":{"line":64,"column":116}},"type":"cond-expr","locations":[{"start":{"line":64,"column":30},"end":{"line":64,"column":50}},{"start":{"line":64,"column":53},"end":{"line":64,"column":116}}],"line":64},"10":{"loc":{"start":{"line":64,"column":118},"end":{"line":64,"column":140}},"type":"cond-expr","locations":[{"start":{"line":64,"column":123},"end":{"line":64,"column":135}},{"start":{"line":64,"column":139},"end":{"line":64,"column":140}}],"line":64},"11":{"loc":{"start":{"line":66,"column":11},"end":{"line":66,"column":75}},"type":"cond-expr","locations":[{"start":{"line":66,"column":35},"end":{"line":66,"column":64}},{"start":{"line":66,"column":67},"end":{"line":66,"column":75}}],"line":66},"12":{"loc":{"start":{"line":68,"column":8},"end":{"line":68,"column":15}},"type":"binary-expr","locations":[{"start":{"line":68,"column":8},"end":{"line":68,"column":9}},{"start":{"line":68,"column":13},"end":{"line":68,"column":15}}],"line":68},"13":{"loc":{"start":{"line":72,"column":18},"end":{"line":74,"column":78}},"type":"cond-expr","locations":[{"start":{"line":72,"column":49},"end":{"line":74,"column":4}},{"start":{"line":74,"column":7},"end":{"line":74,"column":78}}],"line":72},"14":{"loc":{"start":{"line":74,"column":7},"end":{"line":74,"column":78}},"type":"cond-expr","locations":[{"start":{"line":74,"column":40},"end":{"line":74,"column":58}},{"start":{"line":74,"column":61},"end":{"line":74,"column":78}}],"line":74}},"s":{"0":1,"1":1,"2":1,"3":44,"4":12,"5":12,"6":2,"7":4,"8":4,"9":1,"10":1,"11":7,"12":1,"13":6,"14":6,"15":6,"16":6,"17":6,"18":6,"19":6,"20":1,"21":8,"22":8,"23":6,"24":6,"25":1,"26":7,"27":7,"28":9,"29":2,"30":2,"31":2,"32":0},"f":{"0":1,"1":44,"2":12,"3":2,"4":4,"5":7,"6":6,"7":1,"8":8,"9":7,"10":9,"11":2,"12":0},"b":{"0":[12,6],"1":[12,12],"2":[12,12],"3":[2,1],"4":[4,4],"5":[4,3],"6":[0,8],"7":[8,2],"8":[6,1],"9":[0,6],"10":[0,6],"11":[2,7],"12":[2,1],"13":[0,1],"14":[1,0]},"_coverageSchema":"43e27e138ebf9cfc5966b082cf9a028302ed4184","hash":"193fde7dd0c1e45307a03fbd0d2bf67ed588cd8f","contentHash":"c9825ce091dd53a741465201fe58ecd03cebb44c4585afdef514489ffe1fef6c"},"C:\\project\\meeko\\lib\\date.js":{"path":"C:\\project\\meeko\\lib\\date.js","statementMap":{"0":{"start":{"line":4,"column":17},"end":{"line":4,"column":37}},"1":{"start":{"line":5,"column":13},"end":{"line":5,"column":30}},"2":{"start":{"line":6,"column":2},"end":{"line":8,"column":3}},"3":{"start":{"line":7,"column":4},"end":{"line":7,"column":19}},"4":{"start":{"line":9,"column":2},"end":{"line":9,"column":30}},"5":{"start":{"line":10,"column":2},"end":{"line":10,"column":62}},"6":{"start":{"line":11,"column":2},"end":{"line":11,"column":27}},"7":{"start":{"line":15,"column":17},"end":{"line":15,"column":58}},"8":{"start":{"line":16,"column":2},"end":{"line":18,"column":3}},"9":{"start":{"line":17,"column":4},"end":{"line":17,"column":60}},"10":{"start":{"line":19,"column":10},"end":{"line":19,"column":73}},"11":{"start":{"line":20,"column":2},"end":{"line":20,"column":30}},"12":{"start":{"line":22,"column":13},"end":{"line":46,"column":1}},"13":{"start":{"line":23,"column":10},"end":{"line":36,"column":3}},"14":{"start":{"line":37,"column":2},"end":{"line":39,"column":3}},"15":{"start":{"line":38,"column":4},"end":{"line":38,"column":84}},"16":{"start":{"line":40,"column":2},"end":{"line":44,"column":3}},"17":{"start":{"line":41,"column":4},"end":{"line":43,"column":5}},"18":{"start":{"line":42,"column":6},"end":{"line":42,"column":110}},"19":{"start":{"line":45,"column":2},"end":{"line":45,"column":10}},"20":{"start":{"line":47,"column":0},"end":{"line":86,"column":1}},"21":{"start":{"line":49,"column":4},"end":{"line":49,"column":31}},"22":{"start":{"line":52,"column":4},"end":{"line":52,"column":29}},"23":{"start":{"line":55,"column":4},"end":{"line":55,"column":28}},"24":{"start":{"line":58,"column":12},"end":{"line":58,"column":31}},"25":{"start":{"line":59,"column":12},"end":{"line":59,"column":26}},"26":{"start":{"line":60,"column":4},"end":{"line":60,"column":28}},"27":{"start":{"line":61,"column":4},"end":{"line":61,"column":28}},"28":{"start":{"line":62,"column":4},"end":{"line":62,"column":15}},"29":{"start":{"line":63,"column":4},"end":{"line":63,"column":45}},"30":{"start":{"line":67,"column":12},"end":{"line":67,"column":16}},"31":{"start":{"line":68,"column":12},"end":{"line":78,"column":5}},"32":{"start":{"line":79,"column":12},"end":{"line":82,"column":5}},"33":{"start":{"line":83,"column":4},"end":{"line":83,"column":82}},"34":{"start":{"line":84,"column":4},"end":{"line":84,"column":12}}},"fnMap":{"0":{"name":"getFirstWeekBegDay","decl":{"start":{"line":3,"column":9},"end":{"line":3,"column":27}},"loc":{"start":{"line":3,"column":35},"end":{"line":12,"column":1}},"line":3},"1":{"name":"getWeekIndex","decl":{"start":{"line":14,"column":9},"end":{"line":14,"column":21}},"loc":{"start":{"line":14,"column":32},"end":{"line":21,"column":1}},"line":14},"2":{"name":"(anonymous_2)","decl":{"start":{"line":22,"column":13},"end":{"line":22,"column":14}},"loc":{"start":{"line":22,"column":50},"end":{"line":46,"column":1}},"line":22},"3":{"name":"(anonymous_3)","decl":{"start":{"line":48,"column":2},"end":{"line":48,"column":3}},"loc":{"start":{"line":48,"column":13},"end":{"line":50,"column":3}},"line":48},"4":{"name":"(anonymous_4)","decl":{"start":{"line":51,"column":2},"end":{"line":51,"column":3}},"loc":{"start":{"line":51,"column":13},"end":{"line":53,"column":3}},"line":51},"5":{"name":"(anonymous_5)","decl":{"start":{"line":54,"column":2},"end":{"line":54,"column":3}},"loc":{"start":{"line":54,"column":14},"end":{"line":56,"column":3}},"line":54},"6":{"name":"(anonymous_6)","decl":{"start":{"line":57,"column":2},"end":{"line":57,"column":3}},"loc":{"start":{"line":57,"column":12},"end":{"line":64,"column":3}},"line":57},"7":{"name":"(anonymous_7)","decl":{"start":{"line":66,"column":2},"end":{"line":66,"column":3}},"loc":{"start":{"line":66,"column":29},"end":{"line":85,"column":3}},"line":66}},"branchMap":{"0":{"loc":{"start":{"line":6,"column":2},"end":{"line":8,"column":3}},"type":"if","locations":[{"start":{"line":6,"column":2},"end":{"line":8,"column":3}},{"start":{"line":6,"column":2},"end":{"line":8,"column":3}}],"line":6},"1":{"loc":{"start":{"line":9,"column":9},"end":{"line":9,"column":30}},"type":"cond-expr","locations":[{"start":{"line":9,"column":22},"end":{"line":9,"column":23}},{"start":{"line":9,"column":26},"end":{"line":9,"column":30}}],"line":9},"2":{"loc":{"start":{"line":16,"column":2},"end":{"line":18,"column":3}},"type":"if","locations":[{"start":{"line":16,"column":2},"end":{"line":18,"column":3}},{"start":{"line":16,"column":2},"end":{"line":18,"column":3}}],"line":16},"3":{"loc":{"start":{"line":22,"column":23},"end":{"line":22,"column":48}},"type":"default-arg","locations":[{"start":{"line":22,"column":27},"end":{"line":22,"column":48}}],"line":22},"4":{"loc":{"start":{"line":37,"column":2},"end":{"line":39,"column":3}},"type":"if","locations":[{"start":{"line":37,"column":2},"end":{"line":39,"column":3}},{"start":{"line":37,"column":2},"end":{"line":39,"column":3}}],"line":37},"5":{"loc":{"start":{"line":41,"column":4},"end":{"line":43,"column":5}},"type":"if","locations":[{"start":{"line":41,"column":4},"end":{"line":43,"column":5}},{"start":{"line":41,"column":4},"end":{"line":43,"column":5}}],"line":41},"6":{"loc":{"start":{"line":42,"column":31},"end":{"line":42,"column":109}},"type":"cond-expr","locations":[{"start":{"line":42,"column":59},"end":{"line":42,"column":63}},{"start":{"line":42,"column":68},"end":{"line":42,"column":108}}],"line":42},"7":{"loc":{"start":{"line":60,"column":8},"end":{"line":60,"column":28}},"type":"cond-expr","locations":[{"start":{"line":60,"column":17},"end":{"line":60,"column":24}},{"start":{"line":60,"column":27},"end":{"line":60,"column":28}}],"line":60},"8":{"loc":{"start":{"line":61,"column":8},"end":{"line":61,"column":28}},"type":"cond-expr","locations":[{"start":{"line":61,"column":17},"end":{"line":61,"column":24}},{"start":{"line":61,"column":27},"end":{"line":61,"column":28}}],"line":61},"9":{"loc":{"start":{"line":62,"column":8},"end":{"line":62,"column":15}},"type":"binary-expr","locations":[{"start":{"line":62,"column":8},"end":{"line":62,"column":9}},{"start":{"line":62,"column":13},"end":{"line":62,"column":15}}],"line":62},"10":{"loc":{"start":{"line":83,"column":55},"end":{"line":83,"column":71}},"type":"binary-expr","locations":[{"start":{"line":83,"column":55},"end":{"line":83,"column":66}},{"start":{"line":83,"column":70},"end":{"line":83,"column":71}}],"line":83}},"s":{"0":178,"1":178,"2":178,"3":1,"4":177,"5":177,"6":177,"7":175,"8":175,"9":3,"10":175,"11":175,"12":1,"13":86,"14":86,"15":85,"16":86,"17":1032,"18":425,"19":86,"20":1,"21":9,"22":3,"23":77,"24":2,"25":2,"26":2,"27":2,"28":2,"29":2,"30":16,"31":16,"32":16,"33":16,"34":16},"f":{"0":178,"1":175,"2":86,"3":9,"4":3,"5":77,"6":2,"7":16},"b":{"0":[1,177],"1":[0,177],"2":[3,172],"3":[79],"4":[85,1],"5":[425,607],"6":[2,423],"7":[1,1],"8":[1,1],"9":[2,2],"10":[16,12]},"_coverageSchema":"43e27e138ebf9cfc5966b082cf9a028302ed4184","hash":"b8288f52c6561079fd6ef946f05b23e6a52f5ced","contentHash":"4daecb32ae395ba4616831a2fbb00f6045b42f7d7c191505080cc865c0392813"},"C:\\project\\meeko\\lib\\array.js":{"path":"C:\\project\\meeko\\lib\\array.js","statementMap":{"0":{"start":{"line":3,"column":16},"end":{"line":3,"column":94}},"1":{"start":{"line":3,"column":25},"end":{"line":3,"column":94}},"2":{"start":{"line":3,"column":46},"end":{"line":3,"column":89}},"3":{"start":{"line":5,"column":0},"end":{"line":78,"column":1}},"4":{"start":{"line":7,"column":4},"end":{"line":7,"column":43}},"5":{"start":{"line":10,"column":4},"end":{"line":13,"column":10}},"6":{"start":{"line":11,"column":6},"end":{"line":11,"column":39}},"7":{"start":{"line":12,"column":6},"end":{"line":12,"column":14}},"8":{"start":{"line":16,"column":4},"end":{"line":16,"column":24}},"9":{"start":{"line":19,"column":4},"end":{"line":27,"column":5}},"10":{"start":{"line":20,"column":6},"end":{"line":26,"column":11}},"11":{"start":{"line":21,"column":8},"end":{"line":24,"column":9}},"12":{"start":{"line":22,"column":27},"end":{"line":22,"column":99}},"13":{"start":{"line":23,"column":10},"end":{"line":23,"column":46}},"14":{"start":{"line":25,"column":8},"end":{"line":25,"column":18}},"15":{"start":{"line":30,"column":4},"end":{"line":30,"column":28}},"16":{"start":{"line":30,"column":14},"end":{"line":30,"column":26}},"17":{"start":{"line":31,"column":4},"end":{"line":31,"column":50}},"18":{"start":{"line":31,"column":36},"end":{"line":31,"column":48}},"19":{"start":{"line":32,"column":4},"end":{"line":39,"column":5}},"20":{"start":{"line":32,"column":17},"end":{"line":32,"column":18}},"21":{"start":{"line":32,"column":24},"end":{"line":32,"column":35}},"22":{"start":{"line":33,"column":6},"end":{"line":38,"column":7}},"23":{"start":{"line":34,"column":8},"end":{"line":34,"column":51}},"24":{"start":{"line":34,"column":37},"end":{"line":34,"column":49}},"25":{"start":{"line":35,"column":13},"end":{"line":38,"column":7}},"26":{"start":{"line":37,"column":8},"end":{"line":37,"column":20}},"27":{"start":{"line":40,"column":4},"end":{"line":40,"column":15}},"28":{"start":{"line":43,"column":4},"end":{"line":43,"column":36}},"29":{"start":{"line":46,"column":4},"end":{"line":46,"column":51}},"30":{"start":{"line":46,"column":28},"end":{"line":46,"column":41}},"31":{"start":{"line":49,"column":4},"end":{"line":49,"column":34}},"32":{"start":{"line":52,"column":17},"end":{"line":52,"column":48}},"33":{"start":{"line":52,"column":34},"end":{"line":52,"column":47}},"34":{"start":{"line":53,"column":4},"end":{"line":53,"column":57}},"35":{"start":{"line":53,"column":28},"end":{"line":53,"column":47}},"36":{"start":{"line":56,"column":4},"end":{"line":56,"column":42}},"37":{"start":{"line":56,"column":27},"end":{"line":56,"column":41}},"38":{"start":{"line":59,"column":13},"end":{"line":59,"column":17}},"39":{"start":{"line":60,"column":14},"end":{"line":60,"column":23}},"40":{"start":{"line":61,"column":4},"end":{"line":63,"column":12}},"41":{"start":{"line":62,"column":6},"end":{"line":62,"column":18}},"42":{"start":{"line":66,"column":13},"end":{"line":66,"column":24}},"43":{"start":{"line":67,"column":14},"end":{"line":67,"column":23}},"44":{"start":{"line":68,"column":4},"end":{"line":68,"column":27}},"45":{"start":{"line":68,"column":19},"end":{"line":68,"column":27}},"46":{"start":{"line":69,"column":4},"end":{"line":69,"column":80}},"47":{"start":{"line":72,"column":4},"end":{"line":72,"column":47}},"48":{"start":{"line":72,"column":27},"end":{"line":72,"column":46}},"49":{"start":{"line":75,"column":4},"end":{"line":75,"column":25}},"50":{"start":{"line":76,"column":4},"end":{"line":76,"column":15}}},"fnMap":{"0":{"name":"(anonymous_0)","decl":{"start":{"line":3,"column":16},"end":{"line":3,"column":17}},"loc":{"start":{"line":3,"column":25},"end":{"line":3,"column":94}},"line":3},"1":{"name":"(anonymous_1)","decl":{"start":{"line":3,"column":36},"end":{"line":3,"column":37}},"loc":{"start":{"line":3,"column":46},"end":{"line":3,"column":89}},"line":3},"2":{"name":"(anonymous_2)","decl":{"start":{"line":6,"column":2},"end":{"line":6,"column":3}},"loc":{"start":{"line":6,"column":10},"end":{"line":8,"column":3}},"line":6},"3":{"name":"(anonymous_3)","decl":{"start":{"line":9,"column":2},"end":{"line":9,"column":3}},"loc":{"start":{"line":9,"column":11},"end":{"line":14,"column":3}},"line":9},"4":{"name":"(anonymous_4)","decl":{"start":{"line":10,"column":23},"end":{"line":10,"column":24}},"loc":{"start":{"line":10,"column":42},"end":{"line":13,"column":5}},"line":10},"5":{"name":"(anonymous_5)","decl":{"start":{"line":15,"column":2},"end":{"line":15,"column":3}},"loc":{"start":{"line":15,"column":13},"end":{"line":17,"column":3}},"line":15},"6":{"name":"(anonymous_6)","decl":{"start":{"line":18,"column":2},"end":{"line":18,"column":3}},"loc":{"start":{"line":18,"column":36},"end":{"line":28,"column":3}},"line":18},"7":{"name":"(anonymous_7)","decl":{"start":{"line":19,"column":26},"end":{"line":19,"column":27}},"loc":{"start":{"line":20,"column":6},"end":{"line":26,"column":11}},"line":20},"8":{"name":"(anonymous_8)","decl":{"start":{"line":20,"column":19},"end":{"line":20,"column":20}},"loc":{"start":{"line":20,"column":37},"end":{"line":26,"column":7}},"line":20},"9":{"name":"(anonymous_9)","decl":{"start":{"line":29,"column":2},"end":{"line":29,"column":3}},"loc":{"start":{"line":29,"column":13},"end":{"line":41,"column":3}},"line":29},"10":{"name":"(anonymous_10)","decl":{"start":{"line":42,"column":2},"end":{"line":42,"column":3}},"loc":{"start":{"line":42,"column":12},"end":{"line":44,"column":3}},"line":42},"11":{"name":"(anonymous_11)","decl":{"start":{"line":45,"column":2},"end":{"line":45,"column":3}},"loc":{"start":{"line":45,"column":21},"end":{"line":47,"column":3}},"line":45},"12":{"name":"(anonymous_12)","decl":{"start":{"line":46,"column":23},"end":{"line":46,"column":24}},"loc":{"start":{"line":46,"column":28},"end":{"line":46,"column":41}},"line":46},"13":{"name":"(anonymous_13)","decl":{"start":{"line":48,"column":2},"end":{"line":48,"column":3}},"loc":{"start":{"line":48,"column":17},"end":{"line":50,"column":3}},"line":48},"14":{"name":"(anonymous_14)","decl":{"start":{"line":51,"column":2},"end":{"line":51,"column":3}},"loc":{"start":{"line":51,"column":18},"end":{"line":54,"column":3}},"line":51},"15":{"name":"(anonymous_15)","decl":{"start":{"line":52,"column":29},"end":{"line":52,"column":30}},"loc":{"start":{"line":52,"column":34},"end":{"line":52,"column":47}},"line":52},"16":{"name":"(anonymous_16)","decl":{"start":{"line":53,"column":23},"end":{"line":53,"column":24}},"loc":{"start":{"line":53,"column":28},"end":{"line":53,"column":47}},"line":53},"17":{"name":"(anonymous_17)","decl":{"start":{"line":55,"column":2},"end":{"line":55,"column":3}},"loc":{"start":{"line":55,"column":18},"end":{"line":57,"column":3}},"line":55},"18":{"name":"(anonymous_18)","decl":{"start":{"line":56,"column":22},"end":{"line":56,"column":23}},"loc":{"start":{"line":56,"column":27},"end":{"line":56,"column":41}},"line":56},"19":{"name":"(anonymous_19)","decl":{"start":{"line":58,"column":2},"end":{"line":58,"column":3}},"loc":{"start":{"line":58,"column":10},"end":{"line":64,"column":3}},"line":58},"20":{"name":"(anonymous_20)","decl":{"start":{"line":61,"column":21},"end":{"line":61,"column":22}},"loc":{"start":{"line":61,"column":37},"end":{"line":63,"column":5}},"line":61},"21":{"name":"(anonymous_21)","decl":{"start":{"line":65,"column":2},"end":{"line":65,"column":3}},"loc":{"start":{"line":65,"column":12},"end":{"line":70,"column":3}},"line":65},"22":{"name":"(anonymous_22)","decl":{"start":{"line":71,"column":2},"end":{"line":71,"column":3}},"loc":{"start":{"line":71,"column":13},"end":{"line":73,"column":3}},"line":71},"23":{"name":"(anonymous_23)","decl":{"start":{"line":72,"column":21},"end":{"line":72,"column":22}},"loc":{"start":{"line":72,"column":27},"end":{"line":72,"column":46}},"line":72},"24":{"name":"(anonymous_24)","decl":{"start":{"line":74,"column":2},"end":{"line":74,"column":3}},"loc":{"start":{"line":74,"column":28},"end":{"line":77,"column":3}},"line":74}},"branchMap":{"0":{"loc":{"start":{"line":3,"column":55},"end":{"line":3,"column":88}},"type":"cond-expr","locations":[{"start":{"line":3,"column":74},"end":{"line":3,"column":84}},{"start":{"line":3,"column":87},"end":{"line":3,"column":88}}],"line":3},"1":{"loc":{"start":{"line":11,"column":16},"end":{"line":11,"column":39}},"type":"cond-expr","locations":[{"start":{"line":11,"column":26},"end":{"line":11,"column":35}},{"start":{"line":11,"column":38},"end":{"line":11,"column":39}}],"line":11},"2":{"loc":{"start":{"line":18,"column":18},"end":{"line":18,"column":34}},"type":"default-arg","locations":[{"start":{"line":18,"column":27},"end":{"line":18,"column":34}}],"line":18},"3":{"loc":{"start":{"line":21,"column":8},"end":{"line":24,"column":9}},"type":"if","locations":[{"start":{"line":21,"column":8},"end":{"line":24,"column":9}},{"start":{"line":21,"column":8},"end":{"line":24,"column":9}}],"line":21},"4":{"loc":{"start":{"line":22,"column":27},"end":{"line":22,"column":99}},"type":"cond-expr","locations":[{"start":{"line":22,"column":60},"end":{"line":22,"column":78}},{"start":{"line":22,"column":81},"end":{"line":22,"column":99}}],"line":22},"5":{"loc":{"start":{"line":22,"column":27},"end":{"line":22,"column":57}},"type":"binary-expr","locations":[{"start":{"line":22,"column":27},"end":{"line":22,"column":33}},{"start":{"line":22,"column":37},"end":{"line":22,"column":57}}],"line":22},"6":{"loc":{"start":{"line":23,"column":16},"end":{"line":23,"column":46}},"type":"cond-expr","locations":[{"start":{"line":23,"column":26},"end":{"line":23,"column":27}},{"start":{"line":23,"column":30},"end":{"line":23,"column":46}}],"line":23},"7":{"loc":{"start":{"line":23,"column":30},"end":{"line":23,"column":46}},"type":"cond-expr","locations":[{"start":{"line":23,"column":40},"end":{"line":23,"column":42}},{"start":{"line":23,"column":45},"end":{"line":23,"column":46}}],"line":23},"8":{"loc":{"start":{"line":30,"column":4},"end":{"line":30,"column":28}},"type":"if","locations":[{"start":{"line":30,"column":4},"end":{"line":30,"column":28}},{"start":{"line":30,"column":4},"end":{"line":30,"column":28}}],"line":30},"9":{"loc":{"start":{"line":31,"column":4},"end":{"line":31,"column":50}},"type":"if","locations":[{"start":{"line":31,"column":4},"end":{"line":31,"column":50}},{"start":{"line":31,"column":4},"end":{"line":31,"column":50}}],"line":31},"10":{"loc":{"start":{"line":33,"column":6},"end":{"line":38,"column":7}},"type":"if","locations":[{"start":{"line":33,"column":6},"end":{"line":38,"column":7}},{"start":{"line":33,"column":6},"end":{"line":38,"column":7}}],"line":33},"11":{"loc":{"start":{"line":33,"column":10},"end":{"line":33,"column":59}},"type":"binary-expr","locations":[{"start":{"line":33,"column":10},"end":{"line":33,"column":34}},{"start":{"line":33,"column":38},"end":{"line":33,"column":59}}],"line":33},"12":{"loc":{"start":{"line":34,"column":8},"end":{"line":34,"column":51}},"type":"if","locations":[{"start":{"line":34,"column":8},"end":{"line":34,"column":51}},{"start":{"line":34,"column":8},"end":{"line":34,"column":51}}],"line":34},"13":{"loc":{"start":{"line":35,"column":13},"end":{"line":38,"column":7}},"type":"if","locations":[{"start":{"line":35,"column":13},"end":{"line":38,"column":7}},{"start":{"line":35,"column":13},"end":{"line":38,"column":7}}],"line":35},"14":{"loc":{"start":{"line":35,"column":17},"end":{"line":35,"column":70}},"type":"binary-expr","locations":[{"start":{"line":35,"column":17},"end":{"line":35,"column":33}},{"start":{"line":35,"column":38},"end":{"line":35,"column":53}},{"start":{"line":35,"column":57},"end":{"line":35,"column":69}}],"line":35},"15":{"loc":{"start":{"line":45,"column":13},"end":{"line":45,"column":19}},"type":"default-arg","locations":[{"start":{"line":45,"column":17},"end":{"line":45,"column":19}}],"line":45},"16":{"loc":{"start":{"line":48,"column":9},"end":{"line":48,"column":15}},"type":"default-arg","locations":[{"start":{"line":48,"column":13},"end":{"line":48,"column":15}}],"line":48},"17":{"loc":{"start":{"line":51,"column":10},"end":{"line":51,"column":16}},"type":"default-arg","locations":[{"start":{"line":51,"column":14},"end":{"line":51,"column":16}}],"line":51},"18":{"loc":{"start":{"line":55,"column":10},"end":{"line":55,"column":16}},"type":"default-arg","locations":[{"start":{"line":55,"column":14},"end":{"line":55,"column":16}}],"line":55},"19":{"loc":{"start":{"line":68,"column":4},"end":{"line":68,"column":27}},"type":"if","locations":[{"start":{"line":68,"column":4},"end":{"line":68,"column":27}},{"start":{"line":68,"column":4},"end":{"line":68,"column":27}}],"line":68},"20":{"loc":{"start":{"line":69,"column":11},"end":{"line":69,"column":80}},"type":"cond-expr","locations":[{"start":{"line":69,"column":27},"end":{"line":69,"column":62}},{"start":{"line":69,"column":65},"end":{"line":69,"column":80}}],"line":69},"21":{"loc":{"start":{"line":74,"column":10},"end":{"line":74,"column":17}},"type":"default-arg","locations":[{"start":{"line":74,"column":16},"end":{"line":74,"column":17}}],"line":74},"22":{"loc":{"start":{"line":74,"column":19},"end":{"line":74,"column":26}},"type":"default-arg","locations":[{"start":{"line":74,"column":25},"end":{"line":74,"column":26}}],"line":74}},"s":{"0":1,"1":4,"2":11,"3":1,"4":1,"5":1,"6":6,"7":6,"8":1,"9":4,"10":8,"11":8,"12":8,"13":8,"14":8,"15":20,"16":1,"17":19,"18":1,"19":18,"20":18,"21":18,"22":48,"23":3,"24":1,"25":45,"26":1,"27":16,"28":11,"29":3,"30":27,"31":3,"32":4,"33":21,"34":4,"35":21,"36":4,"37":13,"38":33,"39":33,"40":33,"41":228,"42":7,"43":7,"44":7,"45":2,"46":5,"47":1,"48":6,"49":2,"50":2},"f":{"0":4,"1":11,"2":1,"3":1,"4":6,"5":1,"6":4,"7":8,"8":8,"9":20,"10":11,"11":3,"12":27,"13":3,"14":4,"15":21,"16":21,"17":4,"18":13,"19":33,"20":228,"21":7,"22":1,"23":6,"24":2},"b":{"0":[3,8],"1":[2,4],"2":[2],"3":[8,0],"4":[2,6],"5":[8,8],"6":[4,4],"7":[4,0],"8":[1,19],"9":[1,18],"10":[3,45],"11":[48,3],"12":[1,2],"13":[1,44],"14":[45,8,1],"15":[1],"16":[1],"17":[1],"18":[0],"19":[2,5],"20":[1,4],"21":[1],"22":[1]},"_coverageSchema":"43e27e138ebf9cfc5966b082cf9a028302ed4184","hash":"8b2f3f3adaea74cec35ccaf153561913652cd8c5","contentHash":"271e85865817efa097b12560a84e52955e5acab5a2e48c096235138d451bc5a8"},"C:\\project\\meeko\\lib\\math.js":{"path":"C:\\project\\meeko\\lib\\math.js","statementMap":{"0":{"start":{"line":2,"column":14},"end":{"line":11,"column":1}},"1":{"start":{"line":3,"column":47},"end":{"line":4,"column":42}},"2":{"start":{"line":5,"column":2},"end":{"line":9,"column":3}},"3":{"start":{"line":5,"column":15},"end":{"line":5,"column":16}},"4":{"start":{"line":6,"column":4},"end":{"line":6,"column":43}},"5":{"start":{"line":7,"column":4},"end":{"line":7,"column":43}},"6":{"start":{"line":8,"column":4},"end":{"line":8,"column":44}},"7":{"start":{"line":10,"column":2},"end":{"line":10,"column":49}},"8":{"start":{"line":12,"column":17},"end":{"line":18,"column":1}},"9":{"start":{"line":13,"column":13},"end":{"line":13,"column":21}},"10":{"start":{"line":14,"column":12},"end":{"line":14,"column":20}},"11":{"start":{"line":15,"column":2},"end":{"line":17,"column":13}},"12":{"start":{"line":16,"column":4},"end":{"line":16,"column":38}},"13":{"start":{"line":19,"column":24},"end":{"line":25,"column":1}},"14":{"start":{"line":20,"column":13},"end":{"line":20,"column":21}},"15":{"start":{"line":21,"column":12},"end":{"line":21,"column":24}},"16":{"start":{"line":22,"column":2},"end":{"line":24,"column":13}},"17":{"start":{"line":23,"column":4},"end":{"line":23,"column":38}},"18":{"start":{"line":26,"column":14},"end":{"line":31,"column":1}},"19":{"start":{"line":27,"column":12},"end":{"line":27,"column":24}},"20":{"start":{"line":28,"column":2},"end":{"line":30,"column":7}},"21":{"start":{"line":29,"column":4},"end":{"line":29,"column":31}},"22":{"start":{"line":32,"column":14},"end":{"line":37,"column":1}},"23":{"start":{"line":33,"column":12},"end":{"line":33,"column":20}},"24":{"start":{"line":34,"column":2},"end":{"line":36,"column":7}},"25":{"start":{"line":35,"column":4},"end":{"line":35,"column":20}},"26":{"start":{"line":38,"column":14},"end":{"line":43,"column":1}},"27":{"start":{"line":39,"column":12},"end":{"line":39,"column":20}},"28":{"start":{"line":40,"column":2},"end":{"line":42,"column":14}},"29":{"start":{"line":41,"column":4},"end":{"line":41,"column":20}},"30":{"start":{"line":44,"column":12},"end":{"line":44,"column":50}},"31":{"start":{"line":44,"column":17},"end":{"line":44,"column":50}},"32":{"start":{"line":44,"column":36},"end":{"line":44,"column":49}},"33":{"start":{"line":45,"column":12},"end":{"line":45,"column":50}},"34":{"start":{"line":45,"column":17},"end":{"line":45,"column":50}},"35":{"start":{"line":45,"column":36},"end":{"line":45,"column":49}},"36":{"start":{"line":46,"column":14},"end":{"line":46,"column":34}},"37":{"start":{"line":46,"column":19},"end":{"line":46,"column":34}},"38":{"start":{"line":47,"column":15},"end":{"line":47,"column":42}},"39":{"start":{"line":47,"column":20},"end":{"line":47,"column":42}},"40":{"start":{"line":48,"column":22},"end":{"line":48,"column":56}},"41":{"start":{"line":48,"column":27},"end":{"line":48,"column":56}},"42":{"start":{"line":49,"column":16},"end":{"line":55,"column":1}},"43":{"start":{"line":50,"column":13},"end":{"line":50,"column":21}},"44":{"start":{"line":51,"column":12},"end":{"line":51,"column":20}},"45":{"start":{"line":52,"column":2},"end":{"line":54,"column":13}},"46":{"start":{"line":53,"column":4},"end":{"line":53,"column":33}},"47":{"start":{"line":56,"column":18},"end":{"line":62,"column":1}},"48":{"start":{"line":57,"column":15},"end":{"line":57,"column":33}},"49":{"start":{"line":58,"column":12},"end":{"line":58,"column":20}},"50":{"start":{"line":59,"column":2},"end":{"line":61,"column":13}},"51":{"start":{"line":60,"column":4},"end":{"line":60,"column":35}},"52":{"start":{"line":63,"column":15},"end":{"line":66,"column":1}},"53":{"start":{"line":64,"column":12},"end":{"line":64,"column":20}},"54":{"start":{"line":65,"column":2},"end":{"line":65,"column":43}},"55":{"start":{"line":67,"column":21},"end":{"line":70,"column":1}},"56":{"start":{"line":68,"column":13},"end":{"line":68,"column":21}},"57":{"start":{"line":69,"column":2},"end":{"line":69,"column":38}},"58":{"start":{"line":71,"column":13},"end":{"line":81,"column":1}},"59":{"start":{"line":72,"column":12},"end":{"line":72,"column":20}},"60":{"start":{"line":73,"column":13},"end":{"line":73,"column":21}},"61":{"start":{"line":74,"column":11},"end":{"line":76,"column":13}},"62":{"start":{"line":75,"column":4},"end":{"line":75,"column":51}},"63":{"start":{"line":77,"column":11},"end":{"line":79,"column":19}},"64":{"start":{"line":78,"column":4},"end":{"line":78,"column":38}},"65":{"start":{"line":80,"column":2},"end":{"line":80,"column":61}},"66":{"start":{"line":83,"column":14},"end":{"line":91,"column":1}},"67":{"start":{"line":84,"column":12},"end":{"line":84,"column":20}},"68":{"start":{"line":85,"column":13},"end":{"line":85,"column":21}},"69":{"start":{"line":86,"column":11},"end":{"line":88,"column":49}},"70":{"start":{"line":87,"column":4},"end":{"line":87,"column":64}},"71":{"start":{"line":90,"column":2},"end":{"line":90,"column":117}},"72":{"start":{"line":92,"column":14},"end":{"line":100,"column":1}},"73":{"start":{"line":93,"column":12},"end":{"line":93,"column":20}},"74":{"start":{"line":94,"column":13},"end":{"line":94,"column":21}},"75":{"start":{"line":95,"column":11},"end":{"line":97,"column":49}},"76":{"start":{"line":96,"column":4},"end":{"line":96,"column":64}},"77":{"start":{"line":99,"column":2},"end":{"line":99,"column":23}},"78":{"start":{"line":101,"column":14},"end":{"line":111,"column":1}},"79":{"start":{"line":102,"column":12},"end":{"line":102,"column":20}},"80":{"start":{"line":103,"column":13},"end":{"line":103,"column":21}},"81":{"start":{"line":104,"column":11},"end":{"line":106,"column":13}},"82":{"start":{"line":105,"column":4},"end":{"line":105,"column":64}},"83":{"start":{"line":107,"column":11},"end":{"line":109,"column":13}},"84":{"start":{"line":108,"column":4},"end":{"line":108,"column":38}},"85":{"start":{"line":110,"column":2},"end":{"line":110,"column":25}},"86":{"start":{"line":112,"column":28},"end":{"line":118,"column":1}},"87":{"start":{"line":113,"column":12},"end":{"line":113,"column":20}},"88":{"start":{"line":114,"column":13},"end":{"line":114,"column":21}},"89":{"start":{"line":115,"column":11},"end":{"line":115,"column":22}},"90":{"start":{"line":116,"column":11},"end":{"line":116,"column":41}},"91":{"start":{"line":117,"column":2},"end":{"line":117,"column":31}},"92":{"start":{"line":120,"column":0},"end":{"line":204,"column":1}},"93":{"start":{"line":125,"column":12},"end":{"line":125,"column":49}},"94":{"start":{"line":
[...]
"21":1,"22":1,"23":1,"24":1,"25":1,"26":1,"27":1,"28":1,"29":1,"30":1,"31":1,"32":1,"33":1,"34":1,"35":1,"36":1,"37":1},"b":{},"_coverageSchema":"43e27e138ebf9cfc5966b082cf9a028302ed4184","hash":"a13dcf0472518952d8de4de710eac0fc34235c8b","contentHash":"9f55d58acf9df7544c97df230f172253ccda6347ac7d5637b506cc36db541723"},"C:\\project\\meeko\\tests\\5_array.js":{"path":"C:\\project\\meeko\\tests\\5_array.js","statementMap":{"0":{"start":{"line":5,"column":8},"end":{"line":5,"column":27}},"1":{"start":{"line":6,"column":13},"end":{"line":6,"column":30}},"2":{"start":{"line":8,"column":0},"end":{"line":90,"column":2}},"3":{"start":{"line":9,"column":2},"end":{"line":11,"column":4}},"4":{"start":{"line":10,"column":4},"end":{"line":10,"column":40}},"5":{"start":{"line":12,"column":2},"end":{"line":14,"column":4}},"6":{"start":{"line":13,"column":4},"end":{"line":13,"column":107}},"7":{"start":{"line":15,"column":2},"end":{"line":17,"column":4}},"8":{"start":{"line":16,"column":4},"end":{"line":16,"column":85}},"9":{"start":{"line":18,"column":2},"end":{"line":23,"column":4}},"10":{"start":{"line":19,"column":4},"end":{"line":19,"column":217}},"11":{"start":{"line":20,"column":4},"end":{"line":20,"column":210}},"12":{"start":{"line":21,"column":4},"end":{"line":21,"column":200}},"13":{"start":{"line":22,"column":4},"end":{"line":22,"column":201}},"14":{"start":{"line":24,"column":2},"end":{"line":37,"column":4}},"15":{"start":{"line":25,"column":12},"end":{"line":25,"column":23}},"16":{"start":{"line":26,"column":4},"end":{"line":26,"column":32}},"17":{"start":{"line":27,"column":4},"end":{"line":27,"column":21}},"18":{"start":{"line":28,"column":4},"end":{"line":28,"column":31}},"19":{"start":{"line":29,"column":4},"end":{"line":29,"column":22}},"20":{"start":{"line":30,"column":4},"end":{"line":30,"column":32}},"21":{"start":{"line":31,"column":4},"end":{"line":31,"column":27}},"22":{"start":{"line":32,"column":4},"end":{"line":32,"column":32}},"23":{"start":{"line":33,"column":4},"end":{"line":33,"column":41}},"24":{"start":{"line":34,"column":4},"end":{"line":34,"column":31}},"25":{"start":{"line":35,"column":4},"end":{"line":35,"column":31}},"26":{"start":{"line":36,"column":4},"end":{"line":36,"column":31}},"27":{"start":{"line":38,"column":2},"end":{"line":41,"column":4}},"28":{"start":{"line":39,"column":12},"end":{"line":39,"column":81}},"29":{"start":{"line":40,"column":4},"end":{"line":40,"column":72}},"30":{"start":{"line":42,"column":2},"end":{"line":49,"column":4}},"31":{"start":{"line":43,"column":12},"end":{"line":43,"column":163}},"32":{"start":{"line":44,"column":4},"end":{"line":44,"column":98}},"33":{"start":{"line":45,"column":4},"end":{"line":45,"column":95}},"34":{"start":{"line":46,"column":4},"end":{"line":46,"column":42}},"35":{"start":{"line":47,"column":4},"end":{"line":47,"column":38}},"36":{"start":{"line":48,"column":4},"end":{"line":48,"column":43}},"37":{"start":{"line":50,"column":2},"end":{"line":57,"column":4}},"38":{"start":{"line":51,"column":12},"end":{"line":51,"column":140}},"39":{"start":{"line":52,"column":4},"end":{"line":52,"column":99}},"40":{"start":{"line":53,"column":4},"end":{"line":53,"column":84}},"41":{"start":{"line":54,"column":4},"end":{"line":54,"column":89}},"42":{"start":{"line":55,"column":4},"end":{"line":55,"column":34}},"43":{"start":{"line":56,"column":4},"end":{"line":56,"column":55}},"44":{"start":{"line":58,"column":2},"end":{"line":67,"column":4}},"45":{"start":{"line":59,"column":12},"end":{"line":59,"column":42}},"46":{"start":{"line":60,"column":4},"end":{"line":60,"column":46}},"47":{"start":{"line":61,"column":4},"end":{"line":61,"column":38}},"48":{"start":{"line":62,"column":4},"end":{"line":62,"column":43}},"49":{"start":{"line":63,"column":4},"end":{"line":63,"column":26}},"50":{"start":{"line":64,"column":4},"end":{"line":64,"column":49}},"51":{"start":{"line":65,"column":4},"end":{"line":65,"column":137}},"52":{"start":{"line":66,"column":4},"end":{"line":66,"column":45}},"53":{"start":{"line":68,"column":2},"end":{"line":77,"column":4}},"54":{"start":{"line":69,"column":12},"end":{"line":69,"column":107}},"55":{"start":{"line":70,"column":4},"end":{"line":70,"column":31}},"56":{"start":{"line":71,"column":4},"end":{"line":71,"column":85}},"57":{"start":{"line":72,"column":4},"end":{"line":72,"column":32}},"58":{"start":{"line":73,"column":4},"end":{"line":73,"column":96}},"59":{"start":{"line":74,"column":4},"end":{"line":74,"column":32}},"60":{"start":{"line":75,"column":4},"end":{"line":75,"column":121}},"61":{"start":{"line":76,"column":4},"end":{"line":76,"column":31}},"62":{"start":{"line":78,"column":2},"end":{"line":80,"column":4}},"63":{"start":{"line":79,"column":4},"end":{"line":79,"column":49}},"64":{"start":{"line":81,"column":2},"end":{"line":85,"column":4}},"65":{"start":{"line":82,"column":4},"end":{"line":82,"column":56}},"66":{"start":{"line":83,"column":4},"end":{"line":83,"column":51}},"67":{"start":{"line":84,"column":4},"end":{"line":84,"column":38}},"68":{"start":{"line":86,"column":2},"end":{"line":89,"column":4}},"69":{"start":{"line":87,"column":4},"end":{"line":87,"column":54}},"70":{"start":{"line":88,"column":4},"end":{"line":88,"column":58}}},"fnMap":{"0":{"name":"(anonymous_0)","decl":{"start":{"line":8,"column":27},"end":{"line":8,"column":28}},"loc":{"start":{"line":8,"column":39},"end":{"line":90,"column":1}},"line":8},"1":{"name":"(anonymous_1)","decl":{"start":{"line":9,"column":13},"end":{"line":9,"column":14}},"loc":{"start":{"line":9,"column":25},"end":{"line":11,"column":3}},"line":9},"2":{"name":"(anonymous_2)","decl":{"start":{"line":12,"column":14},"end":{"line":12,"column":15}},"loc":{"start":{"line":12,"column":26},"end":{"line":14,"column":3}},"line":12},"3":{"name":"(anonymous_3)","decl":{"start":{"line":15,"column":16},"end":{"line":15,"column":17}},"loc":{"start":{"line":15,"column":28},"end":{"line":17,"column":3}},"line":15},"4":{"name":"(anonymous_4)","decl":{"start":{"line":18,"column":16},"end":{"line":18,"column":17}},"loc":{"start":{"line":18,"column":28},"end":{"line":23,"column":3}},"line":18},"5":{"name":"(anonymous_5)","decl":{"start":{"line":24,"column":15},"end":{"line":24,"column":16}},"loc":{"start":{"line":24,"column":27},"end":{"line":37,"column":3}},"line":24},"6":{"name":"(anonymous_6)","decl":{"start":{"line":38,"column":15},"end":{"line":38,"column":16}},"loc":{"start":{"line":38,"column":27},"end":{"line":41,"column":3}},"line":38},"7":{"name":"(anonymous_7)","decl":{"start":{"line":42,"column":18},"end":{"line":42,"column":19}},"loc":{"start":{"line":42,"column":30},"end":{"line":49,"column":3}},"line":42},"8":{"name":"(anonymous_8)","decl":{"start":{"line":50,"column":14},"end":{"line":50,"column":15}},"loc":{"start":{"line":50,"column":26},"end":{"line":57,"column":3}},"line":50},"9":{"name":"(anonymous_9)","decl":{"start":{"line":58,"column":15},"end":{"line":58,"column":16}},"loc":{"start":{"line":58,"column":27},"end":{"line":67,"column":3}},"line":58},"10":{"name":"(anonymous_10)","decl":{"start":{"line":68,"column":15},"end":{"line":68,"column":16}},"loc":{"start":{"line":68,"column":27},"end":{"line":77,"column":3}},"line":68},"11":{"name":"(anonymous_11)","decl":{"start":{"line":78,"column":13},"end":{"line":78,"column":14}},"loc":{"start":{"line":78,"column":25},"end":{"line":80,"column":3}},"line":78},"12":{"name":"(anonymous_12)","decl":{"start":{"line":81,"column":15},"end":{"line":81,"column":16}},"loc":{"start":{"line":81,"column":27},"end":{"line":85,"column":3}},"line":81},"13":{"name":"(anonymous_13)","decl":{"start":{"line":86,"column":15},"end":{"line":86,"column":16}},"loc":{"start":{"line":86,"column":27},"end":{"line":89,"column":3}},"line":86}},"branchMap":{},"s":{"0":1,"1":1,"2":1,"3":1,"4":1,"5":1,"6":1,"7":1,"8":1,"9":1,"10":1,"11":1,"12":1,"13":1,"14":1,"15":1,"16":1,"17":1,"18":1,"19":1,"20":1,"21":1,"22":1,"23":1,"24":1,"25":1,"26":1,"27":1,"28":1,"29":1,"30":1,"31":1,"32":1,"33":1,"34":1,"35":1,"36":1,"37":1,"38":1,"39":1,"40":1,"41":1,"42":1,"43":1,"44":1,"45":1,"46":1,"47":1,"48":1,"49":1,"50":1,"51":1,"52":1,"53":1,"54":1,"55":1,"56":1,"57":1,"58":1,"59":1,"60":1,"61":1,"62":1,"63":1,"64":1,"65":1,"66":1,"67":1,"68":1,"69":1,"70":1},"f":{"0":1,"1":1,"2":1,"3":1,"4":1,"5":1,"6":1,"7":1,"8":1,"9":1,"10":1,"11":1,"12":1,"13":1},"b":{},"_coverageSchema":"43e27e138ebf9cfc5966b082cf9a028302ed4184","hash":"904b1205d91aa6a7bb713777763d836442aaebba","contentHash":"eb7804452b3680cb8544614c2f464980e1957415f59597c6526dd9c58cbe5347"},"C:\\project\\meeko\\tests\\6_math.js":{"path":"C:\\project\\meeko\\tests\\6_math.js","statementMap":{"0":{"start":{"line":4,"column":8},"end":{"line":4,"column":27}},"1":{"start":{"line":5,"column":13},"end":{"line":5,"column":30}},"2":{"start":{"line":7,"column":0},"end":{"line":98,"column":2}},"3":{"start":{"line":8,"column":10},"end":{"line":8,"column":37}},"4":{"start":{"line":9,"column":2},"end":{"line":12,"column":4}},"5":{"start":{"line":10,"column":4},"end":{"line":10,"column":64}},"6":{"start":{"line":11,"column":4},"end":{"line":11,"column":64}},"7":{"start":{"line":13,"column":2},"end":{"line":15,"column":3}},"8":{"start":{"line":14,"column":4},"end":{"line":14,"column":62}},"9":{"start":{"line":16,"column":2},"end":{"line":18,"column":3}},"10":{"start":{"line":17,"column":4},"end":{"line":17,"column":62}},"11":{"start":{"line":20,"column":2},"end":{"line":22,"column":3}},"12":{"start":{"line":21,"column":4},"end":{"line":21,"column":61}},"13":{"start":{"line":23,"column":2},"end":{"line":25,"column":3}},"14":{"start":{"line":24,"column":4},"end":{"line":24,"column":62}},"15":{"start":{"line":26,"column":2},"end":{"line":28,"column":3}},"16":{"start":{"line":27,"column":4},"end":{"line":27,"column":40}},"17":{"start":{"line":29,"column":2},"end":{"line":31,"column":3}},"18":{"start":{"line":30,"column":4},"end":{"line":30,"column":42}},"19":{"start":{"line":32,"column":2},"end":{"line":34,"column":3}},"20":{"start":{"line":33,"column":4},"end":{"line":33,"column":44}},"21":{"start":{"line":35,"column":2},"end":{"line":39,"column":4}},"22":{"start":{"line":36,"column":4},"end":{"line":36,"column":43}},"23":{"start":{"line":37,"column":4},"end":{"line":37,"column":57}},"24":{"start":{"line":38,"column":4},"end":{"line":38,"column":44}},"25":{"start":{"line":40,"column":2},"end":{"line":42,"column":3}},"26":{"start":{"line":41,"column":4},"end":{"line":41,"column":65}},"27":{"start":{"line":43,"column":2},"end":{"line":46,"column":4}},"28":{"start":{"line":44,"column":4},"end":{"line":44,"column":63}},"29":{"start":{"line":45,"column":4},"end":{"line":45,"column":74}},"30":{"start":{"line":47,"column":2},"end":{"line":49,"column":3}},"31":{"start":{"line":48,"column":4},"end":{"line":48,"column":72}},"32":{"start":{"line":50,"column":2},"end":{"line":52,"column":3}},"33":{"start":{"line":51,"column":4},"end":{"line":51,"column":70}},"34":{"start":{"line":53,"column":2},"end":{"line":55,"column":3}},"35":{"start":{"line":54,"column":4},"end":{"line":54,"column":64}},"36":{"start":{"line":56,"column":2},"end":{"line":58,"column":3}},"37":{"start":{"line":57,"column":4},"end":{"line":57,"column":66}},"38":{"start":{"line":59,"column":2},"end":{"line":61,"column":3}},"39":{"start":{"line":60,"column":4},"end":{"line":60,"column":63}},"40":{"start":{"line":62,"column":2},"end":{"line":64,"column":3}},"41":{"start":{"line":63,"column":4},"end":{"line":63,"column":69}},"42":{"start":{"line":65,"column":2},"end":{"line":67,"column":3}},"43":{"start":{"line":66,"column":4},"end":{"line":66,"column":131}},"44":{"start":{"line":75,"column":12},"end":{"line":75,"column":90}},"45":{"start":{"line":76,"column":2},"end":{"line":78,"column":3}},"46":{"start":{"line":77,"column":4},"end":{"line":77,"column":153}},"47":{"start":{"line":80,"column":13},"end":{"line":80,"column":93}},"48":{"start":{"line":81,"column":2},"end":{"line":83,"column":3}},"49":{"start":{"line":82,"column":4},"end":{"line":82,"column":159}},"50":{"start":{"line":85,"column":13},"end":{"line":85,"column":87}},"51":{"start":{"line":86,"column":2},"end":{"line":88,"column":3}},"52":{"start":{"line":87,"column":4},"end":{"line":87,"column":155}},"53":{"start":{"line":90,"column":13},"end":{"line":90,"column":90}},"54":{"start":{"line":91,"column":2},"end":{"line":93,"column":3}},"55":{"start":{"line":92,"column":4},"end":{"line":92,"column":155}},"56":{"start":{"line":94,"column":13},"end":{"line":94,"column":189}},"57":{"start":{"line":95,"column":2},"end":{"line":97,"column":3}},"58":{"start":{"line":96,"column":4},"end":{"line":96,"column":48}},"59":{"start":{"line":100,"column":0},"end":{"line":114,"column":2}},"60":{"start":{"line":101,"column":10},"end":{"line":101,"column":34}},"61":{"start":{"line":102,"column":2},"end":{"line":104,"column":3}},"62":{"start":{"line":103,"column":4},"end":{"line":103,"column":61}},"63":{"start":{"line":105,"column":2},"end":{"line":107,"column":3}},"64":{"start":{"line":106,"column":4},"end":{"line":106,"column":60}},"65":{"start":{"line":108,"column":2},"end":{"line":110,"column":3}},"66":{"start":{"line":109,"column":4},"end":{"line":109,"column":59}},"67":{"start":{"line":111,"column":2},"end":{"line":113,"column":3}},"68":{"start":{"line":112,"column":4},"end":{"line":112,"column":60}}},"fnMap":{"0":{"name":"(anonymous_0)","decl":{"start":{"line":7,"column":26},"end":{"line":7,"column":27}},"loc":{"start":{"line":7,"column":32},"end":{"line":98,"column":1}},"line":7},"1":{"name":"(anonymous_1)","decl":{"start":{"line":9,"column":14},"end":{"line":9,"column":15}},"loc":{"start":{"line":9,"column":20},"end":{"line":12,"column":3}},"line":9},"2":{"name":"(anonymous_2)","decl":{"start":{"line":13,"column":29},"end":{"line":13,"column":30}},"loc":{"start":{"line":14,"column":4},"end":{"line":14,"column":62}},"line":14},"3":{"name":"(anonymous_3)","decl":{"start":{"line":16,"column":29},"end":{"line":16,"column":30}},"loc":{"start":{"line":17,"column":4},"end":{"line":17,"column":62}},"line":17},"4":{"name":"(anonymous_4)","decl":{"start":{"line":20,"column":30},"end":{"line":20,"column":31}},"loc":{"start":{"line":21,"column":4},"end":{"line":21,"column":61}},"line":21},"5":{"name":"(anonymous_5)","decl":{"start":{"line":23,"column":29},"end":{"line":23,"column":30}},"loc":{"start":{"line":24,"column":4},"end":{"line":24,"column":62}},"line":24},"6":{"name":"(anonymous_6)","decl":{"start":{"line":26,"column":15},"end":{"line":26,"column":16}},"loc":{"start":{"line":27,"column":4},"end":{"line":27,"column":40}},"line":27},"7":{"name":"(anonymous_7)","decl":{"start":{"line":29,"column":15},"end":{"line":29,"column":16}},"loc":{"start":{"line":30,"column":4},"end":{"line":30,"column":42}},"line":30},"8":{"name":"(anonymous_8)","decl":{"start":{"line":32,"column":17},"end":{"line":32,"column":18}},"loc":{"start":{"line":33,"column":4},"end":{"line":33,"column":44}},"line":33},"9":{"name":"(anonymous_9)","decl":{"start":{"line":35,"column":21},"end":{"line":35,"column":22}},"loc":{"start":{"line":35,"column":27},"end":{"line":39,"column":3}},"line":35},"10":{"name":"(anonymous_10)","decl":{"start":{"line":40,"column":29},"end":{"line":40,"column":30}},"loc":{"start":{"line":41,"column":4},"end":{"line":41,"column":65}},"line":41},"11":{"name":"(anonymous_11)","decl":{"start":{"line":43,"column":43},"end":{"line":43,"column":44}},"loc":{"start":{"line":43,"column":49},"end":{"line":46,"column":3}},"line":43},"12":{"name":"(anonymous_12)","decl":{"start":{"line":47,"column":42},"end":{"line":47,"column":43}},"loc":{"start":{"line":48,"column":4},"end":{"line":48,"column":72}},"line":48},"13":{"name":"(anonymous_13)","decl":{"start":{"line":50,"column":45},"end":{"line":50,"column":46}},"loc":{"start":{"line":51,"column":4},"end":{"line":51,"column":70}},"line":51},"14":{"name":"(anonymous_14)","decl":{"start":{"line":53,"column":37},"end":{"line":53,"column":38}},"loc":{"start":{"line":54,"column":4},"end":{"line":54,"column":64}},"line":54},"15":{"name":"(anonymous_15)","decl":{"start":{"line":56,"column":33},"end":{"line":56,"column":34}},"loc":{"start":{"line":57,"column":4},"end":{"line":57,"column":66}},"line":57},"16":{"name":"(anonymous_16)","decl":{"start":{"line":59,"column":37},"end":{"line":59,"column":38}},"loc":{"start":{"line":60,"column":4},"end":{"line":60,"column":63}},"line":60},"17":{"name":"(anonymous_17)","decl":{"start":{"line":62,"column":52},"end":{"line":62,"column":53}},"loc":{"start":{"line":63,"column":4},"end":{"line":63,"column":69}},"line":63},"18":{"name":"(anonymous_18)","decl":{"start":{"line":65,"column":34},"end":{"line":65,"column":35}},"loc":{"start":{"line":66,"column":4},"end":{"line":66,"column":131}},"line":66},"19":{"name":"(anonymous_19)","decl":{"start":{"line":76,"column":31},"end":{"line":76,"column":32}},"loc":{"start":{"line":77,"column":4},"end":{"line":77,"column":153}},"line":77},"20":{"name":"(anonymous_20)","decl":{"start":{"line":81,"column":34},"end":{"line":81,"column":35}},"loc":{"start":{"line":82,"column":4},"end":{"line":82,"column":159}},"line":82},"21":{"name":"(anonymous_21)","decl":{"start":{"line":86,"column":28},"end":{"line":86,"column":29}},"loc":{"start":{"line":87,"column":4},"end":{"line":87,"column":155}},"line":87},"22":{"name":"(anonymous_22)","decl":{"start":{"line":91,"column":31},"end":{"line":91,"column":32}},"loc":{"start":{"line":92,"column":4},"end":{"line":92,"column":155}},"line":92},"23":{"name":"(anonymous_23)","decl":{"start":{"line":95,"column":20},"end":{"line":95,"column":21}},"loc":{"start":{"line":96,"column":4},"end":{"line":96,"column":48}},"line":96},"24":{"name":"(anonymous_24)","decl":{"start":{"line":100,"column":30},"end":{"line":100,"column":31}},"loc":{"start":{"line":100,"column":36},"end":{"line":114,"column":1}},"line":100},"25":{"name":"(anonymous_25)","decl":{"start":{"line":102,"column":44},"end":{"line":102,"column":45}},"loc":{"start":{"line":103,"column":4},"end":{"line":103,"column":61}},"line":103},"26":{"name":"(anonymous_26)","decl":{"start":{"line":105,"column":89},"end":{"line":105,"column":90}},"loc":{"start":{"line":106,"column":4},"end":{"line":106,"column":60}},"line":106},"27":{"name":"(anonymous_27)","decl":{"start":{"line":108,"column":50},"end":{"line":108,"column":51}},"loc":{"start":{"line":109,"column":4},"end":{"line":109,"column":59}},"line":109},"28":{"name":"(anonymous_28)","decl":{"start":{"line":111,"column":50},"end":{"line":111,"column":51}},"loc":{"start":{"line":112,"column":4},"end":{"line":112,"column":60}},"line":112}},"branchMap":{},"s":{"0":1,"1":1,"2":1,"3":1,"4":1,"5":1,"6":1,"7":1,"8":1,"9":1,"10":1,"11":1,"12":1,"13":1,"14":1,"15":1,"16":1,"17":1,"18":1,"19":1,"20":1,"21":1,"22":1,"23":1,"24":1,"25":1,"26":1,"27":1,"28":1,"29":1,"30":1,"31":1,"32":1,"33":1,"34":1,"35":1,"36":1,"37":1,"38":1,"39":1,"40":1,"41":1,"42":1,"43":1,"44":1,"45":1,"46":1,"47":1,"48":1,"49":1,"50":1,"51":1,"52":1,"53":1,"54":1,"55":1,"56":1,"57":1,"58":1,"59":1,"60":1,"61":1,"62":1,"63":1,"64":1,"65":1,"66":1,"67":1,"68":1},"f":{"0":1,"1":1,"2":1,"3":1,"4":1,"5":1,"6":1,"7":1,"8":1,"9":1,"10":1,"11":1,"12":1,"13":1,"14":1,"15":1,"16":1,"17":1,"18":1,"19":1,"20":1,"21":1,"22":1,"23":1,"24":1,"25":1,"26":1,"27":1,"28":1},"b":{},"_coverageSchema":"43e27e138ebf9cfc5966b082cf9a028302ed4184","hash":"9b05e5012dd4008b8c91301bc6ffe2f449adfb3a","contentHash":"a24974fa012c105015fcdfa74716cf96832137c08d4da8681f64061c72e86902"},"C:\\project\\meeko\\lib\\spinner\\spinner.js":{"path":"C:\\project\\meeko\\lib\\spinner\\spinner.js","statementMap":{"0":{"start":{"line":1,"column":14},"end":{"line":774,"column":1}},"1":{"start":{"line":775,"column":0},"end":{"line":775,"column":24}}},"fnMap":{},"branchMap":{},"s":{"0":1,"1":1},"f":{},"b":{},"_coverageSchema":"43e27e138ebf9cfc5966b082cf9a028302ed4184","hash":"ba6cad020e84cfac9f5d7d5063cf0a215cbac6e0","contentHash":"7ee5dab70038929c3075034b35a6bfcd0ed47d8487f6610958b983cc8d4d8112"}}