{"C:\\project\\meeko\\index.js":{"path":"C:\\project\\meeko\\index.js","statementMap":{"0":{"start":{"line":4,"column":13},"end":{"line":4,"column":38}},"1":{"start":{"line":6,"column":2},"end":{"line":13,"column":3}},"2":{"start":{"line":7,"column":4},"end":{"line":11,"column":5}},"3":{"start":{"line":8,"column":6},"end":{"line":10,"column":7}},"4":{"start":{"line":9,"column":8},"end":{"line":9,"column":19}},"5":{"start":{"line":12,"column":4},"end":{"line":12,"column":12}},"6":{"start":{"line":14,"column":2},"end":{"line":14,"column":13}},"7":{"start":{"line":16,"column":11},"end":{"line":16,"column":34}},"8":{"start":{"line":17,"column":0},"end":{"line":17,"column":25}},"9":{"start":{"line":18,"column":11},"end":{"line":18,"column":32}},"10":{"start":{"line":19,"column":0},"end":{"line":19,"column":23}},"11":{"start":{"line":20,"column":11},"end":{"line":20,"column":33}},"12":{"start":{"line":21,"column":0},"end":{"line":21,"column":24}},"13":{"start":{"line":22,"column":13},"end":{"line":24,"column":1}},"14":{"start":{"line":26,"column":0},"end":{"line":29,"column":1}},"15":{"start":{"line":27,"column":2},"end":{"line":27,"column":26}},"16":{"start":{"line":28,"column":2},"end":{"line":28,"column":33}},"17":{"start":{"line":30,"column":0},"end":{"line":30,"column":51}},"18":{"start":{"line":31,"column":0},"end":{"line":31,"column":49}},"19":{"start":{"line":32,"column":0},"end":{"line":41,"column":1}},"20":{"start":{"line":37,"column":12},"end":{"line":37,"column":48}},"21":{"start":{"line":38,"column":2},"end":{"line":38,"column":35}},"22":{"start":{"line":39,"column":2},"end":{"line":39,"column":39}},"23":{"start":{"line":40,"column":2},"end":{"line":40,"column":12}},"24":{"start":{"line":42,"column":12},"end":{"line":44,"column":1}},"25":{"start":{"line":43,"column":2},"end":{"line":43,"column":106}},"26":{"start":{"line":45,"column":10},"end":{"line":83,"column":1}},"27":{"start":{"line":51,"column":4},"end":{"line":51,"column":29}},"28":{"start":{"line":69,"column":17},"end":{"line":69,"column":53}},"29":{"start":{"line":70,"column":17},"end":{"line":70,"column":53}},"30":{"start":{"line":71,"column":17},"end":{"line":71,"column":53}},"31":{"start":{"line":72,"column":17},"end":{"line":72,"column":53}},"32":{"start":{"line":73,"column":17},"end":{"line":73,"column":53}},"33":{"start":{"line":74,"column":17},"end":{"line":74,"column":53}},"34":{"start":{"line":75,"column":17},"end":{"line":75,"column":53}},"35":{"start":{"line":76,"column":20},"end":{"line":76,"column":56}},"36":{"start":{"line":77,"column":20},"end":{"line":77,"column":56}},"37":{"start":{"line":78,"column":20},"end":{"line":78,"column":56}},"38":{"start":{"line":79,"column":20},"end":{"line":79,"column":56}},"39":{"start":{"line":80,"column":20},"end":{"line":80,"column":56}},"40":{"start":{"line":81,"column":20},"end":{"line":81,"column":56}},"41":{"start":{"line":82,"column":20},"end":{"line":82,"column":56}},"42":{"start":{"line":84,"column":22},"end":{"line":88,"column":1}},"43":{"start":{"line":85,"column":12},"end":{"line":85,"column":14}},"44":{"start":{"line":86,"column":2},"end":{"line":86,"column":45}},"45":{"start":{"line":87,"column":2},"end":{"line":87,"column":18}},"46":{"start":{"line":89,"column":9},"end":{"line":89,"column":25}},"47":{"start":{"line":90,"column":11},"end":{"line":90,"column":83}},"48":{"start":{"line":91,"column":14},"end":{"line":91,"column":21}},"49":{"start":{"line":92,"column":12},"end":{"line":105,"column":1}},"50":{"start":{"line":93,"column":2},"end":{"line":93,"column":42}},"51":{"start":{"line":94,"column":10},"end":{"line":94,"column":131}},"52":{"start":{"line":95,"column":12},"end":{"line":95,"column":14}},"53":{"start":{"line":96,"column":2},"end":{"line":102,"column":3}},"54":{"start":{"line":96,"column":15},"end":{"line":96,"column":16}},"55":{"start":{"line":97,"column":4},"end":{"line":101,"column":5}},"56":{"start":{"line":98,"column":6},"end":{"line":98,"column":47}},"57":{"start":{"line":100,"column":6},"end":{"line":100,"column":31}},"58":{"start":{"line":103,"column":2},"end":{"line":103,"column":44}},"59":{"start":{"line":104,"column":2},"end":{"line":104,"column":10}},"60":{"start":{"line":106,"column":12},"end":{"line":119,"column":1}},"61":{"start":{"line":107,"column":2},"end":{"line":107,"column":42}},"62":{"start":{"line":108,"column":10},"end":{"line":108,"column":129}},"63":{"start":{"line":109,"column":12},"end":{"line":109,"column":14}},"64":{"start":{"line":110,"column":2},"end":{"line":116,"column":3}},"65":{"start":{"line":110,"column":15},"end":{"line":110,"column":16}},"66":{"start":{"line":111,"column":4},"end":{"line":115,"column":5}},"67":{"start":{"line":112,"column":6},"end":{"line":112,"column":47}},"68":{"start":{"line":114,"column":6},"end":{"line":114,"column":31}},"69":{"start":{"line":117,"column":2},"end":{"line":117,"column":46}},"70":{"start":{"line":118,"column":2},"end":{"line":118,"column":10}},"71":{"start":{"line":122,"column":2},"end":{"line":124,"column":3}},"72":{"start":{"line":123,"column":4},"end":{"line":123,"column":30}},"73":{"start":{"line":125,"column":2},"end":{"line":127,"column":3}},"74":{"start":{"line":126,"column":4},"end":{"line":126,"column":36}},"75":{"start":{"line":128,"column":2},"end":{"line":128,"column":10}},"76":{"start":{"line":131,"column":12},"end":{"line":147,"column":1}},"77":{"start":{"line":132,"column":2},"end":{"line":146,"column":3}},"78":{"start":{"line":132,"column":15},"end":{"line":132,"column":16}},"79":{"start":{"line":133,"column":13},"end":{"line":133,"column":49}},"80":{"start":{"line":134,"column":4},"end":{"line":144,"column":41}},"81":{"start":{"line":145,"column":4},"end":{"line":145,"column":17}},"82":{"start":{"line":149,"column":2},"end":{"line":151,"column":3}},"83":{"start":{"line":150,"column":4},"end":{"line":150,"column":59}},"84":{"start":{"line":153,"column":13},"end":{"line":159,"column":1}},"85":{"start":{"line":154,"column":2},"end":{"line":158,"column":4}},"86":{"start":{"line":155,"column":4},"end":{"line":157,"column":9}},"87":{"start":{"line":156,"column":6},"end":{"line":156,"column":15}},"88":{"start":{"line":160,"column":13},"end":{"line":160,"column":34}},"89":{"start":{"line":161,"column":14},"end":{"line":161,"column":36}},"90":{"start":{"line":162,"column":13},"end":{"line":162,"column":34}},"91":{"start":{"line":163,"column":12},"end":{"line":163,"column":32}},"92":{"start":{"line":164,"column":12},"end":{"line":164,"column":32}},"93":{"start":{"line":165,"column":19},"end":{"line":165,"column":46}},"94":{"start":{"line":166,"column":16},"end":{"line":166,"column":45}},"95":{"start":{"line":167,"column":14},"end":{"line":167,"column":41}},"96":{"start":{"line":168,"column":13},"end":{"line":168,"column":69}},"97":{"start":{"line":168,"column":27},"end":{"line":168,"column":69}},"98":{"start":{"line":168,"column":34},"end":{"line":168,"column":69}},"99":{"start":{"line":168,"column":58},"end":{"line":168,"column":63}},"100":{"start":{"line":169,"column":13},"end":{"line":172,"column":1}},"101":{"start":{"line":170,"column":24},"end":{"line":170,"column":58}},"102":{"start":{"line":173,"column":12},"end":{"line":173,"column":28}},"103":{"start":{"line":173,"column":18},"end":{"line":173,"column":28}},"104":{"start":{"line":176,"column":10},"end":{"line":176,"column":12}},"105":{"start":{"line":177,"column":2},"end":{"line":182,"column":3}},"106":{"start":{"line":177,"column":15},"end":{"line":177,"column":16}},"107":{"start":{"line":178,"column":4},"end":{"line":178,"column":12}},"108":{"start":{"line":179,"column":4},"end":{"line":181,"column":5}},"109":{"start":{"line":179,"column":17},"end":{"line":179,"column":18}},"110":{"start":{"line":180,"column":6},"end":{"line":180,"column":14}},"111":{"start":{"line":183,"column":2},"end":{"line":183,"column":22}},"112":{"start":{"line":186,"column":12},"end":{"line":186,"column":23}},"113":{"start":{"line":187,"column":10},"end":{"line":187,"column":12}},"114":{"start":{"line":188,"column":13},"end":{"line":188,"column":33}},"115":{"start":{"line":189,"column":16},"end":{"line":189,"column":27}},"116":{"start":{"line":190,"column":2},"end":{"line":196,"column":3}},"117":{"start":{"line":190,"column":15},"end":{"line":190,"column":16}},"118":{"start":{"line":191,"column":4},"end":{"line":195,"column":5}},"119":{"start":{"line":192,"column":6},"end":{"line":192,"column":72}},"120":{"start":{"line":194,"column":6},"end":{"line":194,"column":64}},"121":{"start":{"line":197,"column":2},"end":{"line":197,"column":20}},"122":{"start":{"line":198,"column":2},"end":{"line":198,"column":22}},"123":{"start":{"line":199,"column":2},"end":{"line":199,"column":20}},"124":{"start":{"line":200,"column":2},"end":{"line":222,"column":3}},"125":{"start":{"line":200,"column":15},"end":{"line":200,"column":16}},"126":{"start":{"line":201,"column":4},"end":{"line":201,"column":10}},"127":{"start":{"line":202,"column":4},"end":{"line":220,"column":5}},"128":{"start":{"line":202,"column":17},"end":{"line":202,"column":18}},"129":{"start":{"line":203,"column":14},"end":{"line":203,"column":30}},"130":{"start":{"line":204,"column":22},"end":{"line":204,"column":30}},"131":{"start":{"line":205,"column":6},"end":{"line":205,"column":16}},"132":{"start":{"line":206,"column":6},"end":{"line":219,"column":7}},"133":{"start":{"line":207,"column":8},"end":{"line":216,"column":9}},"134":{"start":{"line":209,"column":12},"end":{"line":209,"column":58}},"135":{"start":{"line":210,"column":12},"end":{"line":210,"column":17}},"136":{"start":{"line":212,"column":12},"end":{"line":212,"column":58}},"137":{"start":{"line":213,"column":12},"end":{"line":213,"column":17}},"138":{"start":{"line":215,"column":12},"end":{"line":215,"column":58}},"139":{"start":{"line":218,"column":8},"end":{"line":218,"column":46}},"140":{"start":{"line":221,"column":4},"end":{"line":221,"column":24}},"141":{"start":{"line":223,"column":2},"end":{"line":223,"column":20}},"142":{"start":{"line":225,"column":0},"end":{"line":225,"column":120}},"143":{"start":{"line":227,"column":0},"end":{"line":249,"column":1}}},"fnMap":{"0":{"name":"ext","decl":{"start":{"line":5,"column":9},"end":{"line":5,"column":12}},"loc":{"start":{"line":5,"column":20},"end":{"line":15,"column":1}},"line":5},"1":{"name":"(anonymous_1)","decl":{"start":{"line":26,"column":25},"end":{"line":26,"column":26}},"loc":{"start":{"line":26,"column":38},"end":{"line":29,"column":1}},"line":26},"2":{"name":"(anonymous_2)","decl":{"start":{"line":32,"column":27},"end":{"line":32,"column":28}},"loc":{"start":{"line":32,"column":40},"end":{"line":41,"column":1}},"line":32},"3":{"name":"(anonymous_3)","decl":{"start":{"line":42,"column":12},"end":{"line":42,"column":13}},"loc":{"start":{"line":42,"column":51},"end":{"line":44,"column":1}},"line":42},"4":{"name":"(anonymous_4)","decl":{"start":{"line":50,"column":2},"end":{"line":50,"column":3}},"loc":{"start":{"line":50,"column":12},"end":{"line":52,"column":3}},"line":50},"5":{"name":"(anonymous_5)","decl":{"start":{"line":69,"column":2},"end":{"line":69,"column":3}},"loc":{"start":{"line":69,"column":15},"end":{"line":69,"column":55}},"line":69},"6":{"name":"(anonymous_6)","decl":{"start":{"line":70,"column":2},"end":{"line":70,"column":3}},"loc":{"start":{"line":70,"column":15},"end":{"line":70,"column":55}},"line":70},"7":{"name":"(anonymous_7)","decl":{"start":{"line":71,"column":2},"end":{"line":71,"column":3}},"loc":{"start":{"line":71,"column":15},"end":{"line":71,"column":55}},"line":71},"8":{"name":"(anonymous_8)","decl":{"start":{"line":72,"column":2},"end":{"line":72,"column":3}},"loc":{"start":{"line":72,"column":15},"end":{"line":72,"column":55}},"line":72},"9":{"name":"(anonymous_9)","decl":{"start":{"line":73,"column":2},"end":{"line":73,"column":3}},"loc":{"start":{"line":73,"column":15},"end":{"line":73,"column":55}},"line":73},"10":{"name":"(anonymous_10)","decl":{"start":{"line":74,"column":2},"end":{"line":74,"column":3}},"loc":{"start":{"line":74,"column":15},"end":{"line":74,"column":55}},"line":74},"11":{"name":"(anonymous_11)","decl":{"start":{"line":75,"column":2},"end":{"line":75,"column":3}},"loc":{"start":{"line":75,"column":15},"end":{"line":75,"column":55}},"line":75},"12":{"name":"(anonymous_12)","decl":{"start":{"line":76,"column":2},"end":{"line":76,"column":3}},"loc":{"start":{"line":76,"column":18},"end":{"line":76,"column":58}},"line":76},"13":{"name":"(anonymous_13)","decl":{"start":{"line":77,"column":2},"end":{"line":77,"column":3}},"loc":{"start":{"line":77,"column":18},"end":{"line":77,"column":58}},"line":77},"14":{"name":"(anonymous_14)","decl":{"start":{"line":78,"column":2},"end":{"line":78,"column":3}},"loc":{"start":{"line":78,"column":18},"end":{"line":78,"column":58}},"line":78},"15":{"name":"(anonymous_15)","decl":{"start":{"line":79,"column":2},"end":{"line":79,"column":3}},"loc":{"start":{"line":79,"column":18},"end":{"line":79,"column":58}},"line":79},"16":{"name":"(anonymous_16)","decl":{"start":{"line":80,"column":2},"end":{"line":80,"column":3}},"loc":{"start":{"line":80,"column":18},"end":{"line":80,"column":58}},"line":80},"17":{"name":"(anonymous_17)","decl":{"start":{"line":81,"column":2},"end":{"line":81,"column":3}},"loc":{"start":{"line":81,"column":18},"end":{"line":81,"column":58}},"line":81},"18":{"name":"(anonymous_18)","decl":{"start":{"line":82,"column":2},"end":{"line":82,"column":3}},"loc":{"start":{"line":82,"column":18},"end":{"line":82,"column":58}},"line":82},"19":{"name":"(anonymous_19)","decl":{"start":{"line":84,"column":22},"end":{"line":84,"column":23}},"loc":{"start":{"line":84,"column":34},"end":{"line":88,"column":1}},"line":84},"20":{"name":"(anonymous_20)","decl":{"start":{"line":92,"column":12},"end":{"line":92,"column":13}},"loc":{"start":{"line":92,"column":31},"end":{"line":105,"column":1}},"line":92},"21":{"name":"(anonymous_21)","decl":{"start":{"line":106,"column":12},"end":{"line":106,"column":13}},"loc":{"start":{"line":106,"column":31},"end":{"line":119,"column":1}},"line":106},"22":{"name":"strColor","decl":{"start":{"line":121,"column":9},"end":{"line":121,"column":17}},"loc":{"start":{"line":121,"column":25},"end":{"line":129,"column":1}},"line":121},"23":{"name":"(anonymous_23)","decl":{"start":{"line":131,"column":12},"end":{"line":131,"column":13}},"loc":{"start":{"line":131,"column":31},"end":{"line":147,"column":1}},"line":131},"24":{"name":"compare","decl":{"start":{"line":148,"column":9},"end":{"line":148,"column":16}},"loc":{"start":{"line":148,"column":26},"end":{"line":152,"column":1}},"line":148},"25":{"name":"(anonymous_25)","decl":{"start":{"line":149,"column":9},"end":{"line":149,"column":10}},"loc":{"start":{"line":149,"column":25},"end":{"line":151,"column":3}},"line":149},"26":{"name":"(anonymous_26)","decl":{"start":{"line":153,"column":13},"end":{"line":153,"column":14}},"loc":{"start":{"line":153,"column":26},"end":{"line":159,"column":1}},"line":153},"27":{"name":"(anonymous_27)","decl":{"start":{"line":154,"column":21},"end":{"line":154,"column":22}},"loc":{"start":{"line":154,"column":42},"end":{"line":158,"column":3}},"line":154},"28":{"name":"(anonymous_28)","decl":{"start":{"line":155,"column":15},"end":{"line":155,"column":16}},"loc":{"start":{"line":155,"column":21},"end":{"line":157,"column":5}},"line":155},"29":{"name":"(anonymous_29)","decl":{"start":{"line":168,"column":13},"end":{"line":168,"column":14}},"loc":{"start":{"line":168,"column":27},"end":{"line":168,"column":69}},"line":168},"30":{"name":"(anonymous_30)","decl":{"start":{"line":168,"column":27},"end":{"line":168,"column":28}},"loc":{"start":{"line":168,"column":34},"end":{"line":168,"column":69}},"line":168},"31":{"name":"(anonymous_31)","decl":{"start":{"line":168,"column":47},"end":{"line":168,"column":48}},"loc":{"start":{"line":168,"column":58},"end":{"line":168,"column":63}},"line":168},"32":{"name":"(anonymous_32)","decl":{"start":{"line":170,"column":9},"end":{"line":170,"column":10}},"loc":{"start":{"line":170,"column":22},"end":{"line":170,"column":60}},"line":170},"33":{"name":"(anonymous_33)","decl":{"start":{"line":173,"column":12},"end":{"line":173,"column":13}},"loc":{"start":{"line":173,"column":18},"end":{"line":173,"column":28}},"line":173},"34":{"name":"drawLine","decl":{"start":{"line":175,"column":9},"end":{"line":175,"column":17}},"loc":{"start":{"line":175,"column":29},"end":{"line":184,"column":1}},"line":175},"35":{"name":"drawTable","decl":{"start":{"line":185,"column":9},"end":{"line":185,"column":18}},"loc":{"start":{"line":185,"column":59},"end":{"line":224,"column":1}},"line":185}},"branchMap":{"0":{"loc":{"start":{"line":6,"column":2},"end":{"line":13,"column":3}},"type":"if","locations":[{"start":{"line":6,"column":2},"end":{"line":13,"column":3}},{"start":{"line":6,"column":2},"end":{"line":13,"column":3}}],"line":6},"1":{"loc":{"start":{"line":6,"column":6},"end":{"line":6,"column":12}},"type":"binary-expr","locations":[{"start":{"line":6,"column":6},"end":{"line":6,"column":7}},{"start":{"line":6,"column":11},"end":{"line":6,"column":12}}],"line":6},"2":{"loc":{"start":{"line":8,"column":6},"end":{"line":10,"column":7}},"type":"if","locations":[{"start":{"line":8,"column":6},"end":{"line":10,"column":7}},{"start":{"line":8,"column":6},"end":{"line":10,"column":7}}],"line":8},"3":{"loc":{"start":{"line":27,"column":19},"end":{"line":27,"column":25}},"type":"binary-expr","locations":[{"start":{"line":27,"column":19},"end":{"line":27,"column":20}},{"start":{"line":27,"column":24},"end":{"line":27,"column":25}}],"line":27},"4":{"loc":{"start":{"line":43,"column":19},"end":{"line":43,"column":42}},"type":"cond-expr","locations":[{"start":{"line":43,"column":33},"end":{"line":43,"column":37}},{"start":{"line":43,"column":40},"end":{"line":43,"column":42}}],"line":43},"5":{"loc":{"start":{"line":43,"column":45},"end":{"line":43,"column":71}},"type":"cond-expr","locations":[{"start":{"line":43,"column":54},"end":{"line":43,"column":66}},{"start":{"line":43,"column":69},"end":{"line":43,"column":71}}],"line":43},"6":{"loc":{"start":{"line":43,"column":74},"end":{"line":43,"column":92}},"type":"cond-expr","locations":[{"start":{"line":43,"column":79},"end":{"line":43,"column":87}},{"start":{"line":43,"column":90},"end":{"line":43,"column":92}}],"line":43},"7":{"loc":{"start":{"line":43,"column":95},"end":{"line":43,"column":103}},"type":"binary-expr","locations":[{"start":{"line":43,"column":95},"end":{"line":43,"column":97}},{"start":{"line":43,"column":101},"end":{"line":43,"column":103}}],"line":43},"8":{"loc":{"start":{"line":90,"column":11},"end":{"line":90,"column":83}},"type":"cond-expr","locations":[{"start":{"line":90,"column":34},"end":{"line":90,"column":57}},{"start":{"line":90,"column":60},"end":{"line":90,"column":83}}],"line":90},"9":{"loc":{"start":{"line":97,"column":4},"end":{"line":101,"column":5}},"type":"if","locations":[{"start":{"line":97,"column":4},"end":{"line":101,"column":5}},{"start":{"line":97,"column":4},"end":{"line":101,"column":5}}],"line":97},"10":{"loc":{"start":{"line":103,"column":19},"end":{"line":103,"column":42}},"type":"cond-expr","locations":[{"start":{"line":103,"column":36},"end":{"line":103,"column":37}},{"start":{"line":103,"column":40},"end":{"line":103,"column":42}}],"line":103},"11":{"loc":{"start":{"line":111,"column":4},"end":{"line":115,"column":5}},"type":"if","locations":[{"start":{"line":111,"column":4},"end":{"line":115,"column":5}},{"start":{"line":111,"column":4},"end":{"line":115,"column":5}}],"line":111},"12":{"loc":{"start":{"line":117,"column":21},"end":{"line":117,"column":44}},"type":"cond-expr","locations":[{"start":{"line":117,"column":38},"end":{"line":117,"column":39}},{"start":{"line":117,"column":42},"end":{"line":117,"column":44}}],"line":117},"13":{"loc":{"start":{"line":122,"column":2},"end":{"line":124,"column":3}},"type":"if","locations":[{"start":{"line":122,"column":2},"end":{"line":124,"column":3}},{"start":{"line":122,"column":2},"end":{"line":124,"column":3}}],"line":122},"14":{"loc":{"start":{"line":125,"column":2},"end":{"line":127,"column":3}},"type":"if","locations":[{"start":{"line":125,"column":2},"end":{"line":127,"column":3}},{"start":{"line":125,"column":2},"end":{"line":127,"column":3}}],"line":125},"15":{"loc":{"start":{"line":150,"column":11},"end":{"line":150,"column":59}},"type":"cond-expr","locations":[{"start":{"line":150,"column":31},"end":{"line":150,"column":42}},{"start":{"line":150,"column":47},"end":{"line":150,"column":58}}],"line":150},"16":{"loc":{"start":{"line":185,"column":36},"end":{"line":185,"column":57}},"type":"default-arg","locations":[{"start":{"line":185,"column":45},"end":{"line":185,"column":57}}],"line":185},"17":{"loc":{"start":{"line":191,"column":4},"end":{"line":195,"column":5}},"type":"if","locations":[{"start":{"line":191,"column":4},"end":{"line":195,"column":5}},{"start":{"line":191,"column":4},"end":{"line":195,"column":5}}],"line":191},"18":{"loc":{"start":{"line":206,"column":6},"end":{"line":219,"column":7}},"type":"if","locations":[{"start":{"line":206,"column":6},"end":{"line":219,"column":7}},{"start":{"line":206,"column":6},"end":{"line":219,"column":7}}],"line":206},"19":{"loc":{"start":{"line":207,"column":8},"end":{"line":216,"column":9}},"type":"switch","locations":[{"start":{"line":208,"column":10},"end":{"line":210,"column":17}},{"start":{"line":211,"column":10},"end":{"line":213,"column":17}},{"start":{"line":214,"column":10},"end":{"line":215,"column":58}}],"line":207}},"s":{"0":0,"1":0,"2":0,"3":0,"4":0,"5":0,"6":0,"7":0,"8":0,"9":0,"10":0,"11":0,"12":0,"13":0,"14":0,"15":0,"16":0,"17":0,"18":0,"19":0,"20":0,"21":0,"22":0,"23":0,"24":0,"25":0,"26":0,"27":0,"28":0,"29":0,"30":0,"31":0,"32":0,"33":0,"34":0,"35":0,"36":0,"37":0,"38":0,"39":0,"40":0,"41":0,"42":0,"43":0,"44":0,"45":0,"46":0,"47":0,"48":0,"49":0,"50":0,"51":0,"52":0,"53":0,"54":0,"55":0,"56":0,"57":0,"58":0,"59":0,"60":0,"61":0,"62":0,"63":0,"64":0,"65":0,"66":0,"67":0,"68":0,"69":0,"70":0,"71":0,"72":0,"73":0,"74":0,"75":0,"76":0,"77":0,"78":0,"79":0,"80":0,"81":0,"82":0,"83":0,"84":0,"85":0,"86":0,"87":0,"88":0,"89":0,"90":0,"91":0,"92":0,"93":0,"94":0,"95":0,"96":0,"97":0,"98":0,"99":0,"100":0,"101":0,"102":0,"103":0,"104":0,"105":0,"106":0,"107":0,"108":0,"109":0,"110":0,"111":0,"112":0,"113":0,"114":0,"115":0,"116":0,"117":0,"118":0,"119":0,"120":0,"121":0,"122":0,"123":0,"124":0,"125":0,"126":0,"127":0,"128":0,"129":0,"130":0,"131":0,"132":0,"133":0,"134":0,"135":0,"136":0,"137":0,"138":0,"139":0,"140":0,"141":0,"142":0,"143":0},"f":{"0":0,"1":0,"2":0,"3":0,"4":0,"5":0,"6":0,"7":0,"8":0,"9":0,"10":0,"11":0,"12":0,"13":0,"14":0,"15":0,"16":0,"17":0,"18":0,"19":0,"20":0,"21":0,"22":0,"23":0,"24":0,"25":0,"26":0,"27":0,"28":0,"29":0,"30":0,"31":0,"32":0,"33":0,"34":0,"35":0},"b":{"0":[0,0],"1":[0,0],"2":[0,0],"3":[0,0],"4":[0,0],"5":[0,0],"6":[0,0],"7":[0,0],"8":[0,0],"9":[0,0],"10":[0,0],"11":[0,0],"12":[0,0],"13":[0,0],"14":[0,0],"15":[0,0],"16":[0],"17":[0,0],"18":[0,0],"19":[0,0,0]}},"C:\\project\\meeko\\lib\\array.js":{"path":"C:\\project\\meeko\\lib\\array.js","statementMap":{"0":{"start":{"line":3,"column":16},"end":{"line":3,"column":94}},"1":{"start":{"line":3,"column":25},"end":{"line":3,"column":94}},"2":{"start":{"line":3,"column":46},"end":{"line":3,"column":89}},"3":{"start":{"line":5,"column":0},"end":{"line":78,"column":1}},"4":{"start":{"line":7,"column":4},"end":{"line":7,"column":43}},"5":{"start":{"line":10,"column":4},"end":{"line":13,"column":10}},"6":{"start":{"line":11,"column":6},"end":{"line":11,"column":39}},"7":{"start":{"line":12,"column":6},"end":{"line":12,"column":14}},"8":{"start":{"line":16,"column":4},"end":{"line":16,"column":24}},"9":{"start":{"line":19,"column":4},"end":{"line":27,"column":5}},"10":{"start":{"line":20,"column":6},"end":{"line":26,"column":11}},"11":{"start":{"line":21,"column":8},"end":{"line":24,"column":9}},"12":{"start":{"line":22,"column":27},"end":{"line":22,"column":99}},"13":{"start":{"line":23,"column":10},"end":{"line":23,"column":46}},"14":{"start":{"line":25,"column":8},"end":{"line":25,"column":18}},"15":{"start":{"line":30,"column":4},"end":{"line":30,"column":28}},"16":{"start":{"line":30,"column":14},"end":{"line":30,"column":26}},"17":{"start":{"line":31,"column":4},"end":{"line":31,"column":50}},"18":{"start":{"line":31,"column":36},"end":{"line":31,"column":48}},"19":{"start":{"line":32,"column":4},"end":{"line":39,"column":5}},"20":{"start":{"line":32,"column":17},"end":{"line":32,"column":18}},"21":{"start":{"line":32,"column":24},"end":{"line":32,"column":35}},"22":{"start":{"line":33,"column":6},"end":{"line":38,"column":7}},"23":{"start":{"line":34,"column":8},"end":{"line":34,"column":51}},"24":{"start":{"line":34,"column":37},"end":{"line":34,"column":49}},"25":{"start":{"line":35,"column":13},"end":{"line":38,"column":7}},"26":{"start":{"line":37,"column":8},"end":{"line":37,"column":20}},"27":{"start":{"line":40,"column":4},"end":{"line":40,"column":15}},"28":{"start":{"line":43,"column":4},"end":{"line":43,"column":36}},"29":{"start":{"line":46,"column":4},"end":{"line":46,"column":51}},"30":{"start":{"line":46,"column":28},"end":{"line":46,"column":41}},"31":{"start":{"line":49,"column":4},"end":{"line":49,"column":34}},"32":{"start":{"line":52,"column":17},"end":{"line":52,"column":48}},"33":{"start":{"line":52,"column":34},"end":{"line":52,"column":47}},"34":{"start":{"line":53,"column":4},"end":{"line":53,"column":57}},"35":{"start":{"line":53,"column":28},"end":{"line":53,"column":47}},"36":{"start":{"line":56,"column":4},"end":{"line":56,"column":42}},"37":{"start":{"line":56,"column":27},"end":{"line":56,"column":41}},"38":{"start":{"line":59,"column":13},"end":{"line":59,"column":17}},"39":{"start":{"line":60,"column":14},"end":{"line":60,"column":23}},"40":{"start":{"line":61,"column":4},"end":{"line":63,"column":12}},"41":{"start":{"line":62,"column":6},"end":{"line":62,"column":18}},"42":{"start":{"line":66,"column":13},"end":{"line":66,"column":24}},"43":{"start":{"line":67,"column":14},"end":{"line":67,"column":23}},"44":{"start":{"line":68,"column":4},"end":{"line":68,"column":27}},"45":{"start":{"line":68,"column":19},"end":{"line":68,"column":27}},"46":{"start":{"line":69,"column":4},"end":{"line":69,"column":80}},"47":{"start":{"line":72,"column":4},"end":{"line":72,"column":47}},"48":{"start":{"line":72,"column":27},"end":{"line":72,"column":46}},"49":{"start":{"line":75,"column":4},"end":{"line":75,"column":25}},"50":{"start":{"line":76,"column":4},"end":{"line":76,"column":15}}},"fnMap":{"0":{"name":"(anonymous_0)","decl":{"start":{"line":3,"column":16},"end":{"line":3,"column":17}},"loc":{"start":{"line":3,"column":25},"end":{"line":3,"column":94}},"line":3},"1":{"name":"(anonymous_1)","decl":{"start":{"line":3,"column":36},"end":{"line":3,"column":37}},"loc":{"start":{"line":3,"column":46},"end":{"line":3,"column":89}},"line":3},"2":{"name":"(anonymous_2)","decl":{"start":{"line":6,"column":2},"end":{"line":6,"column":3}},"loc":{"start":{"line":6,"column":10},"end":{"line":8,"column":3}},"line":6},"3":{"name":"(anonymous_3)","decl":{"start":{"line":9,"column":2},"end":{"line":9,"column":3}},"loc":{"start":{"line":9,"column":11},"end":{"line":14,"column":3}},"line":9},"4":{"name":"(anonymous_4)","decl":{"start":{"line":10,"column":23},"end":{"line":10,"column":24}},"loc":{"start":{"line":10,"column":42},"end":{"line":13,"column":5}},"line":10},"5":{"name":"(anonymous_5)","decl":{"start":{"line":15,"column":2},"end":{"line":15,"column":3}},"loc":{"start":{"line":15,"column":13},"end":{"line":17,"column":3}},"line":15},"6":{"name":"(anonymous_6)","decl":{"start":{"line":18,"column":2},"end":{"line":18,"column":3}},"loc":{"start":{"line":18,"column":36},"end":{"line":28,"column":3}},"line":18},"7":{"name":"(anonymous_7)","decl":{"start":{"line":19,"column":26},"end":{"line":19,"column":27}},"loc":{"start":{"line":20,"column":6},"end":{"line":26,"column":11}},"line":20},"8":{"name":"(anonymous_8)","decl":{"start":{"line":20,"column":19},"end":{"line":20,"column":20}},"loc":{"start":{"line":20,"column":37},"end":{"line":26,"column":7}},"line":20},"9":{"name":"(anonymous_9)","decl":{"start":{"line":29,"column":2},"end":{"line":29,"column":3}},"loc":{"start":{"line":29,"column":13},"end":{"line":41,"column":3}},"line":29},"10":{"name":"(anonymous_10)","decl":{"start":{"line":42,"column":2},"end":{"line":42,"column":3}},"loc":{"start":{"line":42,"column":12},"end":{"line":44,"column":3}},"line":42},"11":{"name":"(anonymous_11)","decl":{"start":{"line":45,"column":2},"end":{"line":45,"column":3}},"loc":{"start":{"line":45,"column":21},"end":{"line":47,"column":3}},"line":45},"12":{"name":"(anonymous_12)","decl":{"start":{"line":46,"column":23},"end":{"line":46,"column":24}},"loc":{"start":{"line":46,"column":28},"end":{"line":46,"column":41}},"line":46},"13":{"name":"(anonymous_13)","decl":{"start":{"line":48,"column":2},"end":{"line":48,"column":3}},"loc":{"start":{"line":48,"column":17},"end":{"line":50,"column":3}},"line":48},"14":{"name":"(anonymous_14)","decl":{"start":{"line":51,"column":2},"end":{"line":51,"column":3}},"loc":{"start":{"line":51,"column":18},"end":{"line":54,"column":3}},"line":51},"15":{"name":"(anonymous_15)","decl":{"start":{"line":52,"column":29},"end":{"line":52,"column":30}},"loc":{"start":{"line":52,"column":34},"end":{"line":52,"column":47}},"line":52},"16":{"name":"(anonymous_16)","decl":{"start":{"line":53,"column":23},"end":{"line":53,"column":24}},"loc":{"start":{"line":53,"column":28},"end":{"line":53,"column":47}},"line":53},"17":{"name":"(anonymous_17)","decl":{"start":{"line":55,"column":2},"end":{"line":55,"column":3}},"loc":{"start":{"line":55,"column":18},"end":{"line":57,"column":3}},"line":55},"18":{"name":"(anonymous_18)","decl":{"start":{"line":56,"column":22},"end":{"line":56,"column":23}},"loc":{"start":{"line":56,"column":27},"end":{"line":56,"column":41}},"line":56},"19":{"name":"(anonymous_19)","decl":{"start":{"line":58,"column":2},"end":{"line":58,"column":3}},"loc":{"start":{"line":58,"column":10},"end":{"line":64,"column":3}},"line":58},"20":{"name":"(anonymous_20)","decl":{"start":{"line":61,"column":21},"end":{"line":61,"column":22}},"loc":{"start":{"line":61,"column":37},"end":{"line":63,"column":5}},"line":61},"21":{"name":"(anonymous_21)","decl":{"start":{"line":65,"column":2},"end":{"line":65,"column":3}},"loc":{"start":{"line":65,"column":12},"end":{"line":70,"column":3}},"line":65},"22":{"name":"(anonymous_22)","decl":{"start":{"line":71,"column":2},"end":{"line":71,"column":3}},"loc":{"start":{"line":71,"column":13},"end":{"line":73,"column":3}},"line":71},"23":{"name":"(anonymous_23)","decl":{"start":{"line":72,"column":21},"end":{"line":72,"column":22}},"loc":{"start":{"line":72,"column":27},"end":{"line":72,"column":46}},"line":72},"24":{"name":"(anonymous_24)","decl":{"start":{"line":74,"column":2},"end":{"line":74,"column":3}},"loc":{"start":{"line":74,"column":28},"end":{"line":77,"column":3}},"line":74}},"branchMap":{"0":{"loc":{"start":{"line":3,"column":55},"end":{"line":3,"column":88}},"type":"cond-expr","locations":[{"start":{"line":3,"column":74},"end":{"line":3,"column":84}},{"start":{"line":3,"column":87},"end":{"line":3,"column":88}}],"line":3},"1":{"loc":{"start":{"line":11,"column":16},"end":{"line":11,"column":39}},"type":"cond-expr","locations":[{"start":{"line":11,"column":26},"end":{"line":11,"column":35}},{"start":{"line":11,"column":38},"end":{"line":11,"column":39}}],"line":11},"2":{"loc":{"start":{"line":18,"column":18},"end":{"line":18,"column":34}},"type":"default-arg","locations":[{"start":{"line":18,"column":27},"end":{"line":18,"column":34}}],"line":18},"3":{"loc":{"start":{"line":21,"column":8},"end":{"line":24,"column":9}},"type":"if","locations":[{"start":{"line":21,"column":8},"end":{"line":24,"column":9}},{"start":{"line":21,"column":8},"end":{"line":24,"column":9}}],"line":21},"4":{"loc":{"start":{"line":22,"column":27},"end":{"line":22,"column":99}},"type":"cond-expr","locations":[{"start":{"line":22,"column":60},"end":{"line":22,"column":78}},{"start":{"line":22,"column":81},"end":{"line":22,"column":99}}],"line":22},"5":{"loc":{"start":{"line":22,"column":27},"end":{"line":22,"column":57}},"type":"binary-expr","locations":[{"start":{"line":22,"column":27},"end":{"line":22,"column":33}},{"start":{"line":22,"column":37},"end":{"line":22,"column":57}}],"line":22},"6":{"loc":{"start":{"line":23,"column":16},"end":{"line":23,"column":46}},"type":"cond-expr","locations":[{"start":{"line":23,"column":26},"end":{"line":23,"column":27}},{"start":{"line":23,"column":30},"end":{"line":23,"column":46}}],"line":23},"7":{"loc":{"start":{"line":23,"column":30},"end":{"line":23,"column":46}},"type":"cond-expr","locations":[{"start":{"line":23,"column":40},"end":{"line":23,"column":42}},{"start":{"line":23,"column":45},"end":{"line":23,"column":46}}],"line":23},"8":{"loc":{"start":{"line":30,"column":4},"end":{"line":30,"column":28}},"type":"if","locations":[{"start":{"line":30,"column":4},"end":{"line":30,"column":28}},{"start":{"line":30,"column":4},"end":{"line":30,"column":28}}],"line":30},"9":{"loc":{"start":{"line":31,"column":4},"end":{"line":31,"column":50}},"type":"if","locations":[{"start":{"line":31,"column":4},"end":{"line":31,"column":50}},{"start":{"line":31,"column":4},"end":{"line":31,"column":50}}],"line":31},"10":{"loc":{"start":{"line":33,"column":6},"end":{"line":38,"column":7}},"type":"if","locations":[{"start":{"line":33,"column":6},"end":{"line":38,"column":7}},{"start":{"line":33,"column":6},"end":{"line":38,"column":7}}],"line":33},"11":{"loc":{"start":{"line":33,"column":10},"end":{"line":33,"column":59}},"type":"binary-expr","locations":[{"start":{"line":33,"column":10},"end":{"line":33,"column":34}},{"start":{"line":33,"column":38},"end":{"line":33,"column":59}}],"line":33},"12":{"loc":{"start":{"line":34,"column":8},"end":{"line":34,"column":51}},"type":"if","locations":[{"start":{"line":34,"column":8},"end":{"line":34,"column":51}},{"start":{"line":34,"column":8},"end":{"line":34,"column":51}}],"line":34},"13":{"loc":{"start":{"line":35,"column":13},"end":{"line":38,"column":7}},"type":"if","locations":[{"start":{"line":35,"column":13},"end":{"line":38,"column":7}},{"start":{"line":35,"column":13},"end":{"line":38,"column":7}}],"line":35},"14":{"loc":{"start":{"line":35,"column":17},"end":{"line":35,"column":70}},"type":"binary-expr","locations":[{"start":{"line":35,"column":17},"end":{"line":35,"column":33}},{"start":{"line":35,"column":38},"end":{"line":35,"column":53}},{"start":{"line":35,"column":57},"end":{"line":35,"column":69}}],"line":35},"15":{"loc":{"start":{"line":45,"column":13},"end":{"line":45,"column":19}},"type":"default-arg","locations":[{"start":{"line":45,"column":17},"end":{"line":45,"column":19}}],"line":45},"16":{"loc":{"start":{"line":48,"column":9},"end":{"line":48,"column":15}},"type":"default-arg","locations":[{"start":{"line":48,"column":13},"end":{"line":48,"column":15}}],"line":48},"17":{"loc":{"start":{"line":51,"column":10},"end":{"line":51,"column":16}},"type":"default-arg","locations":[{"start":{"line":51,"column":14},"end":{"line":51,"column":16}}],"line":51},"18":{"loc":{"start":{"line":55,"column":10},"end":{"line":55,"column":16}},"type":"default-arg","locations":[{"start":{"line":55,"column":14},"end":{"line":55,"column":16}}],"line":55},"19":{"loc":{"start":{"line":68,"column":4},"end":{"line":68,"column":27}},"type":"if","locations":[{"start":{"line":68,"column":4},"end":{"line":68,"column":27}},{"start":{"line":68,"column":4},"end":{"line":68,"column":27}}],"line":68},"20":{"loc":{"start":{"line":69,"column":11},"end":{"line":69,"column":80}},"type":"cond-expr","locations":[{"start":{"line":69,"column":27},"end":{"line":69,"column":62}},{"start":{"line":69,"column":65},"end":{"line":69,"column":80}}],"line":69},"21":{"loc":{"start":{"line":74,"column":10},"end":{"line":74,"column":17}},"type":"default-arg","locations":[{"start":{"line":74,"column":16},"end":{"line":74,"column":17}}],"line":74},"22":{"loc":{"start":{"line":74,"column":19},"end":{"line":74,"column":26}},"type":"default-arg","locations":[{"start":{"line":74,"column":25},"end":{"line":74,"column":26}}],"line":74}},"s":{"0":0,"1":0,"2":0,"3":0,"4":0,"5":0,"6":0,"7":0,"8":0,"9":0,"10":0,"11":0,"12":0,"13":0,"14":0,"15":0,"16":0,"17":0,"18":0,"19":0,"20":0,"21":0,"22":0,"23":0,"24":0,"25":0,"26":0,"27":0,"28":0,"29":0,"30":0,"31":0,"32":0,"33":0,"34":0,"35":0,"36":0,"37":0,"38":0,"39":0,"40":0,"41":0,"42":0,"43":0,"44":0,"45":0,"46":0,"47":0,"48":0,"49":0,"50":0},"f":{"0":0,"1":0,"2":0,"3":0,"4":0,"5":0,"6":0,"7":0,"8":0,"9":0,"10":0,"11":0,"12":0,"13":0,"14":0,"15":0,"16":0,"17":0,"18":0,"19":0,"20":0,"21":0,"22":0,"23":0,"24":0},"b":{"0":[0,0],"1":[0,0],"2":[0],"3":[0,0],"4":[0,0],"5":[0,0],"6":[0,0],"7":[0,0],"8":[0,0],"9":[0,0],"10":[0,0],"11":[0,0],"12":[0,0],"13":[0,0],"14":[0,0,0],"15":[0],"16":[0],"17":[0],"18":[0],"19":[0,0],"20":[0,0],"21":[0],"22":[0]}},"C:\\project\\meeko\\lib\\date.js":{"path":"C:\\project\\meeko\\lib\\date.js","statementMap":{"0":{"start":{"line":4,"column":17},"end":{"line":4,"column":37}},"1":{"start":{"line":5,"column":13},"end":{"line":5,"column":30}},"2":{"start":{"line":6,"column":2},"end":{"line":8,"column":3}},"3":{"start":{"line":7,"column":4},"end":{"line":7,"column":19}},"4":{"start":{"line":9,"column":2},"end":{"line":9,"column":30}},"5":{"start":{"line":10,"column":2},"end":{"line":10,"column":62}},"6":{"start":{"line":11,"column":2},"end":{"line":11,"column":27}},"7":{"start":{"line":15,"column":17},"end":{"line":15,"column":58}},"8":{"start":{"line":16,"column":2},"end":{"line":18,"column":3}},"9":{"start":{"line":17,"column":4},"end":{"line":17,"column":60}},"10":{"start":{"line":19,"column":10},"end":{"line":19,"column":73}},"11":{"start":{"line":20,"column":2},"end":{"line":20,"column":30}},"12":{"start":{"line":22,"column":13},"end":{"line":46,"column":1}},"13":{"start":{"line":23,"column":10},"end":{"line":36,"column":3}},"14":{"start":{"line":37,"column":2},"end":{"line":39,"column":3}},"15":{"start":{"line":38,"column":4},"end":{"line":38,"column":84}},"16":{"start":{"line":40,"column":2},"end":{"line":44,"column":3}},"17":{"start":{"line":41,"column":4},"end":{"line":43,"column":5}},"18":{"start":{"line":42,"column":6},"end":{"line":42,"column":110}},"19":{"start":{"line":45,"column":2},"end":{"line":45,"column":10}},"20":{"start":{"line":47,"column":0},"end":{"line":86,"column":1}},"21":{"start":{"line":49,"column":4},"end":{"line":49,"column":31}},"22":{"start":{"line":52,"column":4},"end":{"line":52,"column":29}},"23":{"start":{"line":55,"column":4},"end":{"line":55,"column":28}},"24":{"start":{"line":58,"column":12},"end":{"line":58,"column":31}},"25":{"start":{"line":59,"column":12},"end":{"line":59,"column":26}},"26":{"start":{"line":60,"column":4},"end":{"line":60,"column":28}},"27":{"start":{"line":61,"column":4},"end":{"line":61,"column":28}},"28":{"start":{"line":62,"column":4},"end":{"line":62,"column":15}},"29":{"start":{"line":63,"column":4},"end":{"line":63,"column":45}},"30":{"start":{"line":67,"column":12},"end":{"line":67,"column":16}},"31":{"start":{"line":68,"column":12},"end":{"line":78,"column":5}},"32":{"start":{"line":79,"column":12},"end":{"line":82,"column":5}},"33":{"start":{"line":83,"column":4},"end":{"line":83,"column":82}},"34":{"start":{"line":84,"column":4},"end":{"line":84,"column":12}}},"fnMap":{"0":{"name":"getFirstWeekBegDay","decl":{"start":{"line":3,"column":9},"end":{"line":3,"column":27}},"loc":{"start":{"line":3,"column":35},"end":{"line":12,"column":1}},"line":3},"1":{"name":"getWeekIndex","decl":{"start":{"line":14,"column":9},"end":{"line":14,"column":21}},"loc":{"start":{"line":14,"column":32},"end":{"line":21,"column":1}},"line":14},"2":{"name":"(anonymous_2)","decl":{"start":{"line":22,"column":13},"end":{"line":22,"column":14}},"loc":{"start":{"line":22,"column":50},"end":{"line":46,"column":1}},"line":22},"3":{"name":"(anonymous_3)","decl":{"start":{"line":48,"column":2},"end":{"line":48,"column":3}},"loc":{"start":{"line":48,"column":13},"end":{"line":50,"column":3}},"line":48},"4":{"name":"(anonymous_4)","decl":{"start":{"line":51,"column":2},"end":{"line":51,"column":3}},"loc":{"start":{"line":51,"column":13},"end":{"line":53,"column":3}},"line":51},"5":{"name":"(anonymous_5)","decl":{"start":{"line":54,"column":2},"end":{"line":54,"column":3}},"loc":{"start":{"line":54,"column":14},"end":{"line":56,"column":3}},"line":54},"6":{"name":"(anonymous_6)","decl":{"start":{"line":57,"column":2},"end":{"line":57,"column":3}},"loc":{"start":{"line":57,"column":12},"end":{"line":64,"column":3}},"line":57},"7":{"name":"(anonymous_7)","decl":{"start":{"line":66,"column":2},"end":{"line":66,"column":3}},"loc":{"start":{"line":66,"column":29},"end":{"line":85,"column":3}},"line":66}},"branchMap":{"0":{"loc":{"start":{"line":6,"column":2},"end":{"line":8,"column":3}},"type":"if","locations":[{"start":{"line":6,"column":2},"end":{"line":8,"column":3}},{"start":{"line":6,"column":2},"end":{"line":8,"column":3}}],"line":6},"1":{"loc":{"start":{"line":9,"column":9},"end":{"line":9,"column":30}},"type":"cond-expr","locations":[{"start":{"line":9,"column":22},"end":{"line":9,"column":23}},{"start":{"line":9,"column":26},"end":{"line":9,"column":30}}],"line":9},"2":{"loc":{"start":{"line":16,"column":2},"end":{"line":18,"column":3}},"type":"if","locations":[{"start":{"line":16,"column":2},"end":{"line":18,"column":3}},{"start":{"line":16,"column":2},"end":{"line":18,"column":3}}],"line":16},"3":{"loc":{"start":{"line":22,"column":23},"end":{"line":22,"column":48}},"type":"default-arg","locations":[{"start":{"line":22,"column":27},"end":{"line":22,"column":48}}],"line":22},"4":{"loc":{"start":{"line":37,"column":2},"end":{"line":39,"column":3}},"type":"if","locations":[{"start":{"line":37,"column":2},"end":{"line":39,"column":3}},{"start":{"line":37,"column":2},"end":{"line":39,"column":3}}],"line":37},"5":{"loc":{"start":{"line":41,"column":4},"end":{"line":43,"column":5}},"type":"if","locations":[{"start":{"line":41,"column":4},"end":{"line":43,"column":5}},{"start":{"line":41,"column":4},"end":{"line":43,"column":5}}],"line":41},"6":{"loc":{"start":{"line":42,"column":31},"end":{"line":42,"column":109}},"type":"cond-expr","locations":[{"start":{"line":42,"column":59},"end":{"line":42,"column":63}},{"start":{"line":42,"column":68},"end":{"line":42,"column":108}}],"line":42},"7":{"loc":{"start":{"line":60,"column":8},"end":{"line":60,"column":28}},"type":"cond-expr","locations":[{"start":{"line":60,"column":17},"end":{"line":60,"column":24}},{"start":{"line":60,"column":27},"end":{"line":60,"column":28}}],"line":60},"8":{"loc":{"start":{"line":61,"column":8},"end":{"line":61,"column":28}},"type":"cond-expr","locations":[{"start":{"line":61,"column":17},"end":{"line":61,"column":24}},{"start":{"line":61,"column":27},"end":{"line":61,"column":28}}],"line":61},"9":{"loc":{"start":{"line":62,"column":8},"end":{"line":62,"column":15}},"type":"binary-expr","locations":[{"start":{"line":62,"column":8},"end":{"line":62,"column":9}},{"start":{"line":62,"column":13},"end":{"line":62,"column":15}}],"line":62},"10":{"loc":{"start":{"line":83,"column":55},"end":{"line":83,"column":71}},"type":"binary-expr","locations":[{"start":{"line":83,"column":55},"end":{"line":83,"column":66}},{"start":{"line":83,"column":70},"end":{"line":83,"column":71}}],"line":83}},"s":{"0":0,"1":0,"2":0,"3":0,"4":0,"5":0,"6":0,"7":0,"8":0,"9":0,"10":0,"11":0,"12":0,"13":0,"14":0,"15":0,"16":0,"17":0,"18":0,"19":0,"20":0,"21":0,"22":0,"23":0,"24":0,"25":0,"26":0,"27":0,"28":0,"29":0,"30":0,"31":0,"32":0,"33":0,"34":0},"f":{"0":0,"1":0,"2":0,"3":0,"4":0,"5":0,"6":0,"7":0},"b":{"0":[0,0],"1":[0,0],"2":[0,0],"3":[0],"4":[0,0],"5":[0,0],"6":[0,0],"7":[0,0],"8":[0,0],"9":[0,0],"10":[0,0]}},"C:\\project\\meeko\\lib\\fake\\index.js":{"path":"C:\\project\\meeko\\lib\\fake\\index.js","statementMap":{"0":{"start":{"line":2,"column":9},"end":{"line":2,"column":22}},"1":{"start":{"line":3,"column":12},"end":{"line":3,"column":37}},"2":{"start":{"line":4,"column":11},"end":{"line":4,"column":26}},"3":{"start":{"line":5,"column":8},"end":{"line":5,"column":86}},"4":{"start":{"line":6,"column":13},"end":{"line":6,"column":34}},"5":{"start":{"line":7,"column":14},"end":{"line":7,"column":36}},"6":{"start":{"line":8,"column":18},"end":{"line":8,"column":31}},"7":{"start":{"line":12,"column":2},"end":{"line":14,"column":3}},"8":{"start":{"line":13,"column":4},"end":{"line":13,"column":13}},"9":{"start":{"line":15,"column":10},"end":{"line":15,"column":56}},"10":{"start":{"line":16,"column":12},"end":{"line":16,"column":24}},"11":{"start":{"line":17,"column":12},"end":{"line":17,"column":14}},"12":{"start":{"line":18,"column":2},"end":{"line":20,"column":3}},"13":{"start":{"line":18,"column":15},"end":{"line":18,"column":16}},"14":{"start":{"line":19,"column":4},"end":{"line":19,"column":31}},"15":{"start":{"line":21,"column":2},"end":{"line":21,"column":12}},"16":{"start":{"line":26,"column":13},"end":{"line":26,"column":15}},"17":{"start":{"line":27,"column":2},"end":{"line":29,"column":3}},"18":{"start":{"line":27,"column":15},"end":{"line":27,"column":16}},"19":{"start":{"line":28,"column":4},"end":{"line":28,"column":27}},"20":{"start":{"line":30,"column":2},"end":{"line":30,"column":13}},"21":{"start":{"line":35,"column":2},"end":{"line":35,"column":50}},"22":{"start":{"line":40,"column":17},"end":{"line":40,"column":53}},"23":{"start":{"line":41,"column":16},"end":{"line":41,"column":17}},"24":{"start":{"line":42,"column":2},"end":{"line":46,"column":3}},"25":{"start":{"line":43,"column":4},"end":{"line":43,"column":59}},"26":{"start":{"line":45,"column":4},"end":{"line":45,"column":66}},"27":{"start":{"line":47,"column":16},"end":{"line":47,"column":37}},"28":{"start":{"line":48,"column":18},"end":{"line":48,"column":66}},"29":{"start":{"line":49,"column":2},"end":{"line":49,"column":39}},"30":{"start":{"line":53,"column":2},"end":{"line":53,"column":28}},"31":{"start":{"line":56,"column":2},"end":{"line":56,"column":43}},"32":{"start":{"line":60,"column":2},"end":{"line":60,"column":45}},"33":{"start":{"line":65,"column":2},"end":{"line":74,"column":3}},"34":{"start":{"line":66,"column":12},"end":{"line":66,"column":14}},"35":{"start":{"line":67,"column":4},"end":{"line":69,"column":5}},"36":{"start":{"line":67,"column":17},"end":{"line":67,"column":18}},"37":{"start":{"line":68,"column":6},"end":{"line":68,"column":31}},"38":{"start":{"line":70,"column":4},"end":{"line":70,"column":47}},"39":{"start":{"line":71,"column":4},"end":{"line":71,"column":50}},"40":{"start":{"line":73,"column":4},"end":{"line":73,"column":48}},"41":{"start":{"line":79,"column":2},"end":{"line":79,"column":53}},"42":{"start":{"line":84,"column":2},"end":{"line":84,"column":20}},"43":{"start":{"line":85,"column":2},"end":{"line":85,"column":60}},"44":{"start":{"line":90,"column":2},"end":{"line":90,"column":20}},"45":{"start":{"line":91,"column":2},"end":{"line":91,"column":58}},"46":{"start":{"line":96,"column":12},"end":{"line":96,"column":14}},"47":{"start":{"line":97,"column":2},"end":{"line":99,"column":3}},"48":{"start":{"line":97,"column":15},"end":{"line":97,"column":16}},"49":{"start":{"line":98,"column":4},"end":{"line":98,"column":31}},"50":{"start":{"line":100,"column":2},"end":{"line":100,"column":22}},"51":{"start":{"line":106,"column":13},"end":{"line":110,"column":1}},"52":{"start":{"line":113,"column":2},"end":{"line":113,"column":23}},"53":{"start":{"line":114,"column":2},"end":{"line":118,"column":3}},"54":{"start":{"line":114,"column":15},"end":{"line":114,"column":16}},"55":{"start":{"line":115,"column":4},"end":{"line":117,"column":5}},"56":{"start":{"line":116,"column":6},"end":{"line":116,"column":14}},"57":{"start":{"line":119,"column":2},"end":{"line":119,"column":11}},"58":{"start":{"line":122,"column":2},"end":{"line":122,"column":63}},"59":{"start":{"line":126,"column":20},"end":{"line":126,"column":38}},"60":{"start":{"line":127,"column":15},"end":{"line":127,"column":57}},"61":{"start":{"line":128,"column":13},"end":{"line":128,"column":51}},"62":{"start":{"line":129,"column":11},"end":{"line":129,"column":56}},"63":{"start":{"line":130,"column":2},"end":{"line":130,"column":50}},"64":{"start":{"line":131,"column":2},"end":{"line":131,"column":22}},"65":{"start":{"line":133,"column":25},"end":{"line":133,"column":78}},"66":{"start":{"line":135,"column":24},"end":{"line":135,"column":59}},"67":{"start":{"line":136,"column":10},"end":{"line":136,"column":26}},"68":{"start":{"line":137,"column":14},"end":{"line":137,"column":15}},"69":{"start":{"line":138,"column":2},"end":{"line":140,"column":3}},"70":{"start":{"line":138,"column":15},"end":{"line":138,"column":16}},"71":{"start":{"line":138,"column":22},"end":{"line":138,"column":30}},"72":{"start":{"line":139,"column":4},"end":{"line":139,"column":49}},"73":{"start":{"line":141,"column":2},"end":{"line":141,"column":45}},"74":{"start":{"line":143,"column":0},"end":{"line":159,"column":1}}},"fnMap":{"0":{"name":"randData","decl":{"start":{"line":11,"column":9},"end":{"line":11,"column":17}},"loc":{"start":{"line":11,"column":25},"end":{"line":22,"column":1}},"line":11},"1":{"name":"randNum","decl":{"start":{"line":25,"column":9},"end":{"line":25,"column":16}},"loc":{"start":{"line":25,"column":21},"end":{"line":31,"column":1}},"line":25},"2":{"name":"randStr","decl":{"start":{"line":34,"column":9},"end":{"line":34,"column":16}},"loc":{"start":{"line":34,"column":21},"end":{"line":36,"column":1}},"line":34},"3":{"name":"randTime","decl":{"start":{"line":39,"column":9},"end":{"line":39,"column":17}},"loc":{"start":{"line":39,"column":39},"end":{"line":50,"column":1}},"line":39},"4":{"name":"randfirstName","decl":{"start":{"line":52,"column":9},"end":{"line":52,"column":22}},"loc":{"start":{"line":52,"column":26},"end":{"line":54,"column":1}},"line":52},"5":{"name":"randSecName","decl":{"start":{"line":55,"column":9},"end":{"line":55,"column":20}},"loc":{"start":{"line":55,"column":24},"end":{"line":57,"column":1}},"line":55},"6":{"name":"randName","decl":{"start":{"line":59,"column":9},"end":{"line":59,"column":17}},"loc":{"start":{"line":59,"column":21},"end":{"line":61,"column":1}},"line":59},"7":{"name":"randColor","decl":{"start":{"line":64,"column":9},"end":{"line":64,"column":18}},"loc":{"start":{"line":64,"column":31},"end":{"line":75,"column":1}},"line":64},"8":{"name":"price","decl":{"start":{"line":78,"column":9},"end":{"line":78,"column":14}},"loc":{"start":{"line":78,"column":37},"end":{"line":80,"column":1}},"line":78},"9":{"name":"smallAndNum","decl":{"start":{"line":83,"column":9},"end":{"line":83,"column":20}},"loc":{"start":{"line":83,"column":25},"end":{"line":86,"column":1}},"line":83},"10":{"name":"randUrl","decl":{"start":{"line":89,"column":9},"end":{"line":89,"column":16}},"loc":{"start":{"line":89,"column":21},"end":{"line":92,"column":1}},"line":89},"11":{"name":"randIp","decl":{"start":{"line":95,"column":9},"end":{"line":95,"column":15}},"loc":{"start":{"line":95,"column":19},"end":{"line":101,"column":1}},"line":95},"12":{"name":"whichNetwork","decl":{"start":{"line":112,"column":9},"end":{"line":112,"column":21}},"loc":{"start":{"line":112,"column":26},"end":{"line":120,"column":1}},"line":112},"13":{"name":"phoneNum","decl":{"start":{"line":121,"column":9},"end":{"line":121,"column":17}},"loc":{"start":{"line":121,"column":21},"end":{"line":123,"column":1}},"line":121},"14":{"name":"idCard","decl":{"start":{"line":125,"column":9},"end":{"line":125,"column":15}},"loc":{"start":{"line":125,"column":19},"end":{"line":142,"column":1}},"line":125}},"branchMap":{"0":{"loc":{"start":{"line":12,"column":2},"end":{"line":14,"column":3}},"type":"if","locations":[{"start":{"line":12,"column":2},"end":{"line":14,"column":3}},{"start":{"line":12,"column":2},"end":{"line":14,"column":3}}],"line":12},"1":{"loc":{"start":{"line":15,"column":10},"end":{"line":15,"column":56}},"type":"cond-expr","locations":[{"start":{"line":15,"column":31},"end":{"line":15,"column":32}},{"start":{"line":15,"column":35},"end":{"line":15,"column":56}}],"line":15},"2":{"loc":{"start":{"line":42,"column":2},"end":{"line":46,"column":3}},"type":"if","locations":[{"start":{"line":42,"column":2},"end":{"line":46,"column":3}},{"start":{"line":42,"column":2},"end":{"line":46,"column":3}}],"line":42},"3":{"loc":{"start":{"line":65,"column":2},"end":{"line":74,"column":3}},"type":"if","locations":[{"start":{"line":65,"column":2},"end":{"line":74,"column":3}},{"start":{"line":65,"column":2},"end":{"line":74,"column":3}}],"line":65},"4":{"loc":{"start":{"line":84,"column":6},"end":{"line":84,"column":20}},"type":"binary-expr","locations":[{"start":{"line":84,"column":6},"end":{"line":84,"column":15}},{"start":{"line":84,"column":19},"end":{"line":84,"column":20}}],"line":84},"5":{"loc":{"start":{"line":90,"column":6},"end":{"line":90,"column":20}},"type":"binary-expr","locations":[{"start":{"line":90,"column":6},"end":{"line":90,"column":15}},{"start":{"line":90,"column":19},"end":{"line":90,"column":20}}],"line":90},"6":{"loc":{"start":{"line":115,"column":4},"end":{"line":117,"column":5}},"type":"if","locations":[{"start":{"line":115,"column":4},"end":{"line":117,"column":5}},{"start":{"line":115,"column":4},"end":{"line":117,"column":5}}],"line":115}},"s":{"0":0,"1":0,"2":0,"3":0,"4":0,"5":0,"6":0,"7":0,"8":0,"9":0,"10":0,"11":0,"12":0,"13":0,"14":0,"15":0,"16":0,"17":0,"18":0,"19":0,"20":0,"21":0,"22":0,"23":0,"24":0,"25":0,"26":0,"27":0,"28":0,"29":0,"30":0,"31":0,"32":0,"33":0,"34":0,"35":0,"36":0,"37":0,"38":0,"39":0,"40":0,"41":0,"42":0,"43":0,"44":0,"45":0,"46":0,"47":0,"48":0,"49":0,"50":0,"51":0,"52":0,"53":0,"54":0,"55":0,"56":0,"57":0,"58":0,"59":0,"60":0,"61":0,"62":0,"63":0,"64":0,"65":0,"66":0,"67":0,"68":0,"69":0,"70":0,"71":0,"72":0,"73":0,"74":0},"f":{"0":0,"1":0,"2":0,"3":0,"4":0,"5":0,"6":0,"7":0,"8":0,"9":0,"10":0,"11":0,"12":0,"13":0,"14":0},"b":{"0":[0,0],"1":[0,0],"2":[0,0],"3":[0,0],"4":[0,0],"5":[0,0],"6":[0,0]}},"C:\\project\\meeko\\lib\\math.js":{"path":"C:\\project\\meeko\\lib\\math.js","statementMap":{"0":{"start":{"line":2,"column":14},"end":{"line":11,"column":1}},"1":{"start":{"line":3,"column":47},"end":{"line":4,"column":42}},"2":{"start":{"line":5,"column":2},"end":{"line":9,"column":3}},"3":{"start":{"line":5,"column":15},"end":{"line":5,"column":16}},"4":{"start":{"line":6,"column":4},"end":{"line":6,"column":43}},"5":{"start":{"line":7,"column":4},"end":{"line":7,"column":43}},"6":{"start":{"line":8,"column":4},"end":{"line":8,"column":44}},"7":{"start":{"line":10,"column":2},"end":{"line":10,"column":49}},"8":{"start":{"line":12,"column":17},"end":{"line":18,"column":1}},"9":{"start":{"line":13,"column":13},"end":{"line":13,"column":21}},"10":{"start":{"line":14,"column":12},"end":{"line":14,"column":20}},"11":{"start":{"line":15,"column":2},"end":{"line":17,"column":13}},"12":{"start":{"line":16,"column":4},"end":{"line":16,"column":38}},"13":{"start":{"line":19,"column":24},"end":{"line":25,"column":1}},"14":{"start":{"line":20,"column":13},"end":{"line":20,"column":21}},"15":{"start":{"line":21,"column":12},"end":{"line":21,"column":24}},"16":{"start":{"line":22,"column":2},"end":{"line":24,"column":13}},"17":{"start":{"line":23,"column":4},"end":{"line":23,"column":38}},"18":{"start":{"line":26,"column":14},"end":{"line":31,"column":1}},"19":{"start":{"line":27,"column":12},"end":{"line":27,"column":24}},"20":{"start":{"line":28,"column":2},"end":{"line":30,"column":7}},"21":{"start":{"line":29,"column":4},"end":{"line":29,"column":31}},"22":{"start":{"line":32,"column":14},"end":{"line":37,"column":1}},"23":{"start":{"line":33,"column":12},"end":{"line":33,"column":20}},"24":{"start":{"line":34,"column":2},"end":{"line":36,"column":7}},"25":{"start":{"line":35,"column":4},"end":{"line":35,"column":20}},"26":{"start":{"line":38,"column":14},"end":{"line":43,"column":1}},"27":{"start":{"line":39,"column":12},"end":{"line":39,"column":20}},"28":{"start":{"line":40,"column":2},"end":{"line":42,"column":14}},"29":{"start":{"line":41,"column":4},"end":{"line":41,"column":20}},"30":{"start":{"line":44,"column":12},"end":{"line":44,"column":50}},"31":{"start":{"line":44,"column":17},"end":{"line":44,"column":50}},"32":{"start":{"line":44,"column":36},"end":{"line":44,"column":49}},"33":{"start":{"line":45,"column":12},"end":{"line":45,"column":50}},"34":{"start":{"line":45,"column":17},"end":{"line":45,"column":50}},"35":{"start":{"line":45,"column":36},"end":{"line":45,"column":49}},"36":{"start":{"line":46,"column":14},"end":{"line":46,"column":34}},"37":{"start":{"line":46,"column":19},"end":{"line":46,"column":34}},"38":{"start":{"line":47,"column":15},"end":{"line":47,"column":42}},"39":{"start":{"line":47,"column":20},"end":{"line":47,"column":42}},"40":{"start":{"line":48,"column":22},"end":{"line":48,"column":56}},"41":{"start":{"line":48,"column":27},"end":{"line":48,"column":56}},"42":{"start":{"line":49,"column":16},"end":{"line":55,"column":1}},"43":{"start":{"line":50,"column":13},"end":{"line":50,"column":21}},"44":{"start":{"line":51,"column":12},"end":{"line":51,"column":20}},"45":{"start":{"line":52,"column":2},"end":{"line":54,"column":13}},"46":{"start":{"line":53,"column":4},"end":{"line":53,"column":33}},"47":{"start":{"line":56,"column":18},"end":{"line":62,"column":1}},"48":{"start":{"line":57,"column":15},"end":{"line":57,"column":33}},"49":{"start":{"line":58,"column":12},"end":{"line":58,"column":20}},"50":{"start":{"line":59,"column":2},"end":{"line":61,"column":13}},"51":{"start":{"line":60,"column":4},"end":{"line":60,"column":35}},"52":{"start":{"line":63,"column":15},"end":{"line":66,"column":1}},"53":{"start":{"line":64,"column":12},"end":{"line":64,"column":20}},"54":{"start":{"line":65,"column":2},"end":{"line":65,"column":43}},"55":{"start":{"line":67,"column":21},"end":{"line":70,"column":1}},"56":{"start":{"line":68,"column":13},"end":{"line":68,"column":21}},"57":{"start":{"line":69,"column":2},"end":{"line":69,"column":38}},"58":{"start":{"line":71,"column":13},"end":{"line":81,"column":1}},"59":{"start":{"line":72,"column":12},"end":{"line":72,"column":20}},"60":{"start":{"line":73,"column":13},"end":{"line":73,"column":21}},"61":{"start":{"line":74,"column":11},"end":{"line":76,"column":13}},"62":{"start":{"line":75,"column":4},"end":{"line":75,"column":51}},"63":{"start":{"line":77,"column":11},"end":{"line":79,"column":19}},"64":{"start":{"line":78,"column":4},"end":{"line":78,"column":38}},"65":{"start":{"line":80,"column":2},"end":{"line":80,"column":61}},"66":{"start":{"line":83,"column":14},"end":{"line":91,"column":1}},"67":{"start":{"line":84,"column":12},"end":{"line":84,"column":20}},"68":{"start":{"line":85,"column":13},"end":{"line":85,"column":21}},"69":{"start":{"line":86,"column":11},"end":{"line":88,"column":49}},"70":{"start":{"line":87,"column":4},"end":{"line":87,"column":64}},"71":{"start":{"line":90,"column":2},"end":{"line":90,"column":117}},"72":{"start":{"line":92,"column":14},"end":{"line":100,"column":1}},"73":{"start":{"line":93,"column":12},"end":{"line":93,"column":20}},"74":{"start":{"line":94,"column":13},"end":{"line":94,"column":21}},"75":{"start":{"line":95,"column":11},"end":{"line":97,"column":49}},"76":{"start":{"line":96,"column":4},"end":{"line":96,"column":64}},"77":{"start":{"line":99,"column":2},"end":{"line":99,"column":23}},"78":{"start":{"line":101,"column":14},"end":{"line":111,"column":1}},"79":{"start":{"line":102,"column":12},"end":{"line":102,"column":20}},"80":{"start":{"line":103,"column":13},"end":{"line":103,"column":21}},"81":{"start":{"line":104,"column":11},"end":{"line":106,"column":13}},"82":{"start":{"line":105,"column":4},"end":{"line":105,"column":64}},"83":{"start":{"line":107,"column":11},"end":{"line":109,"column":13}},"84":{"start":{"line":108,"column":4},"end":{"line":108,"column":38}},"85":{"start":{"line":110,"column":2},"end":{"line":110,"column":25}},"86":{"start":{"line":112,"column":28},"end":{"line":118,"column":1}},"87":{"start":{"line":113,"column":12},"end":{"line":113,"column":20}},"88":{"start":{"line":114,"column":13},"end":{"line":114,"column":21}},"89":{"start":{"line":115,"column":11},"end":{"line":115,"column":22}},"90":{"start":{"line":116,"column":11},"end":{"line":116,"column":41}},"91":{"start":{"line":117,"column":2},"end":{"line":117,"column":31}},"92":{"start":{"line":120,"column":0},"end":{"line":204,"column":1}},"93":{"start":{"line":125,"column":12},"end":{"line":125,"column":49}},"94":{"start":{"line":126,"column":12},"end":{"line":126,"column":34}},"95":{"start":{"line":127,"column":4},"end":{"line":127,"column":43}},"96":{"start":{"line":133,"column":4},"end":{"line":133,"column":19}},"97":{"start":{"line":137,"column":4},"end":{"line":137,"column":21}},"98":{"start":{"line":153,"column":46},"end":{"line":153,"column":57}},"99":{"start":{"line":154,"column":12},"end":{"line":154,"column":24}},"100":{"start":{"line":155,"column":12},"end":{"line":155,"column":29}},"101":{"start":{"line":156,"column":12},"end":{"line":156,"column":41}},"102":{"start":{"line":157,"column":4},"end":{"line":162,"column":5}},"103":{"start":{"line":165,"column":14},"end":{"line":165,"column":66}},"104":{"start":{"line":165,"column":50},"end":{"line":165,"column":64}},"105":{"start":{"line":166,"column":20},"end":{"line":166,"column":59}},"106":{"start":{"line":167,"column":4},"end":{"line":171,"column":5}},"107":{"start":{"line":174,"column":14},"end":{"line":174,"column":66}},"108":{"start":{"line":174,"column":47},"end":{"line":174,"column":61}},"109":{"start":{"line":175,"column":20},"end":{"line":175,"column":41}},"110":{"start":{"line":176,"column":4},"end":{"line":180,"column":5}},"111":{"start":{"line":183,"column":14},"end":{"line":183,"column":94}},"112":{"start":{"line":183,"column":47},"end":{"line":183,"column":61}},"113":{"start":{"line":183,"column":78},"end":{"line":183,"column":92}},"114":{"start":{"line":184,"column":20},"end":{"line":184,"column":59}},"115":{"start":{"line":185,"column":4},"end":{"line":189,"column":5}},"116":{"start":{"line":199,"column":32},"end":{"line":199,"column":43}},"117":{"start":{"line":200,"column":12},"end":{"line":200,"column":42}},"118":{"start":{"line":201,"column":4},"end":{"line":201,"column":12}}},"fnMap":{"0":{"name":"(anonymous_0)","decl":{"start":{"line":2,"column":14},"end":{"line":2,"column":15}},"loc":{"start":{"line":2,"column":30},"end":{"line":11,"column":1}},"line":2},"1":{"name":"(anonymous_1)","decl":{"start":{"line":12,"column":17},"end":{"line":12,"column":18}},"loc":{"start":{"line":12,"column":22},"end":{"line":18,"column":1}},"line":12},"2":{"name":"(anonymous_2)","decl":{"start":{"line":15,"column":18},"end":{"line":15,"column":19}},"loc":{"start":{"line":15,"column":34},"end":{"line":17,"column":3}},"line":15},"3":{"name":"(anonymous_3)","decl":{"start":{"line":19,"column":24},"end":{"line":19,"column":25}},"loc":{"start":{"line":19,"column":29},"end":{"line":25,"column":1}},"line":19},"4":{"name":"(anonymous_4)","decl":{"start":{"line":22,"column":18},"end":{"line":22,"column":19}},"loc":{"start":{"line":22,"column":34},"end":{"line":24,"column":3}},"line":22},"5":{"name":"(anonymous_5)","decl":{"start":{"line":26,"column":14},"end":{"line":26,"column":15}},"loc":{"start":{"line":26,"column":19},"end":{"line":31,"column":1}},"line":26},"6":{"name":"(anonymous_6)","decl":{"start":{"line":28,"column":18},"end":{"line":28,"column":19}},"loc":{"start":{"line":28,"column":34},"end":{"line":30,"column":3}},"line":28},"7":{"name":"(anonymous_7)","decl":{"start":{"line":32,"column":14},"end":{"line":32,"column":15}},"loc":{"start":{"line":32,"column":19},"end":{"line":37,"column":1}},"line":32},"8":{"name":"(anonymous_8)","decl":{"start":{"line":34,"column":24},"end":{"line":34,"column":25}},"loc":{"start":{"line":34,"column":40},"end":{"line":36,"column":3}},"line":34},"9":{"name":"(anonymous_9)","decl":{"start":{"line":38,"column":14},"end":{"line":38,"column":15}},"loc":{"start":{"line":38,"column":19},"end":{"line":43,"column":1}},"line":38},"10":{"name":"(anonymous_10)","decl":{"start":{"line":40,"column":28},"end":{"line":40,"column":29}},"loc":{"start":{"line":40,"column":44},"end":{"line":42,"column":3}},"line":40},"11":{"name":"(anonymous_11)","decl":{"start":{"line":44,"column":12},"end":{"line":44,"column":13}},"loc":{"start":{"line":44,"column":17},"end":{"line":44,"column":50}},"line":44},"12":{"name":"(anonymous_12)","decl":{"start":{"line":44,"column":26},"end":{"line":44,"column":27}},"loc":{"start":{"line":44,"column":36},"end":{"line":44,"column":49}},"line":44},"13":{"name":"(anonymous_13)","decl":{"start":{"line":45,"column":12},"end":{"line":45,"column":13}},"loc":{"start":{"line":45,"column":17},"end":{"line":45,"column":50}},"line":45},"14":{"name":"(anonymous_14)","decl":{"start":{"line":45,"column":26},"end":{"line":45,"column":27}},"loc":{"start":{"line":45,"column":36},"end":{"line":45,"column":49}},"line":45},"15":{"name":"(anonymous_15)","decl":{"start":{"line":46,"column":14},"end":{"line":46,"column":15}},"loc":{"start":{"line":46,"column":19},"end":{"line":46,"column":34}},"line":46},"16":{"name":"(anonymous_16)","decl":{"start":{"line":47,"column":15},"end":{"line":47,"column":16}},"loc":{"start":{"line":47,"column":20},"end":{"line":47,"column":42}},"line":47},"17":{"name":"(anonymous_17)","decl":{"start":{"line":48,"column":22},"end":{"line":48,"column":23}},"loc":{"start":{"line":48,"column":27},"end":{"line":48,"column":56}},"line":48},"18":{"name":"(anonymous_18)","decl":{"start":{"line":49,"column":16},"end":{"line":49,"column":17}},"loc":{"start":{"line":49,"column":21},"end":{"line":55,"column":1}},"line":49},"19":{"name":"(anonymous_19)","decl":{"start":{"line":52,"column":18},"end":{"line":52,"column":19}},"loc":{"start":{"line":52,"column":34},"end":{"line":54,"column":3}},"line":52},"20":{"name":"(anonymous_20)","decl":{"start":{"line":56,"column":18},"end":{"line":56,"column":19}},"loc":{"start":{"line":56,"column":23},"end":{"line":62,"column":1}},"line":56},"21":{"name":"(anonymous_21)","decl":{"start":{"line":59,"column":18},"end":{"line":59,"column":19}},"loc":{"start":{"line":59,"column":34},"end":{"line":61,"column":3}},"line":59},"22":{"name":"(anonymous_22)","decl":{"start":{"line":63,"column":15},"end":{"line":63,"column":16}},"loc":{"start":{"line":63,"column":20},"end":{"line":66,"column":1}},"line":63},"23":{"name":"(anonymous_23)","decl":{"start":{"line":67,"column":21},"end":{"line":67,"column":22}},"loc":{"start":{"line":67,"column":26},"end":{"line":70,"column":1}},"line":67},"24":{"name":"(anonymous_24)","decl":{"start":{"line":71,"column":13},"end":{"line":71,"column":14}},"loc":{"start":{"line":71,"column":18},"end":{"line":81,"column":1}},"line":71},"25":{"name":"(anonymous_25)","decl":{"start":{"line":74,"column":20},"end":{"line":74,"column":21}},"loc":{"start":{"line":74,"column":36},"end":{"line":76,"column":3}},"line":74},"26":{"name":"(anonymous_26)","decl":{"start":{"line":77,"column":29},"end":{"line":77,"column":30}},"loc":{"start":{"line":77,"column":45},"end":{"line":79,"column":3}},"line":77},"27":{"name":"(anonymous_27)","decl":{"start":{"line":83,"column":14},"end":{"line":83,"column":15}},"loc":{"start":{"line":83,"column":19},"end":{"line":91,"column":1}},"line":83},"28":{"name":"(anonymous_28)","decl":{"start":{"line":86,"column":20},"end":{"line":86,"column":21}},"loc":{"start":{"line":86,"column":36},"end":{"line":88,"column":3}},"line":86},"29":{"name":"(anonymous_29)","decl":{"start":{"line":92,"column":14},"end":{"line":92,"column":15}},"loc":{"start":{"line":92,"column":19},"end":{"line":100,"column":1}},"line":92},"30":{"name":"(anonymous_30)","decl":{"start":{"line":95,"column":20},"end":{"line":95,"column":21}},"loc":{"start":{"line":95,"column":36},"end":{"line":97,"column":3}},"line":95},"31":{"name":"(anonymous_31)","decl":{"start":{"line":101,"column":14},"end":{"line":101,"column":15}},"loc":{"start":{"line":101,"column":19},"end":{"line":111,"column":1}},"line":101},"32":{"name":"(anonymous_32)","decl":{"start":{"line":104,"column":20},"end":{"line":104,"column":21}},"loc":{"start":{"line":104,"column":36},"end":{"line":106,"column":3}},"line":104},"33":{"name":"(anonymous_33)","decl":{"start":{"line":107,"column":20},"end":{"line":107,"column":21}},"loc":{"start":{"line":107,"column":36},"end":{"line":109,"column":3}},"line":107},"34":{"name":"(anonymous_34)","decl":{"start":{"line":112,"column":28},"end":{"line":112,"column":29}},"loc":{"start":{"line":112,"column":33},"end":{"line":118,"column":1}},"line":112},"35":{"name":"(anonymous_35)","decl":{"start":{"line":124,"column":2},"end":{"line":124,"column":3}},"loc":{"start":{"line":124,"column":22},"end":{"line":128,"column":3}},"line":124},"36":{"name":"(anonymous_36)","decl":{"start":{"line":132,"column":2},"end":{"line":132,"column":3}},"loc":{"start":{"line":132,"column":11},"end":{"line":134,"column":3}},"line":132},"37":{"name":"(anonymous_37)","decl":{"start":{"line":136,"column":2},"end":{"line":136,"column":3}},"loc":{"start":{"line":136,"column":13},"end":{"line":138,"column":3}},"line":136},"38":{"name":"(anonymous_38)","decl":{"start":{"line":152,"column":2},"end":{"line":152,"column":3}},"loc":{"start":{"line":152,"column":33},"end":{"line":163,"column":3}},"line":152},"39":{"name":"(anonymous_39)","decl":{"start":{"line":164,"column":2},"end":{"line":164,"column":3}},"loc":{"start":{"line":164,"column":35},"end":{"line":172,"column":3}},"line":164},"40":{"name":"(anonymous_40)","decl":{"start":{"line":165,"column":42},"end":{"line":165,"column":43}},"loc":{"start":{"line":165,"column":50},"end":{"line":165,"column":64}},"line":165},"41":{"name":"(anonymous_41)","decl":{"start":{"line":173,"column":2},"end":{"line":173,"column":3}},"loc":{"start":{"line":173,"column":29},"end":{"line":181,"column":3}},"line":173},"42":{"name":"(anonymous_42)","decl":{"start":{"line":174,"column":39},"end":{"line":174,"column":40}},"loc":{"start":{"line":174,"column":47},"end":{"line":174,"column":61}},"line":174},"43":{"name":"(anonymous_43)","decl":{"start":{"line":182,"column":2},"end":{"line":182,"column":3}},"loc":{"start":{"line":182,"column":32},"end":{"line":190,"column":3}},"line":182},"44":{"name":"(anonymous_44)","decl":{"start":{"line":183,"column":39},"end":{"line":183,"column":40}},"loc":{"start":{"line":183,"column":47},"end":{"line":183,"column":61}},"line":183},"45":{"name":"(anonymous_45)","decl":{"start":{"line":183,"column":70},"end":{"line":183,"column":71}},"loc":{"start":{"line":183,"column":78},"end":{"line":183,"column":92}},"line":183},"46":{"name":"(anonymous_46)","decl":{"start":{"line":191,"column":2},"end":{"line":191,"column":3}},"loc":{"start":{"line":191,"column":27},"end":{"line":202,"column":3}},"line":191}},"branchMap":{"0":{"loc":{"start":{"line":44,"column":36},"end":{"line":44,"column":49}},"type":"cond-expr","locations":[{"start":{"line":44,"column":44},"end":{"line":44,"column":45}},{"start":{"line":44,"column":48},"end":{"line":44,"column":49}}],"line":44},"1":{"loc":{"start":{"line":45,"column":36},"end":{"line":45,"column":49}},"type":"cond-expr","locations":[{"start":{"line":45,"column":44},"end":{"line":45,"column":45}},{"start":{"line":45,"column":48},"end":{"line":45,"column":49}}],"line":45},"2":{"loc":{"start":{"line":127,"column":21},"end":{"line":127,"column":32}},"type":"binary-expr","locations":[{"start":{"line":127,"column":21},"end":{"line":127,"column":27}},{"start":{"line":127,"column":31},"end":{"line":127,"column":32}}],"line":127},"3":{"loc":{"start":{"line":152,"column":17},"end":{"line":152,"column":23}},"type":"default-arg","locations":[{"start":{"line":152,"column":21},"end":{"line":152,"column":23}}],"line":152},"4":{"loc":{"start":{"line":152,"column":25},"end":{"line":152,"column":31}},"type":"default-arg","locations":[{"start":{"line":152,"column":29},"end":{"line":152,"column":31}}],"line":152},"5":{"loc":{"start":{"line":164,"column":19},"end":{"line":164,"column":25}},"type":"default-arg","locations":[{"start":{"line":164,"column":23},"end":{"line":164,"column":25}}],"line":164},"6":{"loc":{"start":{"line":164,"column":27},"end":{"line":164,"column":33}},"type":"default-arg","locations":[{"start":{"line":164,"column":31},"end":{"line":164,"column":33}}],"line":164},"7":{"loc":{"start":{"line":173,"column":13},"end":{"line":173,"column":19}},"type":"default-arg","locations":[{"start":{"line":173,"column":17},"end":{"line":173,"column":19}}],"line":173},"8":{"loc":{"start":{"line":173,"column":21},"end":{"line":173,"column":27}},"type":"default-arg","locations":[{"start":{"line":173,"column":25},"end":{"line":173,"column":27}}],"line":173},"9":{"loc":{"start":{"line":182,"column":16},"end":{"line":182,"column":22}},"type":"default-arg","locations":[{"start":{"line":182,"column":20},"end":{"line":182,"column":22}}],"line":182},"10":{"loc":{"start":{"line":182,"column":24},"end":{"line":182,"column":30}},"type":"default-arg","locations":[{"start":{"line":182,"column":28},"end":{"line":182,"column":30}}],"line":182},"11":{"loc":{"start":{"line":191,"column":11},"end":{"line":191,"column":17}},"type":"default-arg","locations":[{"start":{"line":191,"column":15},"end":{"line":191,"column":17}}],"line":191},"12":{"loc":{"start":{"line":191,"column":19},"end":{"line":191,"column":25}},"type":"default-arg","locations":[{"start":{"line":191,"column":23},"end":{"line":191,"column":25}}],"line":191}},"s":{"0":0,"1":0,"2":0,"3":0,"4":0,"5":0,"6":0,"7":0,"8":0,"9":0,"10":0,"11":0,"12":0,"13":0,"14":0,"15":0,"16":0,"17":0,"18":0,"19":0,"20":0,"21":0,"22":0,"23":0,"24":0,"25":0,"26":0,"27":0,"28":0,"29":0,"30":0,"31":0,"32":0,"33":0,"34":0,"35":0,"36":0,"37":0,"38":0,"39":0,"40":0,"41":0,"42":0,"43":0,"44":0,"45":0,"46":0,"47":0,"48":0,"49":0,"50":0,"51":0,"52":0,"53":0,"54":0,"55":0,"56":0,"57":0,"58":0,"59":0,"60":0,"61":0,"62":0,"63":0,"64":0,"65":0,"66":0,"67":0,"68":0,"69":0,"70":0,"71":0,"72":0,"73":0,"74":0,"75":0,"76":0,"77":0,"78":0,"79":0,"80":0,"81":0,"82":0,"83":0,"84":0,"85":0,"86":0,"87":0,"88":0,"89":0,"90":0,"91":0,"92":0,"93":0,"94":0,"95":0,"96":0,"97":0,"98":0,"99":0,"100":0,"101":0,"102":0,"103":0,"104":0,"105":0,"106":0,"107":0,"108":0,"109":0,"110":0,"111":0,"112":0,"113":0,"114":0,"115":0,"116":0,"117":0,"118":0},"f":{"0":0,"1":0,"2":0,"3":0,"4":0,"5":0,"6":0,"7":0,"8":0,"9":0,"10":0,"11":0,"12":0,"13":0,"14":0,"15":0,"16":0,"17":0,"18":0,"19":0,"20":0,"21":0,"22":0,"23":0,"24":0,"25":0,"26":0,"27":0,"28":0,"29":0,"30":0,"31":0,"32":0,"33":0,"34":0,"35":0,"36":0,"37":0,"38":0,"39":0,"40":0,"41":0,"42":0,"43":0,"44":0,"45":0,"46":0},"b":{"0":[0,0],"1":[0,0],"2":[0,0],"3":[0],"4":[0],"5":[0],"6":[0],"7":[0],"8":[0],"9":[0],"10":[0],"11":[0],"12":[0]}},"C:\\project\\meeko\\lib\\reg.js":{"path":"C:\\project\\meeko\\lib\\reg.js","statementMap":{"0":{"start":{"line":1,"column":10},"end":{"line":1,"column":27}},"1":{"start":{"line":3,"column":10},"end":{"line":5,"column":1}},"2":{"start":{"line":4,"column":2},"end":{"line":4,"column":45}},"3":{"start":{"line":7,"column":0},"end":{"line":7,"column":13}},"4":{"start":{"line":8,"column":0},"end":{"line":10,"column":1}}},"fnMap":{"0":{"name":"(anonymous_0)","decl":{"start":{"line":3,"column":10},"end":{"line":3,"column":11}},"loc":{"start":{"line":3,"column":15},"end":{"line":5,"column":1}},"line":3}},"branchMap":{},"s":{"0":0,"1":0,"2":0,"3":0,"4":0},"f":{"0":0},"b":{}},"C:\\project\\meeko\\lib\\reg\\handler.js":{"path":"C:\\project\\meeko\\lib\\reg\\handler.js","statementMap":{"0":{"start":{"line":56,"column":11},"end":{"line":56,"column":28}},"1":{"start":{"line":57,"column":13},"end":{"line":57,"column":33}},"2":{"start":{"line":61,"column":14},"end":{"line":63,"column":1}},"3":{"start":{"line":106,"column":12},"end":{"line":106,"column":26}},"4":{"start":{"line":107,"column":12},"end":{"line":107,"column":25}},"5":{"start":{"line":108,"column":13},"end":{"line":108,"column":26}},"6":{"start":{"line":109,"column":12},"end":{"line":109,"column":75}},"7":{"start":{"line":110,"column":16},"end":{"line":110,"column":30}},"8":{"start":{"line":111,"column":12},"end":{"line":111,"column":43}},"9":{"start":{"line":112,"column":24},"end":{"line":125,"column":1}},"10":{"start":{"line":117,"column":17},"end":{"line":117,"column":26}},"11":{"start":{"line":118,"column":4},"end":{"line":120,"column":5}},"12":{"start":{"line":118,"column":17},"end":{"line":118,"column":18}},"13":{"start":{"line":119,"column":6},"end":{"line":119,"column":43}},"14":{"start":{"line":121,"column":4},"end":{"line":121,"column":17}},"15":{"start":{"line":128,"column":15},"end":{"line":128,"column":17}},"16":{"start":{"line":129,"column":2},"end":{"line":131,"column":3}},"17":{"start":{"line":129,"column":15},"end":{"line":129,"column":19}},"18":{"start":{"line":130,"column":4},"end":{"line":130,"column":36}},"19":{"start":{"line":132,"column":2},"end":{"line":132,"column":15}},"20":{"start":{"line":136,"column":0},"end":{"line":142,"column":1}},"21":{"start":{"line":137,"column":2},"end":{"line":139,"column":3}},"22":{"start":{"line":140,"column":2},"end":{"line":141,"column":40}},"23":{"start":{"line":144,"column":0},"end":{"line":391,"column":2}},"24":{"start":{"line":147,"column":4},"end":{"line":196,"column":5}},"25":{"start":{"line":150,"column":8},"end":{"line":150,"column":17}},"26":{"start":{"line":152,"column":8},"end":{"line":152,"column":33}},"27":{"start":{"line":154,"column":8},"end":{"line":154,"column":17}},"28":{"start":{"line":156,"column":8},"end":{"line":156,"column":17}},"29":{"start":{"line":158,"column":8},"end":{"line":158,"column":13}},"30":{"start":{"line":160,"column":8},"end":{"line":162,"column":9}},"31":{"start":{"line":164,"column":8},"end":{"line":166,"column":9}},"32":{"start":{"line":168,"column":8},"end":{"line":168,"column":13}},"33":{"start":{"line":170,"column":8},"end":{"line":170,"column":37}},"34":{"start":{"line":172,"column":8},"end":{"line":172,"column":13}},"35":{"start":{"line":174,"column":8},"end":{"line":176,"column":9}},"36":{"start":{"line":178,"column":8},"end":{"line":180,"column":9}},"37":{"start":{"line":182,"column":8},"end":{"line":184,"column":9}},"38":{"start":{"line":186,"column":8},"end":{"line":186,"column":13}},"39":{"start":{"line":188,"column":8},"end":{"line":188,"column":13}},"40":{"start":{"line":191,"column":8},"end":{"line":193,"column":9}},"41":{"start":{"line":195,"column":8},"end":{"line":195,"column":13}},"42":{"start":{"line":197,"column":4},"end":{"line":197,"column":33}},"43":{"start":{"line":214,"column":4},"end":{"line":218,"column":5}},"44":{"start":{"line":229,"column":4},"end":{"line":229,"column":15}},"45":{"start":{"line":231,"column":4},"end":{"line":233,"column":5}},"46":{"start":{"line":231,"column":17},"end":{"line":231,"column":18}},"47":{"start":{"line":232,"column":6},"end":{"line":232,"column":53}},"48":{"start":{"line":234,"column":4},"end":{"line":234,"column":17}},"49":{"start":{"line":239,"column":4},"end":{"line":239,"column":47}},"50":{"start":{"line":240,"column":4},"end":{"line":240,"column":32}},"51":{"start":{"line":241,"column":4},"end":{"line":241,"column":17}},"52":{"start":{"line":246,"column":4},"end":{"line":246,"column":45}},"53":{"start":{"line":251,"column":4},"end":{"line":251,"column":45}},"54":{"start":{"line":256,"column":4},"end":{"line":256,"column":13}},"55":{"start":{"line":281,"column":4},"end":{"line":281,"column":15}},"56":{"start":{"line":283,"column":16},"end":{"line":283,"column":48}},"57":{"start":{"line":285,"column":4},"end":{"line":287,"colu
[...]
umn":16},"end":{"line":153,"column":17}},"loc":{"start":{"line":153,"column":28},"end":{"line":157,"column":3}},"line":153}},"branchMap":{},"s":{"0":0,"1":0,"2":0,"3":0,"4":0,"5":0,"6":0,"7":0,"8":0,"9":0,"10":0,"11":0,"12":0,"13":0,"14":0,"15":0,"16":0,"17":0,"18":0,"19":0,"20":0,"21":0,"22":0,"23":0,"24":0,"25":0,"26":0,"27":0,"28":0,"29":0,"30":0,"31":0,"32":0,"33":0,"34":0,"35":0,"36":0,"37":0,"38":0,"39":0,"40":0,"41":0,"42":0,"43":0,"44":0,"45":0,"46":0,"47":0,"48":0,"49":0,"50":0,"51":0,"52":0,"53":0,"54":0,"55":0,"56":0,"57":0,"58":0,"59":0,"60":0,"61":0,"62":0,"63":0,"64":0,"65":0,"66":0,"67":0,"68":0,"69":0,"70":0,"71":0,"72":0,"73":0,"74":0,"75":0,"76":0,"77":0,"78":0,"79":0,"80":0,"81":0,"82":0,"83":0,"84":0,"85":0,"86":0,"87":0,"88":0,"89":0,"90":0,"91":0,"92":0,"93":0,"94":0,"95":0,"96":0,"97":0,"98":0,"99":0,"100":0,"101":0,"102":0,"103":0,"104":0,"105":0,"106":0,"107":0,"108":0,"109":0,"110":0,"111":0,"112":0},"f":{"0":0,"1":0,"2":0,"3":0,"4":0,"5":0,"6":0,"7":0,"8":0,"9":0,"10":0,"11":0,"12":0,"13":0,"14":0,"15":0,"16":0,"17":0,"18":0,"19":0,"20":0,"21":0,"22":0,"23":0,"24":0,"25":0,"26":0,"27":0,"28":0,"29":0,"30":0,"31":0,"32":0,"33":0,"34":0,"35":0,"36":0,"37":0},"b":{}},"C:\\project\\meeko\\tests\\5_array.js":{"path":"C:\\project\\meeko\\tests\\5_array.js","statementMap":{"0":{"start":{"line":5,"column":8},"end":{"line":5,"column":27}},"1":{"start":{"line":6,"column":13},"end":{"line":6,"column":30}},"2":{"start":{"line":8,"column":0},"end":{"line":90,"column":2}},"3":{"start":{"line":9,"column":2},"end":{"line":11,"column":4}},"4":{"start":{"line":10,"column":4},"end":{"line":10,"column":40}},"5":{"start":{"line":12,"column":2},"end":{"line":14,"column":4}},"6":{"start":{"line":13,"column":4},"end":{"line":13,"column":107}},"7":{"start":{"line":15,"column":2},"end":{"line":17,"column":4}},"8":{"start":{"line":16,"column":4},"end":{"line":16,"column":85}},"9":{"start":{"line":18,"column":2},"end":{"line":23,"column":4}},"10":{"start":{"line":19,"column":4},"end":{"line":19,"column":217}},"11":{"start":{"line":20,"column":4},"end":{"line":20,"column":210}},"12":{"start":{"line":21,"column":4},"end":{"line":21,"column":200}},"13":{"start":{"line":22,"column":4},"end":{"line":22,"column":201}},"14":{"start":{"line":24,"column":2},"end":{"line":37,"column":4}},"15":{"start":{"line":25,"column":12},"end":{"line":25,"column":23}},"16":{"start":{"line":26,"column":4},"end":{"line":26,"column":32}},"17":{"start":{"line":27,"column":4},"end":{"line":27,"column":21}},"18":{"start":{"line":28,"column":4},"end":{"line":28,"column":31}},"19":{"start":{"line":29,"column":4},"end":{"line":29,"column":22}},"20":{"start":{"line":30,"column":4},"end":{"line":30,"column":32}},"21":{"start":{"line":31,"column":4},"end":{"line":31,"column":27}},"22":{"start":{"line":32,"column":4},"end":{"line":32,"column":32}},"23":{"start":{"line":33,"column":4},"end":{"line":33,"column":41}},"24":{"start":{"line":34,"column":4},"end":{"line":34,"column":31}},"25":{"start":{"line":35,"column":4},"end":{"line":35,"column":31}},"26":{"start":{"line":36,"column":4},"end":{"line":36,"column":31}},"27":{"start":{"line":38,"column":2},"end":{"line":41,"column":4}},"28":{"start":{"line":39,"column":12},"end":{"line":39,"column":81}},"29":{"start":{"line":40,"column":4},"end":{"line":40,"column":72}},"30":{"start":{"line":42,"column":2},"end":{"line":49,"column":4}},"31":{"start":{"line":43,"column":12},"end":{"line":43,"column":163}},"32":{"start":{"line":44,"column":4},"end":{"line":44,"column":98}},"33":{"start":{"line":45,"column":4},"end":{"line":45,"column":95}},"34":{"start":{"line":46,"column":4},"end":{"line":46,"column":42}},"35":{"start":{"line":47,"column":4},"end":{"line":47,"column":38}},"36":{"start":{"line":48,"column":4},"end":{"line":48,"column":43}},"37":{"start":{"line":50,"column":2},"end":{"line":57,"column":4}},"38":{"start":{"line":51,"column":12},"end":{"line":51,"column":140}},"39":{"start":{"line":52,"column":4},"end":{"line":52,"column":99}},"40":{"start":{"line":53,"column":4},"end":{"line":53,"column":84}},"41":{"start":{"line":54,"column":4},"end":{"line":54,"column":89}},"42":{"start":{"line":55,"column":4},"end":{"line":55,"column":34}},"43":{"start":{"line":56,"column":4},"end":{"line":56,"column":55}},"44":{"start":{"line":58,"column":2},"end":{"line":67,"column":4}},"45":{"start":{"line":59,"column":12},"end":{"line":59,"column":42}},"46":{"start":{"line":60,"column":4},"end":{"line":60,"column":46}},"47":{"start":{"line":61,"column":4},"end":{"line":61,"column":38}},"48":{"start":{"line":62,"column":4},"end":{"line":62,"column":43}},"49":{"start":{"line":63,"column":4},"end":{"line":63,"column":26}},"50":{"start":{"line":64,"column":4},"end":{"line":64,"column":49}},"51":{"start":{"line":65,"column":4},"end":{"line":65,"column":137}},"52":{"start":{"line":66,"column":4},"end":{"line":66,"column":45}},"53":{"start":{"line":68,"column":2},"end":{"line":77,"column":4}},"54":{"start":{"line":69,"column":12},"end":{"line":69,"column":107}},"55":{"start":{"line":70,"column":4},"end":{"line":70,"column":31}},"56":{"start":{"line":71,"column":4},"end":{"line":71,"column":85}},"57":{"start":{"line":72,"column":4},"end":{"line":72,"column":32}},"58":{"start":{"line":73,"column":4},"end":{"line":73,"column":96}},"59":{"start":{"line":74,"column":4},"end":{"line":74,"column":32}},"60":{"start":{"line":75,"column":4},"end":{"line":75,"column":121}},"61":{"start":{"line":76,"column":4},"end":{"line":76,"column":31}},"62":{"start":{"line":78,"column":2},"end":{"line":80,"column":4}},"63":{"start":{"line":79,"column":4},"end":{"line":79,"column":49}},"64":{"start":{"line":81,"column":2},"end":{"line":85,"column":4}},"65":{"start":{"line":82,"column":4},"end":{"line":82,"column":56}},"66":{"start":{"line":83,"column":4},"end":{"line":83,"column":51}},"67":{"start":{"line":84,"column":4},"end":{"line":84,"column":38}},"68":{"start":{"line":86,"column":2},"end":{"line":89,"column":4}},"69":{"start":{"line":87,"column":4},"end":{"line":87,"column":54}},"70":{"start":{"line":88,"column":4},"end":{"line":88,"column":58}}},"fnMap":{"0":{"name":"(anonymous_0)","decl":{"start":{"line":8,"column":27},"end":{"line":8,"column":28}},"loc":{"start":{"line":8,"column":39},"end":{"line":90,"column":1}},"line":8},"1":{"name":"(anonymous_1)","decl":{"start":{"line":9,"column":13},"end":{"line":9,"column":14}},"loc":{"start":{"line":9,"column":25},"end":{"line":11,"column":3}},"line":9},"2":{"name":"(anonymous_2)","decl":{"start":{"line":12,"column":14},"end":{"line":12,"column":15}},"loc":{"start":{"line":12,"column":26},"end":{"line":14,"column":3}},"line":12},"3":{"name":"(anonymous_3)","decl":{"start":{"line":15,"column":16},"end":{"line":15,"column":17}},"loc":{"start":{"line":15,"column":28},"end":{"line":17,"column":3}},"line":15},"4":{"name":"(anonymous_4)","decl":{"start":{"line":18,"column":16},"end":{"line":18,"column":17}},"loc":{"start":{"line":18,"column":28},"end":{"line":23,"column":3}},"line":18},"5":{"name":"(anonymous_5)","decl":{"start":{"line":24,"column":15},"end":{"line":24,"column":16}},"loc":{"start":{"line":24,"column":27},"end":{"line":37,"column":3}},"line":24},"6":{"name":"(anonymous_6)","decl":{"start":{"line":38,"column":15},"end":{"line":38,"column":16}},"loc":{"start":{"line":38,"column":27},"end":{"line":41,"column":3}},"line":38},"7":{"name":"(anonymous_7)","decl":{"start":{"line":42,"column":18},"end":{"line":42,"column":19}},"loc":{"start":{"line":42,"column":30},"end":{"line":49,"column":3}},"line":42},"8":{"name":"(anonymous_8)","decl":{"start":{"line":50,"column":14},"end":{"line":50,"column":15}},"loc":{"start":{"line":50,"column":26},"end":{"line":57,"column":3}},"line":50},"9":{"name":"(anonymous_9)","decl":{"start":{"line":58,"column":15},"end":{"line":58,"column":16}},"loc":{"start":{"line":58,"column":27},"end":{"line":67,"column":3}},"line":58},"10":{"name":"(anonymous_10)","decl":{"start":{"line":68,"column":15},"end":{"line":68,"column":16}},"loc":{"start":{"line":68,"column":27},"end":{"line":77,"column":3}},"line":68},"11":{"name":"(anonymous_11)","decl":{"start":{"line":78,"column":13},"end":{"line":78,"column":14}},"loc":{"start":{"line":78,"column":25},"end":{"line":80,"column":3}},"line":78},"12":{"name":"(anonymous_12)","decl":{"start":{"line":81,"column":15},"end":{"line":81,"column":16}},"loc":{"start":{"line":81,"column":27},"end":{"line":85,"column":3}},"line":81},"13":{"name":"(anonymous_13)","decl":{"start":{"line":86,"column":15},"end":{"line":86,"column":16}},"loc":{"start":{"line":86,"column":27},"end":{"line":89,"column":3}},"line":86}},"branchMap":{},"s":{"0":0,"1":0,"2":0,"3":0,"4":0,"5":0,"6":0,"7":0,"8":0,"9":0,"10":0,"11":0,"12":0,"13":0,"14":0,"15":0,"16":0,"17":0,"18":0,"19":0,"20":0,"21":0,"22":0,"23":0,"24":0,"25":0,"26":0,"27":0,"28":0,"29":0,"30":0,"31":0,"32":0,"33":0,"34":0,"35":0,"36":0,"37":0,"38":0,"39":0,"40":0,"41":0,"42":0,"43":0,"44":0,"45":0,"46":0,"47":0,"48":0,"49":0,"50":0,"51":0,"52":0,"53":0,"54":0,"55":0,"56":0,"57":0,"58":0,"59":0,"60":0,"61":0,"62":0,"63":0,"64":0,"65":0,"66":0,"67":0,"68":0,"69":0,"70":0},"f":{"0":0,"1":0,"2":0,"3":0,"4":0,"5":0,"6":0,"7":0,"8":0,"9":0,"10":0,"11":0,"12":0,"13":0},"b":{}},"C:\\project\\meeko\\tests\\6_math.js":{"path":"C:\\project\\meeko\\tests\\6_math.js","statementMap":{"0":{"start":{"line":4,"column":8},"end":{"line":4,"column":27}},"1":{"start":{"line":5,"column":13},"end":{"line":5,"column":30}},"2":{"start":{"line":7,"column":0},"end":{"line":98,"column":2}},"3":{"start":{"line":8,"column":10},"end":{"line":8,"column":37}},"4":{"start":{"line":9,"column":2},"end":{"line":12,"column":4}},"5":{"start":{"line":10,"column":4},"end":{"line":10,"column":64}},"6":{"start":{"line":11,"column":4},"end":{"line":11,"column":64}},"7":{"start":{"line":13,"column":2},"end":{"line":15,"column":3}},"8":{"start":{"line":14,"column":4},"end":{"line":14,"column":62}},"9":{"start":{"line":16,"column":2},"end":{"line":18,"column":3}},"10":{"start":{"line":17,"column":4},"end":{"line":17,"column":62}},"11":{"start":{"line":20,"column":2},"end":{"line":22,"column":3}},"12":{"start":{"line":21,"column":4},"end":{"line":21,"column":61}},"13":{"start":{"line":23,"column":2},"end":{"line":25,"column":3}},"14":{"start":{"line":24,"column":4},"end":{"line":24,"column":62}},"15":{"start":{"line":26,"column":2},"end":{"line":28,"column":3}},"16":{"start":{"line":27,"column":4},"end":{"line":27,"column":40}},"17":{"start":{"line":29,"column":2},"end":{"line":31,"column":3}},"18":{"start":{"line":30,"column":4},"end":{"line":30,"column":42}},"19":{"start":{"line":32,"column":2},"end":{"line":34,"column":3}},"20":{"start":{"line":33,"column":4},"end":{"line":33,"column":44}},"21":{"start":{"line":35,"column":2},"end":{"line":39,"column":4}},"22":{"start":{"line":36,"column":4},"end":{"line":36,"column":43}},"23":{"start":{"line":37,"column":4},"end":{"line":37,"column":57}},"24":{"start":{"line":38,"column":4},"end":{"line":38,"column":44}},"25":{"start":{"line":40,"column":2},"end":{"line":42,"column":3}},"26":{"start":{"line":41,"column":4},"end":{"line":41,"column":65}},"27":{"start":{"line":43,"column":2},"end":{"line":46,"column":4}},"28":{"start":{"line":44,"column":4},"end":{"line":44,"column":63}},"29":{"start":{"line":45,"column":4},"end":{"line":45,"column":74}},"30":{"start":{"line":47,"column":2},"end":{"line":49,"column":3}},"31":{"start":{"line":48,"column":4},"end":{"line":48,"column":72}},"32":{"start":{"line":50,"column":2},"end":{"line":52,"column":3}},"33":{"start":{"line":51,"column":4},"end":{"line":51,"column":70}},"34":{"start":{"line":53,"column":2},"end":{"line":55,"column":3}},"35":{"start":{"line":54,"column":4},"end":{"line":54,"column":64}},"36":{"start":{"line":56,"column":2},"end":{"line":58,"column":3}},"37":{"start":{"line":57,"column":4},"end":{"line":57,"column":66}},"38":{"start":{"line":59,"column":2},"end":{"line":61,"column":3}},"39":{"start":{"line":60,"column":4},"end":{"line":60,"column":63}},"40":{"start":{"line":62,"column":2},"end":{"line":64,"column":3}},"41":{"start":{"line":63,"column":4},"end":{"line":63,"column":69}},"42":{"start":{"line":65,"column":2},"end":{"line":67,"column":3}},"43":{"start":{"line":66,"column":4},"end":{"line":66,"column":131}},"44":{"start":{"line":75,"column":12},"end":{"line":75,"column":90}},"45":{"start":{"line":76,"column":2},"end":{"line":78,"column":3}},"46":{"start":{"line":77,"column":4},"end":{"line":77,"column":153}},"47":{"start":{"line":80,"column":13},"end":{"line":80,"column":93}},"48":{"start":{"line":81,"column":2},"end":{"line":83,"column":3}},"49":{"start":{"line":82,"column":4},"end":{"line":82,"column":159}},"50":{"start":{"line":85,"column":13},"end":{"line":85,"column":87}},"51":{"start":{"line":86,"column":2},"end":{"line":88,"column":3}},"52":{"start":{"line":87,"column":4},"end":{"line":87,"column":155}},"53":{"start":{"line":90,"column":13},"end":{"line":90,"column":90}},"54":{"start":{"line":91,"column":2},"end":{"line":93,"column":3}},"55":{"start":{"line":92,"column":4},"end":{"line":92,"column":155}},"56":{"start":{"line":94,"column":13},"end":{"line":94,"column":189}},"57":{"start":{"line":95,"column":2},"end":{"line":97,"column":3}},"58":{"start":{"line":96,"column":4},"end":{"line":96,"column":48}},"59":{"start":{"line":100,"column":0},"end":{"line":114,"column":2}},"60":{"start":{"line":101,"column":10},"end":{"line":101,"column":34}},"61":{"start":{"line":102,"column":2},"end":{"line":104,"column":3}},"62":{"start":{"line":103,"column":4},"end":{"line":103,"column":61}},"63":{"start":{"line":105,"column":2},"end":{"line":107,"column":3}},"64":{"start":{"line":106,"column":4},"end":{"line":106,"column":60}},"65":{"start":{"line":108,"column":2},"end":{"line":110,"column":3}},"66":{"start":{"line":109,"column":4},"end":{"line":109,"column":59}},"67":{"start":{"line":111,"column":2},"end":{"line":113,"column":3}},"68":{"start":{"line":112,"column":4},"end":{"line":112,"column":60}}},"fnMap":{"0":{"name":"(anonymous_0)","decl":{"start":{"line":7,"column":26},"end":{"line":7,"column":27}},"loc":{"start":{"line":7,"column":32},"end":{"line":98,"column":1}},"line":7},"1":{"name":"(anonymous_1)","decl":{"start":{"line":9,"column":14},"end":{"line":9,"column":15}},"loc":{"start":{"line":9,"column":20},"end":{"line":12,"column":3}},"line":9},"2":{"name":"(anonymous_2)","decl":{"start":{"line":13,"column":29},"end":{"line":13,"column":30}},"loc":{"start":{"line":14,"column":4},"end":{"line":14,"column":62}},"line":14},"3":{"name":"(anonymous_3)","decl":{"start":{"line":16,"column":29},"end":{"line":16,"column":30}},"loc":{"start":{"line":17,"column":4},"end":{"line":17,"column":62}},"line":17},"4":{"name":"(anonymous_4)","decl":{"start":{"line":20,"column":30},"end":{"line":20,"column":31}},"loc":{"start":{"line":21,"column":4},"end":{"line":21,"column":61}},"line":21},"5":{"name":"(anonymous_5)","decl":{"start":{"line":23,"column":29},"end":{"line":23,"column":30}},"loc":{"start":{"line":24,"column":4},"end":{"line":24,"column":62}},"line":24},"6":{"name":"(anonymous_6)","decl":{"start":{"line":26,"column":15},"end":{"line":26,"column":16}},"loc":{"start":{"line":27,"column":4},"end":{"line":27,"column":40}},"line":27},"7":{"name":"(anonymous_7)","decl":{"start":{"line":29,"column":15},"end":{"line":29,"column":16}},"loc":{"start":{"line":30,"column":4},"end":{"line":30,"column":42}},"line":30},"8":{"name":"(anonymous_8)","decl":{"start":{"line":32,"column":17},"end":{"line":32,"column":18}},"loc":{"start":{"line":33,"column":4},"end":{"line":33,"column":44}},"line":33},"9":{"name":"(anonymous_9)","decl":{"start":{"line":35,"column":21},"end":{"line":35,"column":22}},"loc":{"start":{"line":35,"column":27},"end":{"line":39,"column":3}},"line":35},"10":{"name":"(anonymous_10)","decl":{"start":{"line":40,"column":29},"end":{"line":40,"column":30}},"loc":{"start":{"line":41,"column":4},"end":{"line":41,"column":65}},"line":41},"11":{"name":"(anonymous_11)","decl":{"start":{"line":43,"column":43},"end":{"line":43,"column":44}},"loc":{"start":{"line":43,"column":49},"end":{"line":46,"column":3}},"line":43},"12":{"name":"(anonymous_12)","decl":{"start":{"line":47,"column":42},"end":{"line":47,"column":43}},"loc":{"start":{"line":48,"column":4},"end":{"line":48,"column":72}},"line":48},"13":{"name":"(anonymous_13)","decl":{"start":{"line":50,"column":45},"end":{"line":50,"column":46}},"loc":{"start":{"line":51,"column":4},"end":{"line":51,"column":70}},"line":51},"14":{"name":"(anonymous_14)","decl":{"start":{"line":53,"column":37},"end":{"line":53,"column":38}},"loc":{"start":{"line":54,"column":4},"end":{"line":54,"column":64}},"line":54},"15":{"name":"(anonymous_15)","decl":{"start":{"line":56,"column":33},"end":{"line":56,"column":34}},"loc":{"start":{"line":57,"column":4},"end":{"line":57,"column":66}},"line":57},"16":{"name":"(anonymous_16)","decl":{"start":{"line":59,"column":37},"end":{"line":59,"column":38}},"loc":{"start":{"line":60,"column":4},"end":{"line":60,"column":63}},"line":60},"17":{"name":"(anonymous_17)","decl":{"start":{"line":62,"column":52},"end":{"line":62,"column":53}},"loc":{"start":{"line":63,"column":4},"end":{"line":63,"column":69}},"line":63},"18":{"name":"(anonymous_18)","decl":{"start":{"line":65,"column":34},"end":{"line":65,"column":35}},"loc":{"start":{"line":66,"column":4},"end":{"line":66,"column":131}},"line":66},"19":{"name":"(anonymous_19)","decl":{"start":{"line":76,"column":31},"end":{"line":76,"column":32}},"loc":{"start":{"line":77,"column":4},"end":{"line":77,"column":153}},"line":77},"20":{"name":"(anonymous_20)","decl":{"start":{"line":81,"column":34},"end":{"line":81,"column":35}},"loc":{"start":{"line":82,"column":4},"end":{"line":82,"column":159}},"line":82},"21":{"name":"(anonymous_21)","decl":{"start":{"line":86,"column":28},"end":{"line":86,"column":29}},"loc":{"start":{"line":87,"column":4},"end":{"line":87,"column":155}},"line":87},"22":{"name":"(anonymous_22)","decl":{"start":{"line":91,"column":31},"end":{"line":91,"column":32}},"loc":{"start":{"line":92,"column":4},"end":{"line":92,"column":155}},"line":92},"23":{"name":"(anonymous_23)","decl":{"start":{"line":95,"column":20},"end":{"line":95,"column":21}},"loc":{"start":{"line":96,"column":4},"end":{"line":96,"column":48}},"line":96},"24":{"name":"(anonymous_24)","decl":{"start":{"line":100,"column":30},"end":{"line":100,"column":31}},"loc":{"start":{"line":100,"column":36},"end":{"line":114,"column":1}},"line":100},"25":{"name":"(anonymous_25)","decl":{"start":{"line":102,"column":44},"end":{"line":102,"column":45}},"loc":{"start":{"line":103,"column":4},"end":{"line":103,"column":61}},"line":103},"26":{"name":"(anonymous_26)","decl":{"start":{"line":105,"column":89},"end":{"line":105,"column":90}},"loc":{"start":{"line":106,"column":4},"end":{"line":106,"column":60}},"line":106},"27":{"name":"(anonymous_27)","decl":{"start":{"line":108,"column":50},"end":{"line":108,"column":51}},"loc":{"start":{"line":109,"column":4},"end":{"line":109,"column":59}},"line":109},"28":{"name":"(anonymous_28)","decl":{"start":{"line":111,"column":50},"end":{"line":111,"column":51}},"loc":{"start":{"line":112,"column":4},"end":{"line":112,"column":60}},"line":112}},"branchMap":{},"s":{"0":0,"1":0,"2":0,"3":0,"4":0,"5":0,"6":0,"7":0,"8":0,"9":0,"10":0,"11":0,"12":0,"13":0,"14":0,"15":0,"16":0,"17":0,"18":0,"19":0,"20":0,"21":0,"22":0,"23":0,"24":0,"25":0,"26":0,"27":0,"28":0,"29":0,"30":0,"31":0,"32":0,"33":0,"34":0,"35":0,"36":0,"37":0,"38":0,"39":0,"40":0,"41":0,"42":0,"43":0,"44":0,"45":0,"46":0,"47":0,"48":0,"49":0,"50":0,"51":0,"52":0,"53":0,"54":0,"55":0,"56":0,"57":0,"58":0,"59":0,"60":0,"61":0,"62":0,"63":0,"64":0,"65":0,"66":0,"67":0,"68":0},"f":{"0":0,"1":0,"2":0,"3":0,"4":0,"5":0,"6":0,"7":0,"8":0,"9":0,"10":0,"11":0,"12":0,"13":0,"14":0,"15":0,"16":0,"17":0,"18":0,"19":0,"20":0,"21":0,"22":0,"23":0,"24":0,"25":0,"26":0,"27":0,"28":0},"b":{}}}